#
# A fatal error has been detected by the Java Runtime Environment:
#
#  EXCEPTION_ACCESS_VIOLATION (0xc0000005) at pc=0x00007ff916d863b7, pid=21296, tid=10616
#
# JRE version: OpenJDK Runtime Environment (19.0+36) (build 19+36-2238)
# Java VM: OpenJDK 64-Bit Server VM (19+36-2238, mixed mode, sharing, tiered, compressed oops, compressed class ptrs, g1 gc, windows-amd64)
# Problematic frame:
# C  [glass.dll+0x263b7]
#
# No core dump will be written. Minidumps are not enabled by default on client versions of Windows
#
# If you would like to submit a bug report, please visit:
#   https://bugreport.java.com/bugreport/crash.jsp
#

---------------  S U M M A R Y ------------

Command Line: -javaagent:C:\Program Files\JetBrains\IntelliJ IDEA 2022.2.2\lib\idea_rt.jar=1031:C:\Program Files\JetBrains\IntelliJ IDEA 2022.2.2\bin -Dfile.encoding=UTF-8 -Dsun.stdout.encoding=UTF-8 -Dsun.stderr.encoding=UTF-8 --module-path=D:\Курсовая (5 семестр)\InternetCommerce\target\classes;C:\Users\Lenovo\.m2\repository\org\openjfx\javafx-controls\19-ea+7\javafx-controls-19-ea+7-win.jar;C:\Program Files\Java\postgresql-42.5.0.jar;C:\Users\Lenovo\.m2\repository\org\openjfx\javafx-base\19-ea+7\javafx-base-19-ea+7-win.jar;C:\Users\Lenovo\.m2\repository\org\openjfx\javafx-graphics\19-ea+7\javafx-graphics-19-ea+7-win.jar;C:\Users\Lenovo\.m2\repository\org\openjfx\javafx-fxml\19-ea+7\javafx-fxml-19-ea+7-win.jar -Djdk.module.main=com.example.internetcommerce com.example.internetcommerce/com.example.internetcommerce.client.Client

Host: AMD Ryzen 5 3500U with Radeon Vega Mobile Gfx  , 8 cores, 5G,  Windows 10 , 64 bit Build 18362 (10.0.18362.1500)
Time: Tue Nov 22 16:24:24 2022 RTZ 2 (зима) elapsed time: 75.682498 seconds (0d 0h 1m 15s)

---------------  T H R E A D  ---------------

Current thread (0x000001cfcf80baa0):  VMThread "VM Thread" [stack: 0x000000491af00000,0x000000491b000000] [id=10616]

Stack: [0x000000491af00000,0x000000491b000000],  sp=0x000000491afff410,  free space=1021k
Native frames: (J=compiled Java code, j=interpreted, Vv=VM code, C=native code)
C  [glass.dll+0x263b7]


siginfo: EXCEPTION_ACCESS_VIOLATION (0xc0000005), reading address 0x0000000000000000


Registers:
RAX=0x0000000000000000, RBX=0x000001cfcf810fe8, RCX=0x000001cfcf80baa0, RDX=0x000000491afff410
RSP=0x000000491afff410, RBP=0x000001cfcf8191f8, RSI=0x000001cfcf8191d0, RDI=0x0000b08b5bba39e3
R8 =0x0000000000010002, R9 =0x0000b08b5bba39e3, R10=0x0000000000008000, R11=0x000000491afff3a0
R12=0x00007ff916d83cf0, R13=0x00007ff8c4da72a0, R14=0x000000491afff508, R15=0x000001cfcf8191d0
RIP=0x00007ff916d863b7, EFLAGS=0x0000000000010202


Register to memory mapping:

RIP=0x00007ff916d863b7 glass.dll
RAX=0x0 is NULL
RBX=0x000001cfcf810fe8 is a global jni handle
RCX=0x000001cfcf80baa0 points into unknown readable memory: 0x00007ff8c4bb45d8 | d8 45 bb c4 f8 7f 00 00
RDX=0x000000491afff410 points into unknown readable memory: 0x0000000000000000 | 00 00 00 00 00 00 00 00
RSP=0x000000491afff410 points into unknown readable memory: 0x0000000000000000 | 00 00 00 00 00 00 00 00
RBP=0x000001cfcf8191f8 points into unknown readable memory: 0x0000b08b5bba39e3 | e3 39 ba 5b 8b b0 00 00
RSI=0x000001cfcf8191d0 points into unknown readable memory: 0xb6c170cb5bb9c62b | 2b c6 b9 5b cb 70 c1 b6
RDI=0x0000b08b5bba39e3 is an unknown value
R8 =0x0000000000010002 is an unknown value
R9 =0x0000b08b5bba39e3 is an unknown value
R10=0x0000000000008000 is an unknown value
R11=0x000000491afff3a0 points into unknown readable memory: 0x000001cfcf8191d0 | d0 91 81 cf cf 01 00 00
R12=0x00007ff916d83cf0 glass.dll
R13=0x00007ff8c4da72a0 jvm.dll
R14=0x000000491afff508 points into unknown readable memory: 0x000000491afff4f0 | f0 f4 ff 1a 49 00 00 00
R15=0x000001cfcf8191d0 points into unknown readable memory: 0xb6c170cb5bb9c62b | 2b c6 b9 5b cb 70 c1 b6


Top of Stack: (sp=0x000000491afff410)
0x000000491afff410:   0000000000000000 000001cfcf8191d0
0x000000491afff420:   000001cfcf8191d0 00007ff916d971a0
0x000000491afff430:   000001cfcf8191d8 00007ff940b49d26
0x000000491afff440:   0000b08b5bba39e3 000001cf00000000
0x000000491afff450:   0000000000000000 00007ff940b49f66
0x000000491afff460:   fffffffffffffffe 0000000000000000
0x000000491afff470:   0000000000000001 00007ff916d60000
0x000000491afff480:   000000491afff4f8 00007ff940b49c4b
0x000000491afff490:   0000000000000000 000000491afff508
0x000000491afff4a0:   000000491afff7d0 00007ff940c1bc20
0x000000491afff4b0:   0000000000000001 00007ff940b49c04
0x000000491afff4c0:   0000000000000000 0000000000000001
0x000000491afff4d0:   00007ff93ec1ee00 000000491afff4f8
0x000000491afff4e0:   0000000000000000 00007ff916d83b7d
0x000000491afff4f0:   00007ff916d99f88 00007ff900000002
0x000000491afff500:   0000000000000002 000000491afff4f0 

Instructions: (pc=0x00007ff916d863b7)
0x00007ff916d862b7:   8b 4d 58 e8 7d cf ff ff 48 8b 4d 60 e8 74 cf ff
0x00007ff916d862c7:   ff 48 8b 95 80 00 00 00 48 8b 8d 18 01 00 00 e8
0x00007ff916d862d7:   66 c4 ff ff 33 d2 33 c9 e8 bc e1 ff ff 90 48 89
0x00007ff916d862e7:   54 24 10 55 48 83 ec 20 48 8b ea 48 b8 00 00 00
0x00007ff916d862f7:   00 00 00 00 00 48 83 c4 20 5d c3 cc 40 55 48 8b
0x00007ff916d86307:   ea 48 8b 01 33 c9 81 38 05 00 00 c0 0f 94 c1 8b
0x00007ff916d86317:   c1 5d c3 cc 40 55 48 83 ec 20 48 8b ea 8a 4d 40
0x00007ff916d86327:   48 83 c4 20 5d e9 63 d3 ff ff cc 40 55 48 83 ec
0x00007ff916d86337:   20 48 8b ea 8a 4d 20 e8 51 d3 ff ff 90 48 83 c4
0x00007ff916d86347:   20 5d c3 cc 40 55 48 83 ec 20 48 8b ea 48 83 c4
0x00007ff916d86357:   20 5d e9 b2 d1 ff ff cc 40 55 48 83 ec 30 48 8b
0x00007ff916d86367:   ea 48 8b 01 8b 10 48 89 4c 24 28 89 54 24 20 4c
0x00007ff916d86377:   8d 0d 53 d6 ff ff 4c 8b 45 70 8b 55 68 48 8b 4d
0x00007ff916d86387:   60 e8 f3 d0 ff ff 90 48 83 c4 30 5d c3 cc cc cc
0x00007ff916d86397:   cc cc cc cc cc cc cc cc cc 40 53 48 83 ec 20 48
0x00007ff916d863a7:   8b 1d db 35 01 00 48 85 db 74 16 e8 79 8b ff ff
0x00007ff916d863b7:   4c 8b 00 48 8b d3 48 8b c8 41 ff 90 b0 00 00 00
0x00007ff916d863c7:   90 48 83 c4 20 5b c3 cc cc 40 53 48 83 ec 20 48
0x00007ff916d863d7:   8b 1d 4b 37 01 00 48 85 db 74 57 b8 ff ff ff ff
0x00007ff916d863e7:   f0 0f c1 43 10 83 f8 01 75 3d 48 85 db 74 38 48
0x00007ff916d863f7:   8b 0b 48 85 c9 74 0d ff 15 a4 0e 00 00 48 c7 03
0x00007ff916d86407:   00 00 00 00 48 8b 4b 08 48 85 c9 74 0d e8 23 ce
0x00007ff916d86417:   ff ff 48 c7 43 08 00 00 00 00 ba 18 00 00 00 48
0x00007ff916d86427:   8b cb e8 0e ce ff ff 48 c7 05 ef 36 01 00 00 00
0x00007ff916d86437:   00 00 48 83 c4 20 5b c3 cc 40 53 48 83 ec 20 48
0x00007ff916d86447:   8b 1d bb 36 01 00 48 85 db 74 57 b8 ff ff ff ff
0x00007ff916d86457:   f0 0f c1 43 10 83 f8 01 75 3d 48 85 db 74 38 48
0x00007ff916d86467:   8b 0b 48 85 c9 74 0d ff 15 34 0e 00 00 48 c7 03
0x00007ff916d86477:   00 00 00 00 48 8b 4b 08 48 85 c9 74 0d e8 b3 cd
0x00007ff916d86487:   ff ff 48 c7 43 08 00 00 00 00 ba 18 00 00 00 48
0x00007ff916d86497:   8b cb e8 9e cd ff ff 48 c7 05 5f 36 01 00 00 00
0x00007ff916d864a7:   00 00 48 83 c4 20 5b c3 cc 40 53 48 83 ec 20 48 


Stack slot to memory mapping:
stack at sp + 0 slots: 0x0 is NULL
stack at sp + 1 slots: 0x000001cfcf8191d0 points into unknown readable memory: 0xb6c170cb5bb9c62b | 2b c6 b9 5b cb 70 c1 b6
stack at sp + 2 slots: 0x000001cfcf8191d0 points into unknown readable memory: 0xb6c170cb5bb9c62b | 2b c6 b9 5b cb 70 c1 b6
stack at sp + 3 slots: 0x00007ff916d971a0 glass.dll
stack at sp + 4 slots: 0x000001cfcf8191d8 points into unknown readable memory: 0x0000b08b5bba39e3 | e3 39 ba 5b 8b b0 00 00
stack at sp + 5 slots: 0x00007ff940b49d26 ucrtbase.dll
stack at sp + 6 slots: 0x0000b08b5bba39e3 is an unknown value
stack at sp + 7 slots: 0x000001cf00000000 is an unknown value

VM_Operation (0x000000491a6ff400): Exit, mode: safepoint, requested by thread 0x000001cfd9268170


---------------  P R O C E S S  ---------------

Threads class SMR info:
_java_thread_list=0x000001cfd94a63d0, length=20, elements={
0x000001cfb03546a0, 0x000001cfcf827ac0, 0x000001cfcf8288b0, 0x000001cfcf82e100,
0x000001cfcf82ea30, 0x000001cfcf8330b0, 0x000001cfcf838d40, 0x000001cfcf8416c0,
0x000001cfcf854800, 0x000001cfcf7f9ce0, 0x000001cfd4355520, 0x000001cfd42b2560,
0x000001cfd4584b50, 0x000001cfd4613550, 0x000001cfd464c840, 0x000001cfd9196df0,
0x000001cfd91f04c0, 0x000001cfd92656f0, 0x000001cfd9267180, 0x000001cfd9268170
}

Java Threads: ( => current thread )
  0x000001cfb03546a0 JavaThread "main" [_thread_blocked, id=21960, stack(0x000000491a900000,0x000000491aa00000)]
  0x000001cfcf827ac0 JavaThread "Reference Handler" daemon [_thread_blocked, id=7492, stack(0x000000491b000000,0x000000491b100000)]
  0x000001cfcf8288b0 JavaThread "Finalizer" daemon [_thread_blocked, id=7584, stack(0x000000491b100000,0x000000491b200000)]
  0x000001cfcf82e100 JavaThread "Attach Listener" daemon [_thread_blocked, id=18564, stack(0x000000491b300000,0x000000491b400000)]
  0x000001cfcf82ea30 JavaThread "Service Thread" daemon [_thread_blocked, id=17696, stack(0x000000491b400000,0x000000491b500000)]
  0x000001cfcf8330b0 JavaThread "Monitor Deflation Thread" daemon [_thread_blocked, id=10268, stack(0x000000491b500000,0x000000491b600000)]
  0x000001cfcf838d40 JavaThread "C2 CompilerThread0" daemon [_thread_blocked, id=6660, stack(0x000000491b600000,0x000000491b700000)]
  0x000001cfcf8416c0 JavaThread "C1 CompilerThread0" daemon [_thread_blocked, id=20956, stack(0x000000491b700000,0x000000491b800000)]
  0x000001cfcf854800 JavaThread "Sweeper thread" daemon [_thread_blocked, id=21720, stack(0x000000491b800000,0x000000491b900000)]
  0x000001cfcf7f9ce0 JavaThread "Common-Cleaner" daemon [_thread_blocked, id=21252, stack(0x000000491b900000,0x000000491ba00000)]
  0x000001cfd4355520 JavaThread "Monitor Ctrl-Break" daemon [_thread_in_native, id=14808, stack(0x000000491bc00000,0x000000491bd00000)]
  0x000001cfd42b2560 JavaThread "Notification Thread" daemon [_thread_blocked, id=14264, stack(0x000000491bd00000,0x000000491be00000)]
  0x000001cfd4584b50 JavaThread "QuantumRenderer-0" daemon [_thread_blocked, id=16236, stack(0x000000491bb00000,0x000000491bc00000)]
  0x000001cfd4613550 JavaThread "InvokeLaterDispatcher" daemon [_thread_blocked, id=22336, stack(0x000000491ba00000,0x000000491bb00000)]
  0x000001cfd464c840 JavaThread "JavaFX Application Thread" [_thread_in_native, id=21912, stack(0x000000491c100000,0x000000491c200000)]
  0x000001cfd9196df0 JavaThread "Thread-1" daemon [_thread_in_native, id=19824, stack(0x000000491c800000,0x000000491c900000)]
  0x000001cfd91f04c0 JavaThread "JavaFX-Launcher" [_thread_blocked, id=7680, stack(0x000000491c900000,0x000000491ca00000)]
  0x000001cfd92656f0 JavaThread "Prism Font Disposer" daemon [_thread_blocked, id=144, stack(0x000000491d100000,0x000000491d200000)]
  0x000001cfd9267180 JavaThread "Cleaner-0" daemon [_thread_blocked, id=21112, stack(0x000000491d300000,0x000000491d400000)]
  0x000001cfd9268170 JavaThread "SIGINT handler" daemon [_thread_blocked, id=12140, stack(0x000000491a600000,0x000000491a700000)]

Other Threads:
=>0x000001cfcf80baa0 VMThread "VM Thread" [stack: 0x000000491af00000,0x000000491b000000] [id=10616]
  0x000001cfb03a5630 WorkerThread "GC Thread#0" [stack: 0x000000491aa00000,0x000000491ab00000] [id=10864]
  0x000001cfd45cb0c0 WorkerThread "GC Thread#1" [stack: 0x000000491ca00000,0x000000491cb00000] [id=15408]
  0x000001cfd45cadf0 WorkerThread "GC Thread#2" [stack: 0x000000491cb00000,0x000000491cc00000] [id=22452]
  0x000001cfd45c9d10 WorkerThread "GC Thread#3" [stack: 0x000000491cc00000,0x000000491cd00000] [id=22332]
  0x000001cfd45c94a0 WorkerThread "GC Thread#4" [stack: 0x000000491cd00000,0x000000491ce00000] [id=1804]
  0x000001cfd45ca2b0 WorkerThread "GC Thread#5" [stack: 0x000000491ce00000,0x000000491cf00000] [id=9512]
  0x000001cfd45c9770 WorkerThread "GC Thread#6" [stack: 0x000000491cf00000,0x000000491d000000] [id=21176]
  0x000001cfd45cab20 WorkerThread "GC Thread#7" [stack: 0x000000491d000000,0x000000491d100000] [id=5376]
  0x000001cfb03b3650 ConcurrentGCThread "G1 Main Marker" terminated
  0x000001cfb03b4820 WorkerThread "G1 Conc#0" [stack: 0x000000491ac00000,0x000000491ad00000] [id=14584]
  0x000001cfb040e1d0 ConcurrentGCThread "G1 Refine#0" terminated
  0x000001cfcf6c50d0 ConcurrentGCThread "G1 Service" terminated

Threads with active compile tasks:

VM state: at safepoint (shutting down)

VM Mutex/Monitor currently owned by a thread:  ([mutex/lock_event])
[0x000001cfb034ff00] Threads_lock - owner thread: 0x000001cfcf80baa0
[0x000001cfb0350da0] Heap_lock - owner thread: 0x000001cfd9268170

Heap address: 0x00000000a0e00000, size: 1522 MB, Compressed Oops mode: 32-bit

CDS archive(s) mapped at: [0x0000000800000000-0x0000000800c40000-0x0000000800c40000), size 12845056, SharedBaseAddress: 0x0000000800000000, ArchiveRelocationMode: 0.
Compressed class space mapped at: 0x0000000801000000-0x0000000841000000, reserved size: 1073741824
Narrow klass base: 0x0000000800000000, Narrow klass shift: 0, Narrow klass range: 0x100000000

GC Precious Log:
 CardTable entry size: 512
 Card Set container configuration: InlinePtr #cards 5 size 8 Array Of Cards #cards 12 size 40 Howl #buckets 4 coarsen threshold 1843 Howl Bitmap #cards 512 size 80 coarsen threshold 460 Card regions per heap region 1 cards per card region 2048
 CPUs: 8 total, 8 available
 Memory: 6082M
 Large Page Support: Disabled
 NUMA Support: Disabled
 Compressed Oops: Enabled (32-bit)
 Heap Region Size: 1M
 Heap Min Capacity: 8M
 Heap Initial Capacity: 96M
 Heap Max Capacity: 1522M
 Pre-touch: Disabled
 Parallel Workers: 8
 Concurrent Workers: 2
 Concurrent Refinement Workers: 8
 Periodic GC: Disabled

Heap:
 garbage-first heap   total 98304K, used 19831K [0x00000000a0e00000, 0x0000000100000000)
  region size 1024K, 16 young (16384K), 5 survivors (5120K)
 Metaspace       used 16404K, committed 16768K, reserved 1114112K
  class space    used 2139K, committed 2304K, reserved 1048576K

Heap Regions: E=young(eden), S=young(survivor), O=old, HS=humongous(starts), HC=humongous(continues), CS=collection set, F=free, OA=open archive, CA=closed archive, TAMS=top-at-mark-start (previous, next)
|   0|0x00000000a0e00000, 0x00000000a0f00000, 0x00000000a0f00000|100%| O|  |TAMS 0x00000000a0e00000, 0x00000000a0e00000| Untracked 
|   1|0x00000000a0f00000, 0x00000000a1000000, 0x00000000a1000000|100%| O|  |TAMS 0x00000000a0f00000, 0x00000000a0f00000| Untracked 
|   2|0x00000000a1000000, 0x00000000a1100000, 0x00000000a1100000|100%|HS|  |TAMS 0x00000000a1000000, 0x00000000a1000000| Complete 
|   3|0x00000000a1100000, 0x00000000a1200000, 0x00000000a1200000|100%|HC|  |TAMS 0x00000000a1100000, 0x00000000a1100000| Complete 
|   4|0x00000000a1200000, 0x00000000a125de00, 0x00000000a1300000| 36%| O|  |TAMS 0x00000000a1200000, 0x00000000a1200000| Untracked 
|   5|0x00000000a1300000, 0x00000000a1300000, 0x00000000a1400000|  0%| F|  |TAMS 0x00000000a1300000, 0x00000000a1300000| Untracked 
|   6|0x00000000a1400000, 0x00000000a1400000, 0x00000000a1500000|  0%| F|  |TAMS 0x00000000a1400000, 0x00000000a1400000| Untracked 
|   7|0x00000000a1500000, 0x00000000a1500000, 0x00000000a1600000|  0%| F|  |TAMS 0x00000000a1500000, 0x00000000a1500000| Untracked 
|   8|0x00000000a1600000, 0x00000000a1600000, 0x00000000a1700000|  0%| F|  |TAMS 0x00000000a1600000, 0x00000000a1600000| Untracked 
|   9|0x00000000a1700000, 0x00000000a1700000, 0x00000000a1800000|  0%| F|  |TAMS 0x00000000a1700000, 0x00000000a1700000| Untracked 
|  10|0x00000000a1800000, 0x00000000a1800000, 0x00000000a1900000|  0%| F|  |TAMS 0x00000000a1800000, 0x00000000a1800000| Untracked 
|  11|0x00000000a1900000, 0x00000000a1900000, 0x00000000a1a00000|  0%| F|  |TAMS 0x00000000a1900000, 0x00000000a1900000| Untracked 
|  12|0x00000000a1a00000, 0x00000000a1a00000, 0x00000000a1b00000|  0%| F|  |TAMS 0x00000000a1a00000, 0x00000000a1a00000| Untracked 
|  13|0x00000000a1b00000, 0x00000000a1b00000, 0x00000000a1c00000|  0%| F|  |TAMS 0x00000000a1b00000, 0x00000000a1b00000| Untracked 
|  14|0x00000000a1c00000, 0x00000000a1c00000, 0x00000000a1d00000|  0%| F|  |TAMS 0x00000000a1c00000, 0x00000000a1c00000| Untracked 
|  15|0x00000000a1d00000, 0x00000000a1d00000, 0x00000000a1e00000|  0%| F|  |TAMS 0x00000000a1d00000, 0x00000000a1d00000| Untracked 
|  16|0x00000000a1e00000, 0x00000000a1e00000, 0x00000000a1f00000|  0%| F|  |TAMS 0x00000000a1e00000, 0x00000000a1e00000| Untracked 
|  17|0x00000000a1f00000, 0x00000000a1f00000, 0x00000000a2000000|  0%| F|  |TAMS 0x00000000a1f00000, 0x00000000a1f00000| Untracked 
|  18|0x00000000a2000000, 0x00000000a2000000, 0x00000000a2100000|  0%| F|  |TAMS 0x00000000a2000000, 0x00000000a2000000| Untracked 
|  19|0x00000000a2100000, 0x00000000a2100000, 0x00000000a2200000|  0%| F|  |TAMS 0x00000000a2100000, 0x00000000a2100000| Untracked 
|  20|0x00000000a2200000, 0x00000000a2200000, 0x00000000a2300000|  0%| F|  |TAMS 0x00000000a2200000, 0x00000000a2200000| Untracked 
|  21|0x00000000a2300000, 0x00000000a2300000, 0x00000000a2400000|  0%| F|  |TAMS 0x00000000a2300000, 0x00000000a2300000| Untracked 
|  22|0x00000000a2400000, 0x00000000a2400000, 0x00000000a2500000|  0%| F|  |TAMS 0x00000000a2400000, 0x00000000a2400000| Untracked 
|  23|0x00000000a2500000, 0x00000000a2500000, 0x00000000a2600000|  0%| F|  |TAMS 0x00000000a2500000, 0x00000000a2500000| Untracked 
|  24|0x00000000a2600000, 0x00000000a2600000, 0x00000000a2700000|  0%| F|  |TAMS 0x00000000a2600000, 0x00000000a2600000| Untracked 
|  25|0x00000000a2700000, 0x00000000a2700000, 0x00000000a2800000|  0%| F|  |TAMS 0x00000000a2700000, 0x00000000a2700000| Untracked 
|  26|0x00000000a2800000, 0x00000000a2800000, 0x00000000a2900000|  0%| F|  |TAMS 0x00000000a2800000, 0x00000000a2800000| Untracked 
|  27|0x00000000a2900000, 0x00000000a2900000, 0x00000000a2a00000|  0%| F|  |TAMS 0x00000000a2900000, 0x00000000a2900000| Untracked 
|  28|0x00000000a2a00000, 0x00000000a2a00000, 0x00000000a2b00000|  0%| F|  |TAMS 0x00000000a2a00000, 0x00000000a2a00000| Untracked 
|  29|0x00000000a2b00000, 0x00000000a2b00000, 0x00000000a2c00000|  0%| F|  |TAMS 0x00000000a2b00000, 0x00000000a2b00000| Untracked 
|  30|0x00000000a2c00000, 0x00000000a2c00000, 0x00000000a2d00000|  0%| F|  |TAMS 0x00000000a2c00000, 0x00000000a2c00000| Untracked 
|  31|0x00000000a2d00000, 0x00000000a2d00000, 0x00000000a2e00000|  0%| F|  |TAMS 0x00000000a2d00000, 0x00000000a2d00000| Untracked 
|  32|0x00000000a2e00000, 0x00000000a2e00000, 0x00000000a2f00000|  0%| F|  |TAMS 0x00000000a2e00000, 0x00000000a2e00000| Untracked 
|  33|0x00000000a2f00000, 0x00000000a2f00000, 0x00000000a3000000|  0%| F|  |TAMS 0x00000000a2f00000, 0x00000000a2f00000| Untracked 
|  34|0x00000000a3000000, 0x00000000a3000000, 0x00000000a3100000|  0%| F|  |TAMS 0x00000000a3000000, 0x00000000a3000000| Untracked 
|  35|0x00000000a3100000, 0x00000000a3100000, 0x00000000a3200000|  0%| F|  |TAMS 0x00000000a3100000, 0x00000000a3100000| Untracked 
|  36|0x00000000a3200000, 0x00000000a3200000, 0x00000000a3300000|  0%| F|  |TAMS 0x00000000a3200000, 0x00000000a3200000| Untracked 
|  37|0x00000000a3300000, 0x00000000a3300000, 0x00000000a3400000|  0%| F|  |TAMS 0x00000000a3300000, 0x00000000a3300000| Untracked 
|  38|0x00000000a3400000, 0x00000000a3400000, 0x00000000a3500000|  0%| F|  |TAMS 0x00000000a3400000, 0x00000000a3400000| Untracked 
|  39|0x00000000a3500000, 0x00000000a3500000, 0x00000000a3600000|  0%| F|  |TAMS 0x00000000a3500000, 0x00000000a3500000| Untracked 
|  40|0x00000000a3600000, 0x00000000a3600000, 0x00000000a3700000|  0%| F|  |TAMS 0x00000000a3600000, 0x00000000a3600000| Untracked 
|  41|0x00000000a3700000, 0x00000000a3700000, 0x00000000a3800000|  0%| F|  |TAMS 0x00000000a3700000, 0x00000000a3700000| Untracked 
|  42|0x00000000a3800000, 0x00000000a3800000, 0x00000000a3900000|  0%| F|  |TAMS 0x00000000a3800000, 0x00000000a3800000| Untracked 
|  43|0x00000000a3900000, 0x00000000a3900000, 0x00000000a3a00000|  0%| F|  |TAMS 0x00000000a3900000, 0x00000000a3900000| Untracked 
|  44|0x00000000a3a00000, 0x00000000a3a00000, 0x00000000a3b00000|  0%| F|  |TAMS 0x00000000a3a00000, 0x00000000a3a00000| Untracked 
|  45|0x00000000a3b00000, 0x00000000a3b00000, 0x00000000a3c00000|  0%| F|  |TAMS 0x00000000a3b00000, 0x00000000a3b00000| Untracked 
|  46|0x00000000a3c00000, 0x00000000a3c00000, 0x00000000a3d00000|  0%| F|  |TAMS 0x00000000a3c00000, 0x00000000a3c00000| Untracked 
|  47|0x00000000a3d00000, 0x00000000a3d00000, 0x00000000a3e00000|  0%| F|  |TAMS 0x00000000a3d00000, 0x00000000a3d00000| Untracked 
|  48|0x00000000a3e00000, 0x00000000a3e00000, 0x00000000a3f00000|  0%| F|  |TAMS 0x00000000a3e00000, 0x00000000a3e00000| Untracked 
|  49|0x00000000a3f00000, 0x00000000a3f00000, 0x00000000a4000000|  0%| F|  |TAMS 0x00000000a3f00000, 0x00000000a3f00000| Untracked 
|  50|0x00000000a4000000, 0x00000000a4000000, 0x00000000a4100000|  0%| F|  |TAMS 0x00000000a4000000, 0x00000000a4000000| Untracked 
|  51|0x00000000a4100000, 0x00000000a4100000, 0x00000000a4200000|  0%| F|  |TAMS 0x00000000a4100000, 0x00000000a4100000| Untracked 
|  52|0x00000000a4200000, 0x00000000a4200000, 0x00000000a4300000|  0%| F|  |TAMS 0x00000000a4200000, 0x00000000a4200000| Untracked 
|  53|0x00000000a4300000, 0x00000000a4300000, 0x00000000a4400000|  0%| F|  |TAMS 0x00000000a4300000, 0x00000000a4300000| Untracked 
|  54|0x00000000a4400000, 0x00000000a4400000, 0x00000000a4500000|  0%| F|  |TAMS 0x00000000a4400000, 0x00000000a4400000| Untracked 
|  55|0x00000000a4500000, 0x00000000a4500000, 0x00000000a4600000|  0%| F|  |TAMS 0x00000000a4500000, 0x00000000a4500000| Untracked 
|  56|0x00000000a4600000, 0x00000000a4600000, 0x00000000a4700000|  0%| F|  |TAMS 0x00000000a4600000, 0x00000000a4600000| Untracked 
|  57|0x00000000a4700000, 0x00000000a4800000, 0x00000000a4800000|100%| S|CS|TAMS 0x00000000a4700000, 0x00000000a4700000| Complete 
|  58|0x00000000a4800000, 0x00000000a4900000, 0x00000000a4900000|100%| S|CS|TAMS 0x00000000a4800000, 0x00000000a4800000| Complete 
|  59|0x00000000a4900000, 0x00000000a4a00000, 0x00000000a4a00000|100%| S|CS|TAMS 0x00000000a4900000, 0x00000000a4900000| Complete 
|  60|0x00000000a4a00000, 0x00000000a4b00000, 0x00000000a4b00000|100%| S|CS|TAMS 0x00000000a4a00000, 0x00000000a4a00000| Complete 
|  61|0x00000000a4b00000, 0x00000000a4c00000, 0x00000000a4c00000|100%| S|CS|TAMS 0x00000000a4b00000, 0x00000000a4b00000| Complete 
|  62|0x00000000a4c00000, 0x00000000a4c00000, 0x00000000a4d00000|  0%| F|  |TAMS 0x00000000a4c00000, 0x00000000a4c00000| Untracked 
|  63|0x00000000a4d00000, 0x00000000a4d00000, 0x00000000a4e00000|  0%| F|  |TAMS 0x00000000a4d00000, 0x00000000a4d00000| Untracked 
|  64|0x00000000a4e00000, 0x00000000a4e00000, 0x00000000a4f00000|  0%| F|  |TAMS 0x00000000a4e00000, 0x00000000a4e00000| Untracked 
|  65|0x00000000a4f00000, 0x00000000a4f00000, 0x00000000a5000000|  0%| F|  |TAMS 0x00000000a4f00000, 0x00000000a4f00000| Untracked 
|  66|0x00000000a5000000, 0x00000000a5000000, 0x00000000a5100000|  0%| F|  |TAMS 0x00000000a5000000, 0x00000000a5000000| Untracked 
|  67|0x00000000a5100000, 0x00000000a5100000, 0x00000000a5200000|  0%| F|  |TAMS 0x00000000a5100000, 0x00000000a5100000| Untracked 
|  68|0x00000000a5200000, 0x00000000a5200000, 0x00000000a5300000|  0%| F|  |TAMS 0x00000000a5200000, 0x00000000a5200000| Untracked 
|  69|0x00000000a5300000, 0x00000000a5300000, 0x00000000a5400000|  0%| F|  |TAMS 0x00000000a5300000, 0x00000000a5300000| Untracked 
|  70|0x00000000a5400000, 0x00000000a5400000, 0x00000000a5500000|  0%| F|  |TAMS 0x00000000a5400000, 0x00000000a5400000| Untracked 
|  71|0x00000000a5500000, 0x00000000a5500000, 0x00000000a5600000|  0%| F|  |TAMS 0x00000000a5500000, 0x00000000a5500000| Untracked 
|  72|0x00000000a5600000, 0x00000000a5600000, 0x00000000a5700000|  0%| F|  |TAMS 0x00000000a5600000, 0x00000000a5600000| Untracked 
|  73|0x00000000a5700000, 0x00000000a5700000, 0x00000000a5800000|  0%| F|  |TAMS 0x00000000a5700000, 0x00000000a5700000| Untracked 
|  74|0x00000000a5800000, 0x00000000a5800000, 0x00000000a5900000|  0%| F|  |TAMS 0x00000000a5800000, 0x00000000a5800000| Untracked 
|  75|0x00000000a5900000, 0x00000000a5900000, 0x00000000a5a00000|  0%| F|  |TAMS 0x00000000a5900000, 0x00000000a5900000| Untracked 
|  76|0x00000000a5a00000, 0x00000000a5a00000, 0x00000000a5b00000|  0%| F|  |TAMS 0x00000000a5a00000, 0x00000000a5a00000| Untracked 
|  77|0x00000000a5b00000, 0x00000000a5b00000, 0x00000000a5c00000|  0%| F|  |TAMS 0x00000000a5b00000, 0x00000000a5b00000| Untracked 
|  78|0x00000000a5c00000, 0x00000000a5c00000, 0x00000000a5d00000|  0%| F|  |TAMS 0x00000000a5c00000, 0x00000000a5c00000| Untracked 
|  79|0x00000000a5d00000, 0x00000000a5d00000, 0x00000000a5e00000|  0%| F|  |TAMS 0x00000000a5d00000, 0x00000000a5d00000| Untracked 
|  80|0x00000000a5e00000, 0x00000000a5e00000, 0x00000000a5f00000|  0%| F|  |TAMS 0x00000000a5e00000, 0x00000000a5e00000| Untracked 
|  81|0x00000000a5f00000, 0x00000000a5f00000, 0x00000000a6000000|  0%| F|  |TAMS 0x00000000a5f00000, 0x00000000a5f00000| Untracked 
|  82|0x00000000a6000000, 0x00000000a6000000, 0x00000000a6100000|  0%| F|  |TAMS 0x00000000a6000000, 0x00000000a6000000| Untracked 
|  83|0x00000000a6100000, 0x00000000a6100000, 0x00000000a6200000|  0%| F|  |TAMS 0x00000000a6100000, 0x00000000a6100000| Untracked 
|  84|0x00000000a6200000, 0x00000000a6200000, 0x00000000a6300000|  0%| F|  |TAMS 0x00000000a6200000, 0x00000000a6200000| Untracked 
|  85|0x00000000a6300000, 0x00000000a6321c90, 0x00000000a6400000| 13%| E|  |TAMS 0x00000000a6300000, 0x00000000a6300000| Complete 
|  86|0x00000000a6400000, 0x00000000a6500000, 0x00000000a6500000|100%| E|CS|TAMS 0x00000000a6400000, 0x00000000a6400000| Complete 
|  87|0x00000000a6500000, 0x00000000a6600000, 0x00000000a6600000|100%| E|CS|TAMS 0x00000000a6500000, 0x00000000a6500000| Complete 
|  88|0x00000000a6600000, 0x00000000a6700000, 0x00000000a6700000|100%| E|CS|TAMS 0x00000000a6600000, 0x00000000a6600000| Complete 
|  89|0x00000000a6700000, 0x00000000a6800000, 0x00000000a6800000|100%| E|CS|TAMS 0x00000000a6700000, 0x00000000a6700000| Complete 
|  90|0x00000000a6800000, 0x00000000a6900000, 0x00000000a6900000|100%| E|CS|TAMS 0x00000000a6800000, 0x00000000a6800000| Complete 
|  91|0x00000000a6900000, 0x00000000a6a00000, 0x00000000a6a00000|100%| E|CS|TAMS 0x00000000a6900000, 0x00000000a6900000| Complete 
|  92|0x00000000a6a00000, 0x00000000a6b00000, 0x00000000a6b00000|100%| E|CS|TAMS 0x00000000a6a00000, 0x00000000a6a00000| Complete 
|  93|0x00000000a6b00000, 0x00000000a6c00000, 0x00000000a6c00000|100%| E|CS|TAMS 0x00000000a6b00000, 0x00000000a6b00000| Complete 
|  94|0x00000000a6c00000, 0x00000000a6d00000, 0x00000000a6d00000|100%| E|CS|TAMS 0x00000000a6c00000, 0x00000000a6c00000| Complete 
|  95|0x00000000a6d00000, 0x00000000a6e00000, 0x00000000a6e00000|100%| E|CS|TAMS 0x00000000a6d00000, 0x00000000a6d00000| Complete 

Card table byte_map: [0x000001cfc9800000,0x000001cfc9b00000] _byte_map_base: 0x000001cfc92f9000

Marking Bits (Prev, Next): (CMBitMap*) 0x000001cfb03a6c70, (CMBitMap*) 0x000001cfb03a6cb0
 Prev Bits: [0x000001cfc9e00000, 0x000001cfcb5c8000)
 Next Bits: [0x000001cfcb5d0000, 0x000001cfccd98000)

Polling page: 0x000001cfb01c0000

Metaspace:

Usage:
  Non-class:     13.93 MB used.
      Class:      2.09 MB used.
       Both:     16.02 MB used.

Virtual space:
  Non-class space:       64.00 MB reserved,      14.13 MB ( 22%) committed,  1 nodes.
      Class space:        1.00 GB reserved,       2.25 MB ( <1%) committed,  1 nodes.
             Both:        1.06 GB reserved,      16.38 MB (  2%) committed. 

Chunk freelists:
   Non-Class:  1.30 MB
       Class:  1.77 MB
        Both:  3.06 MB

MaxMetaspaceSize: unlimited
CompressedClassSpaceSize: 1.00 GB
Initial GC threshold: 21.00 MB
Current GC threshold: 21.00 MB
CDS: on
MetaspaceReclaimPolicy: balanced
 - commit_granule_bytes: 65536.
 - commit_granule_words: 8192.
 - virtual_space_node_default_size: 8388608.
 - enlarge_chunks_in_place: 1.
 - new_chunks_are_fully_committed: 0.
 - uncommit_free_chunks: 1.
 - use_allocation_guard: 0.


Internal statistics:

num_allocs_failed_limit: 0.
num_arena_births: 362.
num_arena_deaths: 0.
num_vsnodes_births: 2.
num_vsnodes_deaths: 0.
num_space_committed: 262.
num_space_uncommitted: 0.
num_chunks_returned_to_freelist: 0.
num_chunks_taken_from_freelist: 870.
num_chunk_merges: 0.
num_chunk_splits: 592.
num_chunks_enlarged: 449.
num_inconsistent_stats: 0.

CodeHeap 'non-profiled nmethods': size=120000Kb used=1279Kb max_used=1279Kb free=118720Kb
 bounds [0x000001cfc1570000, 0x000001cfc17e0000, 0x000001cfc8aa0000]
CodeHeap 'profiled nmethods': size=120000Kb used=6880Kb max_used=6880Kb free=113119Kb
 bounds [0x000001cfb9aa0000, 0x000001cfba160000, 0x000001cfc0fd0000]
CodeHeap 'non-nmethods': size=5760Kb used=1522Kb max_used=1558Kb free=4237Kb
 bounds [0x000001cfc0fd0000, 0x000001cfc1240000, 0x000001cfc1570000]
 total_blobs=4368 nmethods=3570 adapters=707
 compilation: enabled
              stopped_count=0, restarted_count=0
 full_count=0

Compilation events (20 events):
Event: 39.764 Thread 0x000001cfcf8416c0 nmethod 3561 0x000001cfba155990 code [0x000001cfba155b80, 0x000001cfba1561b8]
Event: 39.764 Thread 0x000001cfcf8416c0 3562       3       com.sun.javafx.text.PrismTextLayout::reset (27 bytes)
Event: 39.764 Thread 0x000001cfcf8416c0 nmethod 3562 0x000001cfba156390 code [0x000001cfba156540, 0x000001cfba1566e8]
Event: 39.765 Thread 0x000001cfcf838d40 nmethod 3563 0x000001cfc16af590 code [0x000001cfc16af700, 0x000001cfc16af778]
Event: 39.766 Thread 0x000001cfcf8416c0 3564       3       com.sun.javafx.text.PrismTextLayout::relayout (46 bytes)
Event: 39.767 Thread 0x000001cfcf8416c0 nmethod 3564 0x000001cfba156790 code [0x000001cfba156940, 0x000001cfba156bc8]
Event: 39.767 Thread 0x000001cfcf8416c0 3565       3       javafx.scene.Parent::requestLayout (20 bytes)
Event: 39.767 Thread 0x000001cfcf8416c0 nmethod 3565 0x000001cfba156c90 code [0x000001cfba156e40, 0x000001cfba157048]
Event: 39.787 Thread 0x000001cfcf8416c0 3566       3       javafx.scene.paint.Color::color (14 bytes)
Event: 39.787 Thread 0x000001cfcf838d40 3567       4       javafx.css.SizeUnits$1::pixels (8 bytes)
Event: 39.788 Thread 0x000001cfcf8416c0 nmethod 3566 0x000001cfba157110 code [0x000001cfba1572c0, 0x000001cfba157448]
Event: 39.789 Thread 0x000001cfcf838d40 nmethod 3567 0x000001cfc16af890 code [0x000001cfc16afa40, 0x000001cfc16afad8]
Event: 40.897 Thread 0x000001cfcf838d40 3568       4       com.sun.glass.ui.Application::checkEventThread (35 bytes)
Event: 40.898 Thread 0x000001cfcf838d40 nmethod 3568 0x000001cfc16afb90 code [0x000001cfc16afd20, 0x000001cfc16afdb8]
Event: 40.967 Thread 0x000001cfcf8416c0 3569       3       com.sun.javafx.geom.Vec3d::normalize (38 bytes)
Event: 40.967 Thread 0x000001cfcf8416c0 nmethod 3569 0x000001cfba157510 code [0x000001cfba1576e0, 0x000001cfba157868]
Event: 40.967 Thread 0x000001cfcf8416c0 3570       3       com.sun.javafx.scene.input.PickResultChooser::toPickResult (41 bytes)
Event: 40.968 Thread 0x000001cfcf8416c0 nmethod 3570 0x000001cfba157910 code [0x000001cfba157ac0, 0x000001cfba157d08]
Event: 40.968 Thread 0x000001cfcf8416c0 3571       3       javafx.scene.input.PickResult::<init> (50 bytes)
Event: 40.968 Thread 0x000001cfcf8416c0 nmethod 3571 0x000001cfba157e10 code [0x000001cfba157fc0, 0x000001cfba1582b8]

GC Heap History (4 events):
Event: 1.769 GC heap before
{Heap before GC invocations=0 (full 0):
 garbage-first heap   total 98304K, used 22528K [0x00000000a0e00000, 0x0000000100000000)
  region size 1024K, 23 young (23552K), 0 survivors (0K)
 Metaspace       used 5408K, committed 5632K, reserved 1114112K
  class space    used 603K, committed 704K, reserved 1048576K
}
Event: 1.779 GC heap after
{Heap after GC invocations=1 (full 0):
 garbage-first heap   total 98304K, used 4160K [0x00000000a0e00000, 0x0000000100000000)
  region size 1024K, 3 young (3072K), 3 survivors (3072K)
 Metaspace       used 5408K, committed 5632K, reserved 1114112K
  class space    used 603K, committed 704K, reserved 1048576K
}
Event: 3.366 GC heap before
{Heap before GC invocations=1 (full 0):
 garbage-first heap   total 98304K, used 36928K [0x00000000a0e00000, 0x0000000100000000)
  region size 1024K, 34 young (34816K), 3 survivors (3072K)
 Metaspace       used 14495K, committed 14784K, reserved 1114112K
  class space    used 2046K, committed 2176K, reserved 1048576K
}
Event: 3.376 GC heap after
{Heap after GC invocations=2 (full 0):
 garbage-first heap   total 98304K, used 9591K [0x00000000a0e00000, 0x0000000100000000)
  region size 1024K, 5 young (5120K), 5 survivors (5120K)
 Metaspace       used 14495K, committed 14784K, reserved 1114112K
  class space    used 2046K, committed 2176K, reserved 1048576K
}

Dll operation events (20 events):
Event: 0.845 Loaded shared library C:\Users\Lenovo\.openjfx\cache\19-ea+7\amd64\api-ms-win-crt-filesystem-l1-1-0.dll
Event: 0.856 Loaded shared library C:\Users\Lenovo\.openjfx\cache\19-ea+7\amd64\api-ms-win-crt-heap-l1-1-0.dll
Event: 0.868 Loaded shared library C:\Users\Lenovo\.openjfx\cache\19-ea+7\amd64\api-ms-win-crt-locale-l1-1-0.dll
Event: 0.878 Loaded shared library C:\Users\Lenovo\.openjfx\cache\19-ea+7\amd64\api-ms-win-crt-math-l1-1-0.dll
Event: 0.892 Loaded shared library C:\Users\Lenovo\.openjfx\cache\19-ea+7\amd64\api-ms-win-crt-multibyte-l1-1-0.dll
Event: 0.905 Loaded shared library C:\Users\Lenovo\.openjfx\cache\19-ea+7\amd64\api-ms-win-crt-private-l1-1-0.dll
Event: 0.919 Loaded shared library C:\Users\Lenovo\.openjfx\cache\19-ea+7\amd64\api-ms-win-crt-process-l1-1-0.dll
Event: 0.932 Loaded shared library C:\Users\Lenovo\.openjfx\cache\19-ea+7\amd64\api-ms-win-crt-runtime-l1-1-0.dll
Event: 0.944 Loaded shared library C:\Users\Lenovo\.openjfx\cache\19-ea+7\amd64\api-ms-win-crt-stdio-l1-1-0.dll
Event: 0.955 Loaded shared library C:\Users\Lenovo\.openjfx\cache\19-ea+7\amd64\api-ms-win-crt-string-l1-1-0.dll
Event: 0.965 Loaded shared library C:\Users\Lenovo\.openjfx\cache\19-ea+7\amd64\api-ms-win-crt-time-l1-1-0.dll
Event: 0.976 Loaded shared library C:\Users\Lenovo\.openjfx\cache\19-ea+7\amd64\api-ms-win-crt-utility-l1-1-0.dll
Event: 1.006 Loaded shared library C:\Users\Lenovo\.openjfx\cache\19-ea+7\amd64\ucrtbase.dll
Event: 1.022 Loaded shared library C:\Users\Lenovo\.openjfx\cache\19-ea+7\amd64\vcruntime140.dll
Event: 1.038 Loaded shared library C:\Users\Lenovo\.openjfx\cache\19-ea+7\amd64\vcruntime140_1.dll
Event: 1.062 Loaded shared library C:\Users\Lenovo\.openjfx\cache\19-ea+7\amd64\msvcp140.dll
Event: 1.109 Loaded shared library C:\Users\Lenovo\.jdks\openjdk-19\bin\jimage.dll
Event: 1.251 Loaded shared library C:\Users\Lenovo\.openjfx\cache\19-ea+7\amd64\prism_d3d.dll
Event: 1.486 Loaded shared library C:\Users\Lenovo\.openjfx\cache\19-ea+7\amd64\glass.dll
Event: 2.193 Loaded shared library C:\Users\Lenovo\.openjfx\cache\19-ea+7\amd64\javafx_font.dll

Deoptimization events (20 events):
Event: 3.059 Thread 0x000001cfd464c840 Uncommon trap: trap_request=0xffffff45 fr.pc=0x000001cfc15e6be4 relative=0x00000000000001c4
Event: 3.059 Thread 0x000001cfd464c840 Uncommon trap: reason=unstable_if action=reinterpret pc=0x000001cfc15e6be4 method=java.io.ByteArrayInputStream.read()I @ 8 c2
Event: 3.059 Thread 0x000001cfd464c840 DEOPT PACKING pc=0x000001cfc15e6be4 sp=0x000000491c1fc490
Event: 3.059 Thread 0x000001cfd464c840 DEOPT UNPACKING pc=0x000001cfc1036da3 sp=0x000000491c1fc448 mode 2
Event: 4.762 Thread 0x000001cfd4584b50 DEOPT PACKING pc=0x000001cfb9dde8d3 sp=0x000000491bbfda20
Event: 4.762 Thread 0x000001cfd4584b50 DEOPT UNPACKING pc=0x000001cfc1037543 sp=0x000000491bbfce88 mode 0
Event: 7.109 Thread 0x000001cfd4584b50 DEOPT PACKING pc=0x000001cfb9dde8d3 sp=0x000000491bbfda20
Event: 7.109 Thread 0x000001cfd4584b50 DEOPT UNPACKING pc=0x000001cfc1037543 sp=0x000000491bbfce88 mode 0
Event: 9.028 Thread 0x000001cfd4584b50 DEOPT PACKING pc=0x000001cfb9e3cb77 sp=0x000000491bbfdd80
Event: 9.028 Thread 0x000001cfd4584b50 DEOPT UNPACKING pc=0x000001cfc1037543 sp=0x000000491bbfd1a0 mode 0
Event: 11.141 Thread 0x000001cfd4584b50 DEOPT PACKING pc=0x000001cfb9e79869 sp=0x000000491bbfdb40
Event: 11.141 Thread 0x000001cfd4584b50 DEOPT UNPACKING pc=0x000001cfc1037543 sp=0x000000491bbfcf78 mode 0
Event: 16.266 Thread 0x000001cfd464c840 Uncommon trap: trap_request=0xffffff45 fr.pc=0x000001cfc15b1cc0 relative=0x00000000000000a0
Event: 16.267 Thread 0x000001cfd464c840 Uncommon trap: reason=unstable_if action=reinterpret pc=0x000001cfc15b1cc0 method=jdk.internal.misc.Unsafe.convEndian(ZI)I @ 4 c2
Event: 16.267 Thread 0x000001cfd464c840 DEOPT PACKING pc=0x000001cfc15b1cc0 sp=0x000000491c1fbe30
Event: 16.267 Thread 0x000001cfd464c840 DEOPT UNPACKING pc=0x000001cfc1036da3 sp=0x000000491c1fbcc8 mode 2
Event: 39.685 Thread 0x000001cfd464c840 Uncommon trap: trap_request=0xffffff45 fr.pc=0x000001cfc161ff30 relative=0x00000000000002f0
Event: 39.685 Thread 0x000001cfd464c840 Uncommon trap: reason=unstable_if action=reinterpret pc=0x000001cfc161ff30 method=java.util.regex.Pattern$BmpCharPropertyGreedy.match(Ljava/util/regex/Matcher;ILjava/lang/CharSequence;)Z @ 73 c2
Event: 39.685 Thread 0x000001cfd464c840 DEOPT PACKING pc=0x000001cfc161ff30 sp=0x000000491c1f9500
Event: 39.685 Thread 0x000001cfd464c840 DEOPT UNPACKING pc=0x000001cfc1036da3 sp=0x000000491c1f94c0 mode 2

Classes loaded (20 events):
Event: 16.264 Loading class java/io/ObjectStreamClass$4
Event: 16.264 Loading class java/io/ObjectStreamClass$4 done
Event: 16.264 Loading class java/io/ObjectStreamClass$5
Event: 16.264 Loading class java/io/ObjectStreamClass$5 done
Event: 16.265 Loading class sun/security/provider/SHA
Event: 16.265 Loading class sun/security/provider/SHA done
Event: 16.266 Loading class sun/security/provider/ByteArrayAccess$BE
Event: 16.266 Loading class sun/security/provider/ByteArrayAccess$BE done
Event: 16.268 Loading class java/io/ObjectStreamClass$ClassDataSlot
Event: 16.268 Loading class java/io/ObjectStreamClass$ClassDataSlot done
Event: 16.268 Loading class jdk/internal/reflect/MethodHandleLongFieldAccessorImpl
Event: 16.269 Loading class jdk/internal/reflect/MethodHandleLongFieldAccessorImpl done
Event: 16.272 Loading class java/nio/charset/CharacterCodingException
Event: 16.272 Loading class java/nio/charset/CharacterCodingException done
Event: 32.659 Loading class java/text/StringCharacterIterator
Event: 32.731 Loading class java/text/StringCharacterIterator done
Event: 39.686 Loading class java/util/regex/Pattern$1
Event: 39.687 Loading class java/util/regex/Pattern$1 done
Event: 75.214 Loading class jdk/internal/misc/Signal$1
Event: 75.214 Loading class jdk/internal/misc/Signal$1 done

Classes unloaded (0 events):
No events

Classes redefined (0 events):
No events

Internal exceptions (20 events):
Event: 2.521 Thread 0x000001cfd464c840 Implicit null exception at 0x000001cfc15e61cc to 0x000001cfc15e647c
Event: 2.522 Thread 0x000001cfd464c840 Implicit null exception at 0x000001cfc159652f to 0x000001cfc15965a9
Event: 2.630 Thread 0x000001cfd464c840 Implicit null exception at 0x000001cfc15debfc to 0x000001cfc15df24c
Event: 2.753 Thread 0x000001cfd464c840 Exception <a 'java/lang/NoSuchMethodError'{0x00000000a597c118}: 'java.lang.Object java.lang.invoke.DirectMethodHandle$Holder.invokeInterface(java.lang.Object, java.lang.Object, java.lang.Object)'> (0x00000000a597c118) 
thrown [s\open\src\hotspot\share\interpreter\linkResolver.cpp, line 774]
Event: 2.753 Thread 0x000001cfd464c840 Exception <a 'java/lang/IncompatibleClassChangeError'{0x00000000a597faa8}: Found class java.lang.Object, but interface was expected> (0x00000000a597faa8) 
thrown [s\open\src\hotspot\share\interpreter\linkResolver.cpp, line 841]
Event: 2.867 Thread 0x000001cfd464c840 Exception <a 'java/lang/ClassNotFoundException'{0x00000000a57ebc48}: com/sun/javafx/scene/control/skin/resources/controls> (0x00000000a57ebc48) 
thrown [s\open\src\hotspot\share\prims\jni.cpp, line 536]
Event: 2.870 Thread 0x000001cfd464c840 Exception <a 'java/lang/ClassNotFoundException'{0x00000000a57f9c68}: com/sun/javafx/scene/control/skin/resources/controls_ru> (0x00000000a57f9c68) 
thrown [s\open\src\hotspot\share\prims\jni.cpp, line 536]
Event: 2.871 Thread 0x000001cfd464c840 Exception <a 'java/lang/ClassNotFoundException'{0x00000000a57fac10}: com/sun/javafx/scene/control/skin/resources/controls_ru_RU> (0x00000000a57fac10) 
thrown [s\open\src\hotspot\share\prims\jni.cpp, line 536]
Event: 2.960 Thread 0x000001cfd464c840 Exception <a 'java/lang/NoSuchMethodError'{0x00000000a527ecf8}: 'void java.lang.invoke.DirectMethodHandle$Holder.invokeSpecial(java.lang.Object, java.lang.Object, java.lang.Object, java.lang.Object, java.lang.Object, java.lang.Object)'> (0x00000000a527ecf8) 
thrown [s\open\src\hotspot\share\interpreter\linkResolver.cpp, line 774]
Event: 3.070 Thread 0x000001cfd464c840 Exception <a 'java/lang/NoSuchMethodError'{0x00000000a4f72470}: 'int java.lang.invoke.DirectMethodHandle$Holder.invokeSpecial(java.lang.Object, java.lang.Object, int)'> (0x00000000a4f72470) 
thrown [s\open\src\hotspot\share\interpreter\linkResolver.cpp, line 774]
Event: 3.099 Thread 0x000001cfd464c840 Exception <a 'java/lang/NoSuchMethodError'{0x00000000a4fa8660}: 'java.lang.Object java.lang.invoke.DirectMethodHandle$Holder.newInvokeSpecial(java.lang.Object, java.lang.Object, int)'> (0x00000000a4fa8660) 
thrown [s\open\src\hotspot\share\interpreter\linkResolver.cpp, line 774]
Event: 3.155 Thread 0x000001cfd464c840 Exception <a 'sun/nio/fs/WindowsException'{0x00000000a4fb7548}> (0x00000000a4fb7548) 
thrown [s\open\src\hotspot\share\prims\jni.cpp, line 517]
Event: 3.219 Thread 0x000001cfd4584b50 Exception <a 'java/lang/NoSuchMethodError'{0x00000000a4e52d40}: 'int java.lang.invoke.DirectMethodHandle$Holder.invokeStaticInit(java.lang.Object, java.lang.Object)'> (0x00000000a4e52d40) 
thrown [s\open\src\hotspot\share\interpreter\linkResolver.cpp, line 774]
Event: 4.743 Thread 0x000001cfd464c840 Exception <a 'java/lang/NoSuchMethodError'{0x00000000a6b10328}: 'long java.lang.invoke.DirectMethodHandle$Holder.invokeStatic(java.lang.Object, java.lang.Object, java.lang.Object)'> (0x00000000a6b10328) 
thrown [s\open\src\hotspot\share\interpreter\linkResolver.cpp, line 774]
Event: 4.744 Thread 0x000001cfd464c840 Exception <a 'java/lang/NoSuchMethodError'{0x00000000a6b139a0}: 'long java.lang.invoke.DirectMethodHandle$Holder.invokeStaticInit(java.lang.Object, java.lang.Object, java.lang.Object)'> (0x00000000a6b139a0) 
thrown [s\open\src\hotspot\share\interpreter\linkResolver.cpp, line 774]
Event: 4.749 Thread 0x000001cfd464c840 Exception <a 'java/lang/NoSuchMethodError'{0x00000000a6b2be40}: 'java.lang.Object java.lang.invoke.DirectMethodHandle$Holder.newInvokeSpecial(java.lang.Object, java.lang.Object, long)'> (0x00000000a6b2be40) 
thrown [s\open\src\hotspot\share\interpreter\linkResolver.cpp, line 774]
Event: 4.750 Thread 0x000001cfd464c840 Exception <a 'java/lang/NoSuchMethodError'{0x00000000a6b2f9c8}: 'java.lang.Object java.lang.invoke.Invokers$Holder.linkToTargetMethod(java.lang.Object, long, java.lang.Object)'> (0x00000000a6b2f9c8) 
thrown [s\open\src\hotspot\share\interpreter\linkResolver.cpp, line 774]
Event: 16.264 Thread 0x000001cfd464c840 Exception <a 'java/lang/NoSuchMethodError'{0x00000000a6950f78}: static Lcom/example/internetcommerce/models/User;.<clinit>()V> (0x00000000a6950f78) 
thrown [s\open\src\hotspot\share\prims\jni.cpp, line 1107]
Event: 16.270 Thread 0x000001cfd464c840 Exception <a 'java/lang/NoSuchMethodError'{0x00000000a69562a8}: 'long java.lang.invoke.DirectMethodHandle$Holder.invokeSpecial(java.lang.Object, java.lang.Object)'> (0x00000000a69562a8) 
thrown [s\open\src\hotspot\share\interpreter\linkResolver.cpp, line 774]
Event: 16.270 Thread 0x000001cfd464c840 Exception <a 'java/lang/NoSuchMethodError'{0x00000000a6959eb0}: 'long java.lang.invoke.Invokers$Holder.invokeExact_MT(java.lang.Object, java.lang.Object)'> (0x00000000a6959eb0) 
thrown [s\open\src\hotspot\share\interpreter\linkResolver.cpp, line 774]

VM Operations (20 events):
Event: 31.272 Executing VM operation: Cleanup done
Event: 32.273 Executing VM operation: Cleanup
Event: 32.273 Executing VM operation: Cleanup done
Event: 34.274 Executing VM operation: Cleanup
Event: 34.274 Executing VM operation: Cleanup done
Event: 35.274 Executing VM operation: Cleanup
Event: 35.274 Executing VM operation: Cleanup done
Event: 36.275 Executing VM operation: Cleanup
Event: 36.275 Executing VM operation: Cleanup done
Event: 37.275 Executing VM operation: Cleanup
Event: 37.275 Executing VM operation: Cleanup done
Event: 38.276 Executing VM operation: Cleanup
Event: 38.276 Executing VM operation: Cleanup done
Event: 39.276 Executing VM operation: Cleanup
Event: 39.276 Executing VM operation: Cleanup done
Event: 40.277 Executing VM operation: Cleanup
Event: 40.277 Executing VM operation: Cleanup done
Event: 63.288 Executing VM operation: Cleanup
Event: 63.288 Executing VM operation: Cleanup done
Event: 75.223 Executing VM operation: Exit

Events (20 events):
Event: 0.396 Thread 0x000001cfd42b2560 Thread added: 0x000001cfd42b2560
Event: 0.770 Thread 0x000001cfd3d49ad0 Thread exited: 0x000001cfd3d49ad0
Event: 0.971 Thread 0x000001cfd3cc0070 Thread exited: 0x000001cfd3cc0070
Event: 1.138 Thread 0x000001cfd4284a00 Thread added: 0x000001cfd4284a00
Event: 1.156 Thread 0x000001cfd4584b50 Thread added: 0x000001cfd4584b50
Event: 1.372 Thread 0x000001cfd4284a00 Thread exited: 0x000001cfd4284a00
Event: 1.491 Thread 0x000001cfd4613550 Thread added: 0x000001cfd4613550
Event: 1.499 Thread 0x000001cfd464c840 Thread added: 0x000001cfd464c840
Event: 1.697 Thread 0x000001cfd9196df0 Thread added: 0x000001cfd9196df0
Event: 1.720 Thread 0x000001cfd91f04c0 Thread added: 0x000001cfd91f04c0
Event: 2.219 Thread 0x000001cfd92b0d90 Thread added: 0x000001cfd92b0d90
Event: 2.630 Thread 0x000001cfd92b0d90 Thread exited: 0x000001cfd92b0d90
Event: 2.741 Thread 0x000001cfd92656f0 Thread added: 0x000001cfd92656f0
Event: 3.272 Thread 0x000001cfd9267180 Thread added: 0x000001cfd9267180
Event: 75.215 Thread 0x000001cfd9268170 Thread added: 0x000001cfd9268170
Event: 75.217 Thread 0x000001cfd9268c10 Thread added: 0x000001cfd9268c10
Event: 75.219 Thread 0x000001cfd92686c0 Thread added: 0x000001cfd92686c0
Event: 75.219 Thread 0x000001cfd9268c10 Thread exited: 0x000001cfd9268c10
Event: 75.223 Thread 0x000001cfd92686c0 Thread exited: 0x000001cfd92686c0
Event: 75.223 Thread 0x000001cfcf82a6b0 Thread exited: 0x000001cfcf82a6b0


Dynamic libraries:
0x00007ff684510000 - 0x00007ff68451e000 	C:\Users\Lenovo\.jdks\openjdk-19\bin\java.exe
0x00007ff943a60000 - 0x00007ff943c50000 	C:\Windows\SYSTEM32\ntdll.dll
0x00007ff906080000 - 0x00007ff906097000 	C:\Program Files\Avast Software\Avast\aswhook.dll
0x00007ff943960000 - 0x00007ff943a12000 	C:\Windows\System32\KERNEL32.DLL
0x00007ff940c30000 - 0x00007ff940ed5000 	C:\Windows\System32\KERNELBASE.dll
0x00007ff940b30000 - 0x00007ff940c2a000 	C:\Windows\System32\ucrtbase.dll
0x00007ff939e60000 - 0x00007ff939e77000 	C:\Users\Lenovo\.jdks\openjdk-19\bin\jli.dll
0x00007ff9331f0000 - 0x00007ff93320b000 	C:\Users\Lenovo\.jdks\openjdk-19\bin\VCRUNTIME140.dll
0x00007ff942890000 - 0x00007ff942a24000 	C:\Windows\System32\USER32.dll
0x00007ff940b00000 - 0x00007ff940b21000 	C:\Windows\System32\win32u.dll
0x00007ff911ec0000 - 0x00007ff912144000 	C:\Windows\WinSxS\amd64_microsoft.windows.common-controls_6595b64144ccf1df_6.0.18362.1556_none_9e7e372fe45e41d5\COMCTL32.dll
0x00007ff943080000 - 0x00007ff9430a6000 	C:\Windows\System32\GDI32.dll
0x00007ff942200000 - 0x00007ff94229e000 	C:\Windows\System32\msvcrt.dll
0x00007ff9411d0000 - 0x00007ff941368000 	C:\Windows\System32\gdi32full.dll
0x00007ff943550000 - 0x00007ff943886000 	C:\Windows\System32\combase.dll
0x00007ff9409d0000 - 0x00007ff940a6e000 	C:\Windows\System32\msvcp_win.dll
0x00007ff9430b0000 - 0x00007ff9431cf000 	C:\Windows\System32\RPCRT4.dll
0x00007ff940a70000 - 0x00007ff940af1000 	C:\Windows\System32\bcryptPrimitives.dll
0x00007ff942860000 - 0x00007ff94288e000 	C:\Windows\System32\IMM32.DLL
0x00007ff93cfd0000 - 0x00007ff93cfdc000 	C:\Users\Lenovo\.jdks\openjdk-19\bin\vcruntime140_1.dll
0x00007ff92ebd0000 - 0x00007ff92ec5e000 	C:\Users\Lenovo\.jdks\openjdk-19\bin\msvcp140.dll
0x00007ff8c4190000 - 0x00007ff8c4e50000 	C:\Users\Lenovo\.jdks\openjdk-19\bin\server\jvm.dll
0x00007ff942a30000 - 0x00007ff942ad3000 	C:\Windows\System32\ADVAPI32.dll
0x00007ff942ed0000 - 0x00007ff942f67000 	C:\Windows\System32\sechost.dll
0x00007ff937c80000 - 0x00007ff937c8a000 	C:\Windows\SYSTEM32\VERSION.dll
0x00007ff934f30000 - 0x00007ff934f39000 	C:\Windows\SYSTEM32\WSOCK32.dll
0x00007ff93e0d0000 - 0x00007ff93e0f4000 	C:\Windows\SYSTEM32\WINMM.dll
0x00007ff943450000 - 0x00007ff9434bf000 	C:\Windows\System32\WS2_32.dll
0x00007ff93e0a0000 - 0x00007ff93e0cd000 	C:\Windows\SYSTEM32\WINMMBASE.dll
0x00007ff9410f0000 - 0x00007ff94113a000 	C:\Windows\System32\cfgmgr32.dll
0x00007ff940940000 - 0x00007ff940951000 	C:\Windows\System32\kernel.appcore.dll
0x00007ff93aa60000 - 0x00007ff93aa6a000 	C:\Users\Lenovo\.jdks\openjdk-19\bin\jimage.dll
0x00007ff9355b0000 - 0x00007ff9357a4000 	C:\Windows\SYSTEM32\DBGHELP.DLL
0x00007ff935580000 - 0x00007ff9355aa000 	C:\Windows\SYSTEM32\dbgcore.DLL
0x00007ff93a440000 - 0x00007ff93a44e000 	C:\Users\Lenovo\.jdks\openjdk-19\bin\instrument.dll
0x00007ff92f670000 - 0x00007ff92f696000 	C:\Users\Lenovo\.jdks\openjdk-19\bin\java.dll
0x00007ff918970000 - 0x00007ff918a47000 	C:\Users\Lenovo\.jdks\openjdk-19\bin\jsvml.dll
0x00007ff941b10000 - 0x00007ff9421f7000 	C:\Windows\System32\SHELL32.dll
0x00007ff942fd0000 - 0x00007ff943078000 	C:\Windows\System32\shcore.dll
0x00007ff941370000 - 0x00007ff941aeb000 	C:\Windows\System32\windows.storage.dll
0x00007ff9409b0000 - 0x00007ff9409ce000 	C:\Windows\System32\profapi.dll
0x00007ff940960000 - 0x00007ff9409aa000 	C:\Windows\System32\powrprof.dll
0x00007ff940910000 - 0x00007ff940920000 	C:\Windows\System32\UMPDC.dll
0x00007ff942d10000 - 0x00007ff942d62000 	C:\Windows\System32\shlwapi.dll
0x00007ff941af0000 - 0x00007ff941b07000 	C:\Windows\System32\cryptsp.dll
0x00007ff92f7a0000 - 0x00007ff92f7b3000 	C:\Users\Lenovo\.jdks\openjdk-19\bin\net.dll
0x00007ff935460000 - 0x00007ff93555a000 	C:\Windows\SYSTEM32\WINHTTP.dll
0x00007ff9400f0000 - 0x00007ff940157000 	C:\Windows\system32\mswsock.dll
0x00007ff92f3f0000 - 0x00007ff92f406000 	C:\Users\Lenovo\.jdks\openjdk-19\bin\nio.dll
0x00007ff92f0f0000 - 0x00007ff92f108000 	C:\Users\Lenovo\.jdks\openjdk-19\bin\zip.dll
0x00007ff92f0c0000 - 0x00007ff92f0da000 	C:\Program Files\JetBrains\IntelliJ IDEA 2022.2.2\bin\breakgen64.dll
0x000001cfb0410000 - 0x000001cfb0413000 	C:\Users\Lenovo\.openjfx\cache\19-ea+7\amd64\api-ms-win-core-console-l1-1-0.dll
0x000001cfb0420000 - 0x000001cfb0423000 	C:\Users\Lenovo\.openjfx\cache\19-ea+7\amd64\api-ms-win-core-console-l1-2-0.dll
0x000001cfb0430000 - 0x000001cfb0433000 	C:\Users\Lenovo\.openjfx\cache\19-ea+7\amd64\api-ms-win-core-datetime-l1-1-0.dll
0x000001cfb0440000 - 0x000001cfb0443000 	C:\Users\Lenovo\.openjfx\cache\19-ea+7\amd64\api-ms-win-core-debug-l1-1-0.dll
0x000001cfb0450000 - 0x000001cfb0453000 	C:\Users\Lenovo\.openjfx\cache\19-ea+7\amd64\api-ms-win-core-errorhandling-l1-1-0.dll
0x000001cfcf9a0000 - 0x000001cfcf9a4000 	C:\Users\Lenovo\.openjfx\cache\19-ea+7\amd64\api-ms-win-core-file-l1-1-0.dll
0x000001cfcf9b0000 - 0x000001cfcf9b3000 	C:\Users\Lenovo\.openjfx\cache\19-ea+7\amd64\api-ms-win-core-file-l1-2-0.dll
0x000001cfcf9c0000 - 0x000001cfcf9c3000 	C:\Users\Lenovo\.openjfx\cache\19-ea+7\amd64\api-ms-win-core-file-l2-1-0.dll
0x000001cfcf9d0000 - 0x000001cfcf9d3000 	C:\Users\Lenovo\.openjfx\cache\19-ea+7\amd64\api-ms-win-core-handle-l1-1-0.dll
0x000001cfcf9e0000 - 0x000001cfcf9e3000 	C:\Users\Lenovo\.openjfx\cache\19-ea+7\amd64\api-ms-win-core-heap-l1-1-0.dll
0x000001cfcf9f0000 - 0x000001cfcf9f3000 	C:\Users\Lenovo\.openjfx\cache\19-ea+7\amd64\api-ms-win-core-interlocked-l1-1-0.dll
0x000001cfcfa00000 - 0x000001cfcfa03000 	C:\Users\Lenovo\.openjfx\cache\19-ea+7\amd64\api-ms-win-core-libraryloader-l1-1-0.dll
0x000001cfcfa10000 - 0x000001cfcfa13000 	C:\Users\Lenovo\.openjfx\cache\19-ea+7\amd64\api-ms-win-core-localization-l1-2-0.dll
0x000001cfcfa20000 - 0x000001cfcfa23000 	C:\Users\Lenovo\.openjfx\cache\19-ea+7\amd64\api-ms-win-core-memory-l1-1-0.dll
0x000001cfcfa30000 - 0x000001cfcfa33000 	C:\Users\Lenovo\.openjfx\cache\19-ea+7\amd64\api-ms-win-core-namedpipe-l1-1-0.dll
0x000001cfcfa40000 - 0x000001cfcfa43000 	C:\Users\Lenovo\.openjfx\cache\19-ea+7\amd64\api-ms-win-core-processenvironment-l1-1-0.dll
0x000001cfcfa50000 - 0x000001cfcfa53000 	C:\Users\Lenovo\.openjfx\cache\19-ea+7\amd64\api-ms-win-core-processthreads-l1-1-0.dll
0x000001cfcfa60000 - 0x000001cfcfa63000 	C:\Users\Lenovo\.openjfx\cache\19-ea+7\amd64\api-ms-win-core-processthreads-l1-1-1.dll
0x000001cfcfa70000 - 0x000001cfcfa73000 	C:\Users\Lenovo\.openjfx\cache\19-ea+7\amd64\api-ms-win-core-profile-l1-1-0.dll
0x000001cfcfa80000 - 0x000001cfcfa83000 	C:\Users\Lenovo\.openjfx\cache\19-ea+7\amd64\api-ms-win-core-rtlsupport-l1-1-0.dll
0x000001cfcfa90000 - 0x000001cfcfa93000 	C:\Users\Lenovo\.openjfx\cache\19-ea+7\amd64\api-ms-win-core-string-l1-1-0.dll
0x000001cfcfaa0000 - 0x000001cfcfaa3000 	C:\Users\Lenovo\.openjfx\cache\19-ea+7\amd64\api-ms-win-core-synch-l1-1-0.dll
0x000001cfcfab0000 - 0x000001cfcfab3000 	C:\Users\Lenovo\.openjfx\cache\19-ea+7\amd64\api-ms-win-core-synch-l1-2-0.dll
0x000001cfcfac0000 - 0x000001cfcfac3000 	C:\Users\Lenovo\.openjfx\cache\19-ea+7\amd64\api-ms-win-core-sysinfo-l1-1-0.dll
0x000001cfcfad0000 - 0x000001cfcfad3000 	C:\Users\Lenovo\.openjfx\cache\19-ea+7\amd64\api-ms-win-core-timezone-l1-1-0.dll
0x000001cfcfae0000 - 0x000001cfcfae3000 	C:\Users\Lenovo\.openjfx\cache\19-ea+7\amd64\api-ms-win-core-util-l1-1-0.dll
0x000001cfcfaf0000 - 0x000001cfcfaf3000 	C:\Users\Lenovo\.openjfx\cache\19-ea+7\amd64\api-ms-win-crt-conio-l1-1-0.dll
0x000001cfcfb00000 - 0x000001cfcfb04000 	C:\Users\Lenovo\.openjfx\cache\19-ea+7\amd64\api-ms-win-crt-convert-l1-1-0.dll
0x000001cfcfb10000 - 0x000001cfcfb13000 	C:\Users\Lenovo\.openjfx\cache\19-ea+7\amd64\api-ms-win-crt-environment-l1-1-0.dll
0x000001cfcfb20000 - 0x000001cfcfb23000 	C:\Users\Lenovo\.openjfx\cache\19-ea+7\amd64\api-ms-win-crt-filesystem-l1-1-0.dll
0x000001cfcfb30000 - 0x000001cfcfb33000 	C:\Users\Lenovo\.openjfx\cache\19-ea+7\amd64\api-ms-win-crt-heap-l1-1-0.dll
0x000001cfcfb40000 - 0x000001cfcfb43000 	C:\Users\Lenovo\.openjfx\cache\19-ea+7\amd64\api-ms-win-crt-locale-l1-1-0.dll
0x000001cfcfb50000 - 0x000001cfcfb55000 	C:\Users\Lenovo\.openjfx\cache\19-ea+7\amd64\api-ms-win-crt-math-l1-1-0.dll
0x000001cfcfb60000 - 0x000001cfcfb65000 	C:\Users\Lenovo\.openjfx\cache\19-ea+7\amd64\api-ms-win-crt-multibyte-l1-1-0.dll
0x000001cfcfb70000 - 0x000001cfcfb80000 	C:\Users\Lenovo\.openjfx\cache\19-ea+7\amd64\api-ms-win-crt-private-l1-1-0.dll
0x000001cfcfb80000 - 0x000001cfcfb83000 	C:\Users\Lenovo\.openjfx\cache\19-ea+7\amd64\api-ms-win-crt-process-l1-1-0.dll
0x000001cfcfb90000 - 0x000001cfcfb94000 	C:\Users\Lenovo\.openjfx\cache\19-ea+7\amd64\api-ms-win-crt-runtime-l1-1-0.dll
0x000001cfcfba0000 - 0x000001cfcfba4000 	C:\Users\Lenovo\.openjfx\cache\19-ea+7\amd64\api-ms-win-crt-stdio-l1-1-0.dll
0x000001cfcfbb0000 - 0x000001cfcfbb4000 	C:\Users\Lenovo\.openjfx\cache\19-ea+7\amd64\api-ms-win-crt-string-l1-1-0.dll
0x000001cfcfbc0000 - 0x000001cfcfbc3000 	C:\Users\Lenovo\.openjfx\cache\19-ea+7\amd64\api-ms-win-crt-time-l1-1-0.dll
0x000001cfcfbd0000 - 0x000001cfcfbd3000 	C:\Users\Lenovo\.openjfx\cache\19-ea+7\amd64\api-ms-win-crt-utility-l1-1-0.dll
0x00007ff8ef1d0000 - 0x00007ff8ef2cc000 	C:\Users\Lenovo\.openjfx\cache\19-ea+7\amd64\ucrtbase.dll
0x00007ff92f070000 - 0x00007ff92f08b000 	C:\Users\Lenovo\.openjfx\cache\19-ea+7\amd64\vcruntime140.dll
0x00007ff92f0b0000 - 0x00007ff92f0bc000 	C:\Users\Lenovo\.openjfx\cache\19-ea+7\amd64\vcruntime140_1.dll
0x00007ff917370000 - 0x00007ff9173fe000 	C:\Users\Lenovo\.openjfx\cache\19-ea+7\amd64\msvcp140.dll
0x00007ff918aa0000 - 0x00007ff918acc000 	C:\Users\Lenovo\.openjfx\cache\19-ea+7\amd64\prism_d3d.dll
0x00007ff8f85d0000 - 0x00007ff8f8797000 	C:\Windows\system32\d3d9.dll
0x00007ff93ed40000 - 0x00007ff93ed6d000 	C:\Windows\SYSTEM32\dwmapi.dll
0x00007ff93f550000 - 0x00007ff93f570000 	C:\Windows\SYSTEM32\dxcore.dll
0x00007ff93e920000 - 0x00007ff93e9b9000 	C:\Windows\system32\uxtheme.dll
0x00007ff937cb0000 - 0x00007ff937e8b000 	C:\Windows\System32\DriverStore\FileRepository\u0361456.inf_amd64_23e88333e0901bd6\B358570\aticfx64.dll
0x00007ff917160000 - 0x00007ff917193000 	C:\Windows\System32\DriverStore\FileRepository\u0361456.inf_amd64_23e88333e0901bd6\B358570\atiu9p64.dll
0x00007ff8a0530000 - 0x00007ff8a11c6000 	C:\Windows\System32\DriverStore\FileRepository\u0361456.inf_amd64_23e88333e0901bd6\B358570\atiumd64.dll
0x00007ff942d70000 - 0x00007ff942ec7000 	C:\Windows\System32\ole32.dll
0x00000000570e0000 - 0x0000000057f59000 	C:\Windows\System32\DriverStore\FileRepository\u0361456.inf_amd64_23e88333e0901bd6\B358570\atiumd6a.dll
0x00007ff9357b0000 - 0x00007ff9357df000 	C:\Windows\SYSTEM32\amdihk64.dll
0x00007ff916d60000 - 0x00007ff916da2000 	C:\Users\Lenovo\.openjfx\cache\19-ea+7\amd64\glass.dll
0x00007ff943240000 - 0x00007ff943310000 	C:\Windows\System32\COMDLG32.dll
0x00007ff943890000 - 0x00007ff943955000 	C:\Windows\System32\OLEAUT32.dll
0x00007ff9422a0000 - 0x00007ff9423d5000 	C:\Windows\System32\MSCTF.dll
0x00007ff92ebb0000 - 0x00007ff92ebc4000 	C:\Users\Lenovo\.openjfx\cache\19-ea+7\amd64\javafx_font.dll
0x00007ff911bb0000 - 0x00007ff911eae000 	C:\Windows\SYSTEM32\dwrite.dll
0x00007ff943310000 - 0x00007ff9433b2000 	C:\Windows\System32\clbcatq.dll
0x00007ff93c2d0000 - 0x00007ff93c47f000 	C:\Windows\SYSTEM32\WindowsCodecs.dll
0x00007ff90f060000 - 0x00007ff90f09b000 	C:\Windows\system32\dataexchange.dll
0x00007ff93d800000 - 0x00007ff93da5b000 	C:\Windows\system32\d3d11.dll
0x00007ff93dec0000 - 0x00007ff93e09d000 	C:\Windows\system32\dcomp.dll
0x00007ff93f5e0000 - 0x00007ff93f6cb000 	C:\Windows\system32\dxgi.dll
0x00007ff93e9f0000 - 0x00007ff93ec4a000 	C:\Windows\system32\twinapi.appcore.dll
0x00007ff93ef10000 - 0x00007ff93ef39000 	C:\Windows\system32\RMCLIENT.dll
0x00007ff916d20000 - 0x00007ff916d53000 	C:\Program Files\Common Files\Microsoft Shared\Ink\rtscom.dll
0x00007ff9197d0000 - 0x00007ff91986b000 	C:\Windows\System32\TextInputFramework.dll
0x00007ff93e470000 - 0x00007ff93e544000 	C:\Windows\System32\CoreMessaging.dll
0x00007ff93c7d0000 - 0x00007ff93cafa000 	C:\Windows\System32\CoreUIComponents.dll
0x00007ff93c670000 - 0x00007ff93c7c2000 	C:\Windows\SYSTEM32\wintypes.dll
0x00007ff93f950000 - 0x00007ff93f981000 	C:\Windows\SYSTEM32\ntmarta.dll
0x00007ff932a20000 - 0x00007ff932cc7000 	C:\Windows\System32\iertutil.dll

dbghelp: loaded successfully - version: 4.0.5 - missing functions: none
symbol engine: initialized successfully - sym options: 0x614 - pdb path: .;C:\Users\Lenovo\.jdks\openjdk-19\bin;C:\Windows\SYSTEM32;C:\Program Files\Avast Software\Avast;C:\Windows\WinSxS\amd64_microsoft.windows.common-controls_6595b64144ccf1df_6.0.18362.1556_none_9e7e372fe45e41d5;C:\Users\Lenovo\.jdks\openjdk-19\bin\server;C:\Program Files\JetBrains\IntelliJ IDEA 2022.2.2\bin;C:\Users\Lenovo\.openjfx\cache\19-ea+7\amd64;C:\Windows\System32\DriverStore\FileRepository\u0361456.inf_amd64_23e88333e0901bd6\B358570;C:\Program Files\Common Files\Microsoft Shared\Ink

VM Arguments:
jvm_args: -javaagent:C:\Program Files\JetBrains\IntelliJ IDEA 2022.2.2\lib\idea_rt.jar=1031:C:\Program Files\JetBrains\IntelliJ IDEA 2022.2.2\bin -Dfile.encoding=UTF-8 -Dsun.stdout.encoding=UTF-8 -Dsun.stderr.encoding=UTF-8 --module-path=D:\Курсовая (5 семестр)\InternetCommerce\target\classes;C:\Users\Lenovo\.m2\repository\org\openjfx\javafx-controls\19-ea+7\javafx-controls-19-ea+7-win.jar;C:\Program Files\Java\postgresql-42.5.0.jar;C:\Users\Lenovo\.m2\repository\org\openjfx\javafx-base\19-ea+7\javafx-base-19-ea+7-win.jar;C:\Users\Lenovo\.m2\repository\org\openjfx\javafx-graphics\19-ea+7\javafx-graphics-19-ea+7-win.jar;C:\Users\Lenovo\.m2\repository\org\openjfx\javafx-fxml\19-ea+7\javafx-fxml-19-ea+7-win.jar -Djdk.module.main=com.example.internetcommerce 
java_command: com.example.internetcommerce/com.example.internetcommerce.client.Client
java_class_path (initial): C:\Users\Lenovo\.m2\repository\org\openjfx\javafx-controls\19-ea+7\javafx-controls-19-ea+7.jar;C:\Users\Lenovo\.m2\repository\org\openjfx\javafx-graphics\19-ea+7\javafx-graphics-19-ea+7.jar;C:\Users\Lenovo\.m2\repository\org\openjfx\javafx-base\19-ea+7\javafx-base-19-ea+7.jar;C:\Users\Lenovo\.m2\repository\org\openjfx\javafx-fxml\19-ea+7\javafx-fxml-19-ea+7.jar
Launcher Type: SUN_STANDARD

[Global flags]
     intx CICompilerCount                          = 4                                         {product} {ergonomic}
     uint ConcGCThreads                            = 2                                         {product} {ergonomic}
     uint G1ConcRefinementThreads                  = 8                                         {product} {ergonomic}
   size_t G1HeapRegionSize                         = 1048576                                   {product} {ergonomic}
    uintx GCDrainStackTargetSize                   = 64                                        {product} {ergonomic}
   size_t InitialHeapSize                          = 100663296                                 {product} {ergonomic}
   size_t MarkStackSize                            = 4194304                                   {product} {ergonomic}
   size_t MaxHeapSize                              = 1595932672                                {product} {ergonomic}
   size_t MaxNewSize                               = 957349888                                 {product} {ergonomic}
   size_t MinHeapDeltaBytes                        = 1048576                                   {product} {ergonomic}
   size_t MinHeapSize                              = 8388608                                   {product} {ergonomic}
    uintx NonNMethodCodeHeapSize                   = 5839372                                {pd product} {ergonomic}
    uintx NonProfiledCodeHeapSize                  = 122909434                              {pd product} {ergonomic}
    uintx ProfiledCodeHeapSize                     = 122909434                              {pd product} {ergonomic}
    uintx ReservedCodeCacheSize                    = 251658240                              {pd product} {ergonomic}
     bool SegmentedCodeCache                       = true                                      {product} {ergonomic}
   size_t SoftMaxHeapSize                          = 1595932672                             {manageable} {ergonomic}
     bool UseCompressedClassPointers               = true                           {product lp64_product} {ergonomic}
     bool UseCompressedOops                        = true                           {product lp64_product} {ergonomic}
     bool UseG1GC                                  = true                                      {product} {ergonomic}
     bool UseLargePagesIndividualAllocation        = false                                  {pd product} {ergonomic}

Logging:
Log output configuration:
 #0: stdout all=off uptime,level,tags foldmultilines=false
 #1: stderr all=off uptime,level,tags foldmultilines=false

Environment Variables:
JAVA_HOME=C:\Program Files\Java\jdk-17.0.2
PATH=C:\Program Files (x86)\Rational\common;C:\Program Files\Git\cmd;C:\Program Files\Microsoft\Web Platform Installer\;C:\Program Files (x86)\Microsoft ASP.NET\ASP.NET Web Pages\v1.0\;C:\Program Files\Microsoft SQL Server\110\Tools\Binn\;C:\Program Files\dotnet\;C:\Program Files\Java\apache-maven-3.8.6\bin;C:\Users\Lenovo\AppData\Local\Microsoft\WindowsApps;C:\Program Files\JetBrains\IntelliJ IDEA Community Edition 2021.3.3\bin;;C:\Program Files\Azure Data Studio\bin;C:\Program Files\JetBrains\IntelliJ IDEA 2022.2.2\bin;;C:\Users\Lenovo\.dotnet\tools;C:\Program Files\Java\apache-maven-3.8.6\bin;
USERNAME=Lenovo
OS=Windows_NT
PROCESSOR_IDENTIFIER=AMD64 Family 23 Model 24 Stepping 1, AuthenticAMD
TMP=C:\Users\Lenovo\AppData\Local\Temp
TEMP=C:\Users\Lenovo\AppData\Local\Temp



---------------  S Y S T E M  ---------------

OS:
 Windows 10 , 64 bit Build 18362 (10.0.18362.1500)
OS uptime: 8 days 0:23 hours

CPU: total 8 (initial active 8) (8 cores per cpu, 2 threads per core) family 23 model 24 stepping 1 microcode 0x0, cx8, cmov, fxsr, ht, mmx, 3dnowpref, sse, sse2, sse3, ssse3, sse4a, sse4.1, sse4.2, popcnt, lzcnt, tsc, tscinvbit, avx, avx2, aes, clmul, bmi1, bmi2, adx, sha, fma, vzeroupper, clflush, clflushopt, rdtscp

Memory: 4k page, system-wide physical 6082M (508M free)
TotalPageFile size 19906M (AvailPageFile size 6528M)
current process WorkingSet (physical memory assigned to process): 133M, peak: 144M
current process commit charge ("private bytes"): 244M, peak: 262M

vm_info: OpenJDK 64-Bit Server VM (19+36-2238) for windows-amd64 JRE (19+36-2238), built on 2022-08-12T20:29:01Z by "mach5one" with MS VC++ 17.1 (VS2022)

END.
