#
# A fatal error has been detected by the Java Runtime Environment:
#
#  EXCEPTION_ACCESS_VIOLATION (0xc0000005) at pc=0x00007ff8f99463b7, pid=9056, tid=21480
#
# JRE version: OpenJDK Runtime Environment (19.0+36) (build 19+36-2238)
# Java VM: OpenJDK 64-Bit Server VM (19+36-2238, mixed mode, sharing, tiered, compressed oops, compressed class ptrs, g1 gc, windows-amd64)
# Problematic frame:
# C  [glass.dll+0x263b7]
#
# No core dump will be written. Minidumps are not enabled by default on client versions of Windows
#
# If you would like to submit a bug report, please visit:
#   https://bugreport.java.com/bugreport/crash.jsp
#

---------------  S U M M A R Y ------------

Command Line: -javaagent:C:\Program Files\JetBrains\IntelliJ IDEA 2022.2.2\lib\idea_rt.jar=15574:C:\Program Files\JetBrains\IntelliJ IDEA 2022.2.2\bin -Dfile.encoding=UTF-8 -Dsun.stdout.encoding=UTF-8 -Dsun.stderr.encoding=UTF-8 --module-path=C:\Users\Lenovo\.m2\repository\org\openjfx\javafx-base\19-ea+7\javafx-base-19-ea+7-win.jar;C:\Program Files\Java\postgresql-42.5.0.jar;C:\Users\Lenovo\.m2\repository\org\openjfx\javafx-controls\19-ea+7\javafx-controls-19-ea+7-win.jar;C:\Users\Lenovo\.m2\repository\org\openjfx\javafx-fxml\19-ea+7\javafx-fxml-19-ea+7-win.jar;D:\Курсовая (5 семестр)\InternetCommerce\target\classes;C:\Users\Lenovo\.m2\repository\org\openjfx\javafx-graphics\19-ea+7\javafx-graphics-19-ea+7-win.jar -Djdk.module.main=com.example.internetcommerce com.example.internetcommerce/com.example.internetcommerce.client.Client

Host: AMD Ryzen 5 3500U with Radeon Vega Mobile Gfx  , 8 cores, 5G,  Windows 10 , 64 bit Build 18362 (10.0.18362.1500)
Time: Mon Nov 21 21:26:17 2022 RTZ 2 (зима) elapsed time: 63.542645 seconds (0d 0h 1m 3s)

---------------  T H R E A D  ---------------

Current thread (0x000002299f364640):  VMThread "VM Thread" [stack: 0x0000005603d00000,0x0000005603e00000] [id=21480]

Stack: [0x0000005603d00000,0x0000005603e00000],  sp=0x0000005603dff370,  free space=1020k
Native frames: (J=compiled Java code, j=interpreted, Vv=VM code, C=native code)
C  [glass.dll+0x263b7]


siginfo: EXCEPTION_ACCESS_VIOLATION (0xc0000005), reading address 0x0000000000000000


Registers:
RAX=0x0000000000000000, RBX=0x000002299f369268, RCX=0x000002299f364640, RDX=0x0000005603dff370
RSP=0x0000005603dff370, RBP=0x00000229a3ecf1d8, RSI=0x00000229a3ecf1b0, RDI=0x000041a714fb6af8
R8 =0x0000000000010002, R9 =0x000041a714fb6af8, R10=0x0000000000008000, R11=0x0000005603dff300
R12=0x00007ff8f9943cf0, R13=0x00007ff8c4da72a0, R14=0x0000005603dff468, R15=0x00000229a3ecf1b0
RIP=0x00007ff8f99463b7, EFLAGS=0x0000000000010202


Register to memory mapping:

RIP=0x00007ff8f99463b7 glass.dll
RAX=0x0 is NULL
RBX=0x000002299f369268 is a global jni handle
RCX=0x000002299f364640 points into unknown readable memory: 0x00007ff8c4bb45d8 | d8 45 bb c4 f8 7f 00 00
RDX=0x0000005603dff370 points into unknown readable memory: 0x0000000000000000 | 00 00 00 00 00 00 00 00
RSP=0x0000005603dff370 points into unknown readable memory: 0x0000000000000000 | 00 00 00 00 00 00 00 00
RBP=0x00000229a3ecf1d8 points into unknown readable memory: 0x000041a714fb6af8 | f8 6a fb 14 a7 41 00 00
RSI=0x00000229a3ecf1b0 points into unknown readable memory: 0x080041d8ec02fec0 | c0 fe 02 ec d8 41 00 08
RDI=0x000041a714fb6af8 is an unknown value
R8 =0x0000000000010002 is an unknown value
R9 =0x000041a714fb6af8 is an unknown value
R10=0x0000000000008000 is an unknown value
R11=0x0000005603dff300 points into unknown readable memory: 0x00000229a3ecf1b0 | b0 f1 ec a3 29 02 00 00
R12=0x00007ff8f9943cf0 glass.dll
R13=0x00007ff8c4da72a0 jvm.dll
R14=0x0000005603dff468 points into unknown readable memory: 0x0000005603dff450 | 50 f4 df 03 56 00 00 00
R15=0x00000229a3ecf1b0 points into unknown readable memory: 0x080041d8ec02fec0 | c0 fe 02 ec d8 41 00 08


Top of Stack: (sp=0x0000005603dff370)
0x0000005603dff370:   0000000000000000 00000229a3ecf1b0
0x0000005603dff380:   00000229a3ecf1b0 00007ff8f99571a0
0x0000005603dff390:   00000229a3ecf1b8 00007ff940b49d26
0x0000005603dff3a0:   000041a714fb6af8 0000022900000000
0x0000005603dff3b0:   0000000000000000 00007ff940b49f66
0x0000005603dff3c0:   fffffffffffffffe 0000000000000000
0x0000005603dff3d0:   0000000000000001 00007ff8f9920000
0x0000005603dff3e0:   0000005603dff458 00007ff940b49c4b
0x0000005603dff3f0:   0000000000000000 0000005603dff468
0x0000005603dff400:   0000005603dff730 00007ff940c1bc20
0x0000005603dff410:   0000000000000001 00007ff940b49c04
0x0000005603dff420:   0000000000000000 0000000000000001
0x0000005603dff430:   00007ff93ec1ee00 0000005603dff458
0x0000005603dff440:   0000000000000000 00007ff8f9943b7d
0x0000005603dff450:   00007ff8f9959f88 00007ff900000002
0x0000005603dff460:   0000000000000002 0000005603dff450 

Instructions: (pc=0x00007ff8f99463b7)
0x00007ff8f99462b7:   8b 4d 58 e8 7d cf ff ff 48 8b 4d 60 e8 74 cf ff
0x00007ff8f99462c7:   ff 48 8b 95 80 00 00 00 48 8b 8d 18 01 00 00 e8
0x00007ff8f99462d7:   66 c4 ff ff 33 d2 33 c9 e8 bc e1 ff ff 90 48 89
0x00007ff8f99462e7:   54 24 10 55 48 83 ec 20 48 8b ea 48 b8 00 00 00
0x00007ff8f99462f7:   00 00 00 00 00 48 83 c4 20 5d c3 cc 40 55 48 8b
0x00007ff8f9946307:   ea 48 8b 01 33 c9 81 38 05 00 00 c0 0f 94 c1 8b
0x00007ff8f9946317:   c1 5d c3 cc 40 55 48 83 ec 20 48 8b ea 8a 4d 40
0x00007ff8f9946327:   48 83 c4 20 5d e9 63 d3 ff ff cc 40 55 48 83 ec
0x00007ff8f9946337:   20 48 8b ea 8a 4d 20 e8 51 d3 ff ff 90 48 83 c4
0x00007ff8f9946347:   20 5d c3 cc 40 55 48 83 ec 20 48 8b ea 48 83 c4
0x00007ff8f9946357:   20 5d e9 b2 d1 ff ff cc 40 55 48 83 ec 30 48 8b
0x00007ff8f9946367:   ea 48 8b 01 8b 10 48 89 4c 24 28 89 54 24 20 4c
0x00007ff8f9946377:   8d 0d 53 d6 ff ff 4c 8b 45 70 8b 55 68 48 8b 4d
0x00007ff8f9946387:   60 e8 f3 d0 ff ff 90 48 83 c4 30 5d c3 cc cc cc
0x00007ff8f9946397:   cc cc cc cc cc cc cc cc cc 40 53 48 83 ec 20 48
0x00007ff8f99463a7:   8b 1d db 35 01 00 48 85 db 74 16 e8 79 8b ff ff
0x00007ff8f99463b7:   4c 8b 00 48 8b d3 48 8b c8 41 ff 90 b0 00 00 00
0x00007ff8f99463c7:   90 48 83 c4 20 5b c3 cc cc 40 53 48 83 ec 20 48
0x00007ff8f99463d7:   8b 1d 4b 37 01 00 48 85 db 74 57 b8 ff ff ff ff
0x00007ff8f99463e7:   f0 0f c1 43 10 83 f8 01 75 3d 48 85 db 74 38 48
0x00007ff8f99463f7:   8b 0b 48 85 c9 74 0d ff 15 a4 0e 00 00 48 c7 03
0x00007ff8f9946407:   00 00 00 00 48 8b 4b 08 48 85 c9 74 0d e8 23 ce
0x00007ff8f9946417:   ff ff 48 c7 43 08 00 00 00 00 ba 18 00 00 00 48
0x00007ff8f9946427:   8b cb e8 0e ce ff ff 48 c7 05 ef 36 01 00 00 00
0x00007ff8f9946437:   00 00 48 83 c4 20 5b c3 cc 40 53 48 83 ec 20 48
0x00007ff8f9946447:   8b 1d bb 36 01 00 48 85 db 74 57 b8 ff ff ff ff
0x00007ff8f9946457:   f0 0f c1 43 10 83 f8 01 75 3d 48 85 db 74 38 48
0x00007ff8f9946467:   8b 0b 48 85 c9 74 0d ff 15 34 0e 00 00 48 c7 03
0x00007ff8f9946477:   00 00 00 00 48 8b 4b 08 48 85 c9 74 0d e8 b3 cd
0x00007ff8f9946487:   ff ff 48 c7 43 08 00 00 00 00 ba 18 00 00 00 48
0x00007ff8f9946497:   8b cb e8 9e cd ff ff 48 c7 05 5f 36 01 00 00 00
0x00007ff8f99464a7:   00 00 48 83 c4 20 5b c3 cc 40 53 48 83 ec 20 48 


Stack slot to memory mapping:
stack at sp + 0 slots: 0x0 is NULL
stack at sp + 1 slots: 0x00000229a3ecf1b0 points into unknown readable memory: 0x080041d8ec02fec0 | c0 fe 02 ec d8 41 00 08
stack at sp + 2 slots: 0x00000229a3ecf1b0 points into unknown readable memory: 0x080041d8ec02fec0 | c0 fe 02 ec d8 41 00 08
stack at sp + 3 slots: 0x00007ff8f99571a0 glass.dll
stack at sp + 4 slots: 0x00000229a3ecf1b8 points into unknown readable memory: 0x000041a714fb6af8 | f8 6a fb 14 a7 41 00 00
stack at sp + 5 slots: 0x00007ff940b49d26 ucrtbase.dll
stack at sp + 6 slots: 0x000041a714fb6af8 is an unknown value
stack at sp + 7 slots: 0x0000022900000000 is an unknown value

VM_Operation (0x00000056034ff240): Exit, mode: safepoint, requested by thread 0x00000229a406cc10


---------------  P R O C E S S  ---------------

Threads class SMR info:
_java_thread_list=0x00000229a93e4c80, length=20, elements={
0x0000022981e56bb0, 0x000002299f3803a0, 0x000002299f381330, 0x000002299f389ef0,
0x000002299f38ad70, 0x000002299f38d130, 0x000002299f391d70, 0x000002299f393020,
0x000002299f396920, 0x00000229a35675a0, 0x00000229a3936400, 0x00000229a3936940,
0x00000229a370f5d0, 0x00000229a3f9a6a0, 0x00000229a3ebb440, 0x00000229a38fcfd0,
0x00000229a40fab10, 0x00000229a406e150, 0x00000229a406b6d0, 0x00000229a406cc10
}

Java Threads: ( => current thread )
  0x0000022981e56bb0 JavaThread "main" [_thread_blocked, id=14860, stack(0x0000005603700000,0x0000005603800000)]
  0x000002299f3803a0 JavaThread "Reference Handler" daemon [_thread_blocked, id=13088, stack(0x0000005603e00000,0x0000005603f00000)]
  0x000002299f381330 JavaThread "Finalizer" daemon [_thread_blocked, id=13356, stack(0x0000005603f00000,0x0000005604000000)]
  0x000002299f389ef0 JavaThread "Attach Listener" daemon [_thread_blocked, id=8348, stack(0x0000005604100000,0x0000005604200000)]
  0x000002299f38ad70 JavaThread "Service Thread" daemon [_thread_blocked, id=7652, stack(0x0000005604200000,0x0000005604300000)]
  0x000002299f38d130 JavaThread "Monitor Deflation Thread" daemon [_thread_blocked, id=2868, stack(0x0000005604300000,0x0000005604400000)]
  0x000002299f391d70 JavaThread "C2 CompilerThread0" daemon [_thread_blocked, id=18008, stack(0x0000005604400000,0x0000005604500000)]
  0x000002299f393020 JavaThread "C1 CompilerThread0" daemon [_thread_blocked, id=15924, stack(0x0000005604500000,0x0000005604600000)]
  0x000002299f396920 JavaThread "Sweeper thread" daemon [_thread_blocked, id=8396, stack(0x0000005604600000,0x0000005604700000)]
  0x00000229a35675a0 JavaThread "Common-Cleaner" daemon [_thread_blocked, id=21496, stack(0x0000005604700000,0x0000005604800000)]
  0x00000229a3936400 JavaThread "Monitor Ctrl-Break" daemon [_thread_in_native, id=7932, stack(0x0000005604a00000,0x0000005604b00000)]
  0x00000229a3936940 JavaThread "Notification Thread" daemon [_thread_blocked, id=5212, stack(0x0000005604b00000,0x0000005604c00000)]
  0x00000229a370f5d0 JavaThread "QuantumRenderer-0" daemon [_thread_blocked, id=1892, stack(0x0000005604900000,0x0000005604a00000)]
  0x00000229a3f9a6a0 JavaThread "InvokeLaterDispatcher" daemon [_thread_blocked, id=13400, stack(0x0000005604f00000,0x0000005605000000)]
  0x00000229a3ebb440 JavaThread "JavaFX Application Thread" [_thread_in_native, id=19356, stack(0x0000005604800000,0x0000005604900000)]
  0x00000229a38fcfd0 JavaThread "Thread-1" daemon [_thread_in_native, id=4076, stack(0x0000005605700000,0x0000005605800000)]
  0x00000229a40fab10 JavaThread "JavaFX-Launcher" [_thread_blocked, id=3104, stack(0x0000005605800000,0x0000005605900000)]
  0x00000229a406e150 JavaThread "Prism Font Disposer" daemon [_thread_blocked, id=13760, stack(0x0000005606200000,0x0000005606300000)]
  0x00000229a406b6d0 JavaThread "Cleaner-0" daemon [_thread_blocked, id=3028, stack(0x0000005605000000,0x0000005605100000)]
  0x00000229a406cc10 JavaThread "SIGINT handler" daemon [_thread_blocked, id=14368, stack(0x0000005603400000,0x0000005603500000)]

Other Threads:
=>0x000002299f364640 VMThread "VM Thread" [stack: 0x0000005603d00000,0x0000005603e00000] [id=21480]
  0x0000022981ea8b80 WorkerThread "GC Thread#0" [stack: 0x0000005603800000,0x0000005603900000] [id=15676]
  0x00000229a8e1c910 WorkerThread "GC Thread#1" [stack: 0x0000005605900000,0x0000005605a00000] [id=8256]
  0x00000229a8e1cbe0 WorkerThread "GC Thread#2" [stack: 0x0000005605a00000,0x0000005605b00000] [id=11484]
  0x00000229a8e1d2c0 WorkerThread "GC Thread#3" [stack: 0x0000005605b00000,0x0000005605c00000] [id=17208]
  0x00000229a8e1e3f0 WorkerThread "GC Thread#4" [stack: 0x0000005605c00000,0x0000005605d00000] [id=18396]
  0x00000229a8e1db80 WorkerThread "GC Thread#5" [stack: 0x0000005605d00000,0x0000005605e00000] [id=18284]
  0x00000229a8e1de50 WorkerThread "GC Thread#6" [stack: 0x0000005605e00000,0x0000005605f00000] [id=19204]
  0x00000229a8e1ec60 WorkerThread "GC Thread#7" [stack: 0x0000005605f00000,0x0000005606000000] [id=11460]
  0x0000022981eb6ba0 ConcurrentGCThread "G1 Main Marker" terminated
  0x0000022981eb7d70 WorkerThread "G1 Conc#0" [stack: 0x0000005603a00000,0x0000005603b00000] [id=20676]
  0x0000022981f0e7b0 ConcurrentGCThread "G1 Refine#0" terminated
  0x000002299f224810 ConcurrentGCThread "G1 Service" terminated

Threads with active compile tasks:

VM state: at safepoint (shutting down)

VM Mutex/Monitor currently owned by a thread:  ([mutex/lock_event])
[0x0000022981e52170] Threads_lock - owner thread: 0x000002299f364640
[0x0000022981e52200] Heap_lock - owner thread: 0x00000229a406cc10

Heap address: 0x00000000a0e00000, size: 1522 MB, Compressed Oops mode: 32-bit

CDS archive(s) mapped at: [0x0000000800000000-0x0000000800c40000-0x0000000800c40000), size 12845056, SharedBaseAddress: 0x0000000800000000, ArchiveRelocationMode: 0.
Compressed class space mapped at: 0x0000000801000000-0x0000000841000000, reserved size: 1073741824
Narrow klass base: 0x0000000800000000, Narrow klass shift: 0, Narrow klass range: 0x100000000

GC Precious Log:
 CardTable entry size: 512
 Card Set container configuration: InlinePtr #cards 5 size 8 Array Of Cards #cards 12 size 40 Howl #buckets 4 coarsen threshold 1843 Howl Bitmap #cards 512 size 80 coarsen threshold 460 Card regions per heap region 1 cards per card region 2048
 CPUs: 8 total, 8 available
 Memory: 6082M
 Large Page Support: Disabled
 NUMA Support: Disabled
 Compressed Oops: Enabled (32-bit)
 Heap Region Size: 1M
 Heap Min Capacity: 8M
 Heap Initial Capacity: 96M
 Heap Max Capacity: 1522M
 Pre-touch: Disabled
 Parallel Workers: 8
 Concurrent Workers: 2
 Concurrent Refinement Workers: 8
 Periodic GC: Disabled

Heap:
 garbage-first heap   total 98304K, used 19777K [0x00000000a0e00000, 0x0000000100000000)
  region size 1024K, 15 young (15360K), 4 survivors (4096K)
 Metaspace       used 16414K, committed 16768K, reserved 1114112K
  class space    used 2141K, committed 2304K, reserved 1048576K

Heap Regions: E=young(eden), S=young(survivor), O=old, HS=humongous(starts), HC=humongous(continues), CS=collection set, F=free, OA=open archive, CA=closed archive, TAMS=top-at-mark-start (previous, next)
|   0|0x00000000a0e00000, 0x00000000a0f00000, 0x00000000a0f00000|100%| O|  |TAMS 0x00000000a0e00000, 0x00000000a0e00000| Untracked 
|   1|0x00000000a0f00000, 0x00000000a1000000, 0x00000000a1000000|100%|HS|  |TAMS 0x00000000a0f00000, 0x00000000a0f00000| Complete 
|   2|0x00000000a1000000, 0x00000000a1100000, 0x00000000a1100000|100%|HC|  |TAMS 0x00000000a1000000, 0x00000000a1000000| Complete 
|   3|0x00000000a1100000, 0x00000000a1200000, 0x00000000a1200000|100%| O|  |TAMS 0x00000000a1100000, 0x00000000a1100000| Untracked 
|   4|0x00000000a1200000, 0x00000000a1300000, 0x00000000a1300000|100%| O|  |TAMS 0x00000000a1200000, 0x00000000a1200000| Untracked 
|   5|0x00000000a1300000, 0x00000000a13b3600, 0x00000000a1400000| 70%| O|  |TAMS 0x00000000a1300000, 0x00000000a1300000| Untracked 
|   6|0x00000000a1400000, 0x00000000a1400000, 0x00000000a1500000|  0%| F|  |TAMS 0x00000000a1400000, 0x00000000a1400000| Untracked 
|   7|0x00000000a1500000, 0x00000000a1500000, 0x00000000a1600000|  0%| F|  |TAMS 0x00000000a1500000, 0x00000000a1500000| Untracked 
|   8|0x00000000a1600000, 0x00000000a1600000, 0x00000000a1700000|  0%| F|  |TAMS 0x00000000a1600000, 0x00000000a1600000| Untracked 
|   9|0x00000000a1700000, 0x00000000a1700000, 0x00000000a1800000|  0%| F|  |TAMS 0x00000000a1700000, 0x00000000a1700000| Untracked 
|  10|0x00000000a1800000, 0x00000000a1800000, 0x00000000a1900000|  0%| F|  |TAMS 0x00000000a1800000, 0x00000000a1800000| Untracked 
|  11|0x00000000a1900000, 0x00000000a1900000, 0x00000000a1a00000|  0%| F|  |TAMS 0x00000000a1900000, 0x00000000a1900000| Untracked 
|  12|0x00000000a1a00000, 0x00000000a1a00000, 0x00000000a1b00000|  0%| F|  |TAMS 0x00000000a1a00000, 0x00000000a1a00000| Untracked 
|  13|0x00000000a1b00000, 0x00000000a1b00000, 0x00000000a1c00000|  0%| F|  |TAMS 0x00000000a1b00000, 0x00000000a1b00000| Untracked 
|  14|0x00000000a1c00000, 0x00000000a1c00000, 0x00000000a1d00000|  0%| F|  |TAMS 0x00000000a1c00000, 0x00000000a1c00000| Untracked 
|  15|0x00000000a1d00000, 0x00000000a1d00000, 0x00000000a1e00000|  0%| F|  |TAMS 0x00000000a1d00000, 0x00000000a1d00000| Untracked 
|  16|0x00000000a1e00000, 0x00000000a1e00000, 0x00000000a1f00000|  0%| F|  |TAMS 0x00000000a1e00000, 0x00000000a1e00000| Untracked 
|  17|0x00000000a1f00000, 0x00000000a1f00000, 0x00000000a2000000|  0%| F|  |TAMS 0x00000000a1f00000, 0x00000000a1f00000| Untracked 
|  18|0x00000000a2000000, 0x00000000a2000000, 0x00000000a2100000|  0%| F|  |TAMS 0x00000000a2000000, 0x00000000a2000000| Untracked 
|  19|0x00000000a2100000, 0x00000000a2100000, 0x00000000a2200000|  0%| F|  |TAMS 0x00000000a2100000, 0x00000000a2100000| Untracked 
|  20|0x00000000a2200000, 0x00000000a2200000, 0x00000000a2300000|  0%| F|  |TAMS 0x00000000a2200000, 0x00000000a2200000| Untracked 
|  21|0x00000000a2300000, 0x00000000a2300000, 0x00000000a2400000|  0%| F|  |TAMS 0x00000000a2300000, 0x00000000a2300000| Untracked 
|  22|0x00000000a2400000, 0x00000000a2400000, 0x00000000a2500000|  0%| F|  |TAMS 0x00000000a2400000, 0x00000000a2400000| Untracked 
|  23|0x00000000a2500000, 0x00000000a2500000, 0x00000000a2600000|  0%| F|  |TAMS 0x00000000a2500000, 0x00000000a2500000| Untracked 
|  24|0x00000000a2600000, 0x00000000a2600000, 0x00000000a2700000|  0%| F|  |TAMS 0x00000000a2600000, 0x00000000a2600000| Untracked 
|  25|0x00000000a2700000, 0x00000000a2700000, 0x00000000a2800000|  0%| F|  |TAMS 0x00000000a2700000, 0x00000000a2700000| Untracked 
|  26|0x00000000a2800000, 0x00000000a2800000, 0x00000000a2900000|  0%| F|  |TAMS 0x00000000a2800000, 0x00000000a2800000| Untracked 
|  27|0x00000000a2900000, 0x00000000a2900000, 0x00000000a2a00000|  0%| F|  |TAMS 0x00000000a2900000, 0x00000000a2900000| Untracked 
|  28|0x00000000a2a00000, 0x00000000a2a00000, 0x00000000a2b00000|  0%| F|  |TAMS 0x00000000a2a00000, 0x00000000a2a00000| Untracked 
|  29|0x00000000a2b00000, 0x00000000a2b00000, 0x00000000a2c00000|  0%| F|  |TAMS 0x00000000a2b00000, 0x00000000a2b00000| Untracked 
|  30|0x00000000a2c00000, 0x00000000a2c00000, 0x00000000a2d00000|  0%| F|  |TAMS 0x00000000a2c00000, 0x00000000a2c00000| Untracked 
|  31|0x00000000a2d00000, 0x00000000a2d00000, 0x00000000a2e00000|  0%| F|  |TAMS 0x00000000a2d00000, 0x00000000a2d00000| Untracked 
|  32|0x00000000a2e00000, 0x00000000a2e00000, 0x00000000a2f00000|  0%| F|  |TAMS 0x00000000a2e00000, 0x00000000a2e00000| Untracked 
|  33|0x00000000a2f00000, 0x00000000a2f00000, 0x00000000a3000000|  0%| F|  |TAMS 0x00000000a2f00000, 0x00000000a2f00000| Untracked 
|  34|0x00000000a3000000, 0x00000000a3000000, 0x00000000a3100000|  0%| F|  |TAMS 0x00000000a3000000, 0x00000000a3000000| Untracked 
|  35|0x00000000a3100000, 0x00000000a3100000, 0x00000000a3200000|  0%| F|  |TAMS 0x00000000a3100000, 0x00000000a3100000| Untracked 
|  36|0x00000000a3200000, 0x00000000a3200000, 0x00000000a3300000|  0%| F|  |TAMS 0x00000000a3200000, 0x00000000a3200000| Untracked 
|  37|0x00000000a3300000, 0x00000000a3300000, 0x00000000a3400000|  0%| F|  |TAMS 0x00000000a3300000, 0x00000000a3300000| Untracked 
|  38|0x00000000a3400000, 0x00000000a3400000, 0x00000000a3500000|  0%| F|  |TAMS 0x00000000a3400000, 0x00000000a3400000| Untracked 
|  39|0x00000000a3500000, 0x00000000a3500000, 0x00000000a3600000|  0%| F|  |TAMS 0x00000000a3500000, 0x00000000a3500000| Untracked 
|  40|0x00000000a3600000, 0x00000000a3600000, 0x00000000a3700000|  0%| F|  |TAMS 0x00000000a3600000, 0x00000000a3600000| Untracked 
|  41|0x00000000a3700000, 0x00000000a3700000, 0x00000000a3800000|  0%| F|  |TAMS 0x00000000a3700000, 0x00000000a3700000| Untracked 
|  42|0x00000000a3800000, 0x00000000a3800000, 0x00000000a3900000|  0%| F|  |TAMS 0x00000000a3800000, 0x00000000a3800000| Untracked 
|  43|0x00000000a3900000, 0x00000000a3900000, 0x00000000a3a00000|  0%| F|  |TAMS 0x00000000a3900000, 0x00000000a3900000| Untracked 
|  44|0x00000000a3a00000, 0x00000000a3a00000, 0x00000000a3b00000|  0%| F|  |TAMS 0x00000000a3a00000, 0x00000000a3a00000| Untracked 
|  45|0x00000000a3b00000, 0x00000000a3b00000, 0x00000000a3c00000|  0%| F|  |TAMS 0x00000000a3b00000, 0x00000000a3b00000| Untracked 
|  46|0x00000000a3c00000, 0x00000000a3c00000, 0x00000000a3d00000|  0%| F|  |TAMS 0x00000000a3c00000, 0x00000000a3c00000| Untracked 
|  47|0x00000000a3d00000, 0x00000000a3d00000, 0x00000000a3e00000|  0%| F|  |TAMS 0x00000000a3d00000, 0x00000000a3d00000| Untracked 
|  48|0x00000000a3e00000, 0x00000000a3e00000, 0x00000000a3f00000|  0%| F|  |TAMS 0x00000000a3e00000, 0x00000000a3e00000| Untracked 
|  49|0x00000000a3f00000, 0x00000000a3f00000, 0x00000000a4000000|  0%| F|  |TAMS 0x00000000a3f00000, 0x00000000a3f00000| Untracked 
|  50|0x00000000a4000000, 0x00000000a4000000, 0x00000000a4100000|  0%| F|  |TAMS 0x00000000a4000000, 0x00000000a4000000| Untracked 
|  51|0x00000000a4100000, 0x00000000a4100000, 0x00000000a4200000|  0%| F|  |TAMS 0x00000000a4100000, 0x00000000a4100000| Untracked 
|  52|0x00000000a4200000, 0x00000000a4200000, 0x00000000a4300000|  0%| F|  |TAMS 0x00000000a4200000, 0x00000000a4200000| Untracked 
|  53|0x00000000a4300000, 0x00000000a4300000, 0x00000000a4400000|  0%| F|  |TAMS 0x00000000a4300000, 0x00000000a4300000| Untracked 
|  54|0x00000000a4400000, 0x00000000a4400000, 0x00000000a4500000|  0%| F|  |TAMS 0x00000000a4400000, 0x00000000a4400000| Untracked 
|  55|0x00000000a4500000, 0x00000000a4500000, 0x00000000a4600000|  0%| F|  |TAMS 0x00000000a4500000, 0x00000000a4500000| Untracked 
|  56|0x00000000a4600000, 0x00000000a4600000, 0x00000000a4700000|  0%| F|  |TAMS 0x00000000a4600000, 0x00000000a4600000| Untracked 
|  57|0x00000000a4700000, 0x00000000a4700000, 0x00000000a4800000|  0%| F|  |TAMS 0x00000000a4700000, 0x00000000a4700000| Untracked 
|  58|0x00000000a4800000, 0x00000000a489ce88, 0x00000000a4900000| 61%| S|CS|TAMS 0x00000000a4800000, 0x00000000a4800000| Complete 
|  59|0x00000000a4900000, 0x00000000a4a00000, 0x00000000a4a00000|100%| S|CS|TAMS 0x00000000a4900000, 0x00000000a4900000| Complete 
|  60|0x00000000a4a00000, 0x00000000a4b00000, 0x00000000a4b00000|100%| S|CS|TAMS 0x00000000a4a00000, 0x00000000a4a00000| Complete 
|  61|0x00000000a4b00000, 0x00000000a4c00000, 0x00000000a4c00000|100%| S|CS|TAMS 0x00000000a4b00000, 0x00000000a4b00000| Complete 
|  62|0x00000000a4c00000, 0x00000000a4c00000, 0x00000000a4d00000|  0%| F|  |TAMS 0x00000000a4c00000, 0x00000000a4c00000| Untracked 
|  63|0x00000000a4d00000, 0x00000000a4d00000, 0x00000000a4e00000|  0%| F|  |TAMS 0x00000000a4d00000, 0x00000000a4d00000| Untracked 
|  64|0x00000000a4e00000, 0x00000000a4e00000, 0x00000000a4f00000|  0%| F|  |TAMS 0x00000000a4e00000, 0x00000000a4e00000| Untracked 
|  65|0x00000000a4f00000, 0x00000000a4f00000, 0x00000000a5000000|  0%| F|  |TAMS 0x00000000a4f00000, 0x00000000a4f00000| Untracked 
|  66|0x00000000a5000000, 0x00000000a5000000, 0x00000000a5100000|  0%| F|  |TAMS 0x00000000a5000000, 0x00000000a5000000| Untracked 
|  67|0x00000000a5100000, 0x00000000a5100000, 0x00000000a5200000|  0%| F|  |TAMS 0x00000000a5100000, 0x00000000a5100000| Untracked 
|  68|0x00000000a5200000, 0x00000000a5200000, 0x00000000a5300000|  0%| F|  |TAMS 0x00000000a5200000, 0x00000000a5200000| Untracked 
|  69|0x00000000a5300000, 0x00000000a5300000, 0x00000000a5400000|  0%| F|  |TAMS 0x00000000a5300000, 0x00000000a5300000| Untracked 
|  70|0x00000000a5400000, 0x00000000a5400000, 0x00000000a5500000|  0%| F|  |TAMS 0x00000000a5400000, 0x00000000a5400000| Untracked 
|  71|0x00000000a5500000, 0x00000000a5500000, 0x00000000a5600000|  0%| F|  |TAMS 0x00000000a5500000, 0x00000000a5500000| Untracked 
|  72|0x00000000a5600000, 0x00000000a5600000, 0x00000000a5700000|  0%| F|  |TAMS 0x00000000a5600000, 0x00000000a5600000| Untracked 
|  73|0x00000000a5700000, 0x00000000a5700000, 0x00000000a5800000|  0%| F|  |TAMS 0x00000000a5700000, 0x00000000a5700000| Untracked 
|  74|0x00000000a5800000, 0x00000000a5800000, 0x00000000a5900000|  0%| F|  |TAMS 0x00000000a5800000, 0x00000000a5800000| Untracked 
|  75|0x00000000a5900000, 0x00000000a5900000, 0x00000000a5a00000|  0%| F|  |TAMS 0x00000000a5900000, 0x00000000a5900000| Untracked 
|  76|0x00000000a5a00000, 0x00000000a5a00000, 0x00000000a5b00000|  0%| F|  |TAMS 0x00000000a5a00000, 0x00000000a5a00000| Untracked 
|  77|0x00000000a5b00000, 0x00000000a5b00000, 0x00000000a5c00000|  0%| F|  |TAMS 0x00000000a5b00000, 0x00000000a5b00000| Untracked 
|  78|0x00000000a5c00000, 0x00000000a5c00000, 0x00000000a5d00000|  0%| F|  |TAMS 0x00000000a5c00000, 0x00000000a5c00000| Untracked 
|  79|0x00000000a5d00000, 0x00000000a5d00000, 0x00000000a5e00000|  0%| F|  |TAMS 0x00000000a5d00000, 0x00000000a5d00000| Untracked 
|  80|0x00000000a5e00000, 0x00000000a5e00000, 0x00000000a5f00000|  0%| F|  |TAMS 0x00000000a5e00000, 0x00000000a5e00000| Untracked 
|  81|0x00000000a5f00000, 0x00000000a5f00000, 0x00000000a6000000|  0%| F|  |TAMS 0x00000000a5f00000, 0x00000000a5f00000| Untracked 
|  82|0x00000000a6000000, 0x00000000a6000000, 0x00000000a6100000|  0%| F|  |TAMS 0x00000000a6000000, 0x00000000a6000000| Untracked 
|  83|0x00000000a6100000, 0x00000000a6100000, 0x00000000a6200000|  0%| F|  |TAMS 0x00000000a6100000, 0x00000000a6100000| Untracked 
|  84|0x00000000a6200000, 0x00000000a6200000, 0x00000000a6300000|  0%| F|  |TAMS 0x00000000a6200000, 0x00000000a6200000| Untracked 
|  85|0x00000000a6300000, 0x00000000a63226d0, 0x00000000a6400000| 13%| E|  |TAMS 0x00000000a6300000, 0x00000000a6300000| Complete 
|  86|0x00000000a6400000, 0x00000000a6500000, 0x00000000a6500000|100%| E|CS|TAMS 0x00000000a6400000, 0x00000000a6400000| Complete 
|  87|0x00000000a6500000, 0x00000000a6600000, 0x00000000a6600000|100%| E|CS|TAMS 0x00000000a6500000, 0x00000000a6500000| Complete 
|  88|0x00000000a6600000, 0x00000000a6700000, 0x00000000a6700000|100%| E|CS|TAMS 0x00000000a6600000, 0x00000000a6600000| Complete 
|  89|0x00000000a6700000, 0x00000000a6800000, 0x00000000a6800000|100%| E|CS|TAMS 0x00000000a6700000, 0x00000000a6700000| Complete 
|  90|0x00000000a6800000, 0x00000000a6900000, 0x00000000a6900000|100%| E|CS|TAMS 0x00000000a6800000, 0x00000000a6800000| Complete 
|  91|0x00000000a6900000, 0x00000000a6a00000, 0x00000000a6a00000|100%| E|CS|TAMS 0x00000000a6900000, 0x00000000a6900000| Complete 
|  92|0x00000000a6a00000, 0x00000000a6b00000, 0x00000000a6b00000|100%| E|CS|TAMS 0x00000000a6a00000, 0x00000000a6a00000| Complete 
|  93|0x00000000a6b00000, 0x00000000a6c00000, 0x00000000a6c00000|100%| E|CS|TAMS 0x00000000a6b00000, 0x00000000a6b00000| Complete 
|  94|0x00000000a6c00000, 0x00000000a6d00000, 0x00000000a6d00000|100%| E|CS|TAMS 0x00000000a6c00000, 0x00000000a6c00000| Complete 
|  95|0x00000000a6d00000, 0x00000000a6e00000, 0x00000000a6e00000|100%| E|CS|TAMS 0x00000000a6d00000, 0x00000000a6d00000| Complete 

Card table byte_map: [0x00000229993e0000,0x00000229996e0000] _byte_map_base: 0x0000022998ed9000

Marking Bits (Prev, Next): (CMBitMap*) 0x0000022981eaa1c0, (CMBitMap*) 0x0000022981eaa200
 Prev Bits: [0x00000229999e0000, 0x000002299b1a8000)
 Next Bits: [0x000002299b1b0000, 0x000002299c978000)

Polling page: 0x0000022981610000

Metaspace:

Usage:
  Non-class:     13.94 MB used.
      Class:      2.09 MB used.
       Both:     16.03 MB used.

Virtual space:
  Non-class space:       64.00 MB reserved,      14.13 MB ( 22%) committed,  1 nodes.
      Class space:        1.00 GB reserved,       2.25 MB ( <1%) committed,  1 nodes.
             Both:        1.06 GB reserved,      16.38 MB (  2%) committed. 

Chunk freelists:
   Non-Class:  1.30 MB
       Class:  1.77 MB
        Both:  3.06 MB

MaxMetaspaceSize: unlimited
CompressedClassSpaceSize: 1.00 GB
Initial GC threshold: 21.00 MB
Current GC threshold: 21.00 MB
CDS: on
MetaspaceReclaimPolicy: balanced
 - commit_granule_bytes: 65536.
 - commit_granule_words: 8192.
 - virtual_space_node_default_size: 8388608.
 - enlarge_chunks_in_place: 1.
 - new_chunks_are_fully_committed: 0.
 - uncommit_free_chunks: 1.
 - use_allocation_guard: 0.


Internal statistics:

num_allocs_failed_limit: 0.
num_arena_births: 362.
num_arena_deaths: 0.
num_vsnodes_births: 2.
num_vsnodes_deaths: 0.
num_space_committed: 262.
num_space_uncommitted: 0.
num_chunks_returned_to_freelist: 0.
num_chunks_taken_from_freelist: 856.
num_chunk_merges: 0.
num_chunk_splits: 594.
num_chunks_enlarged: 454.
num_inconsistent_stats: 0.

CodeHeap 'non-profiled nmethods': size=120000Kb used=1329Kb max_used=1329Kb free=118670Kb
 bounds [0x0000022991870000, 0x0000022991ae0000, 0x0000022998da0000]
CodeHeap 'profiled nmethods': size=120000Kb used=6936Kb max_used=6936Kb free=113063Kb
 bounds [0x0000022989da0000, 0x000002298a470000, 0x00000229912d0000]
CodeHeap 'non-nmethods': size=5760Kb used=1518Kb max_used=1559Kb free=4241Kb
 bounds [0x00000229912d0000, 0x0000022991540000, 0x0000022991870000]
 total_blobs=4369 nmethods=3572 adapters=707
 compilation: enabled
              stopped_count=0, restarted_count=0
 full_count=0

Compilation events (20 events):
Event: 41.243 Thread 0x000002299f393020 3563       3       javafx.css.StyleableObjectProperty::set (13 bytes)
Event: 41.243 Thread 0x000002299f393020 nmethod 3563 0x000002298a452710 code [0x000002298a4528c0, 0x000002298a452a68]
Event: 41.243 Thread 0x000002299f393020 3564       3       com.sun.javafx.text.PrismTextLayout::reset (27 bytes)
Event: 41.244 Thread 0x000002299f393020 nmethod 3564 0x000002298a452b10 code [0x000002298a452cc0, 0x000002298a452e68]
Event: 41.246 Thread 0x000002299f391d70 3565       4       javafx.scene.CssStyleHelper::resolveLookups (463 bytes)
Event: 41.246 Thread 0x000002299f393020 3566       3       javafx.scene.paint.Color::color (14 bytes)
Event: 41.246 Thread 0x000002299f393020 nmethod 3566 0x000002298a452f10 code [0x000002298a4530c0, 0x000002298a453248]
Event: 41.247 Thread 0x000002299f393020 3568   !   3       javafx.scene.CssStyleHelper::transitionToState (1033 bytes)
Event: 41.265 Thread 0x000002299f393020 nmethod 3568 0x000002298a453310 code [0x000002298a453c00, 0x000002298a459948]
Event: 41.265 Thread 0x000002299f393020 3569       3       javafx.collections.ObservableListBase::addListener (13 bytes)
Event: 41.266 Thread 0x000002299f393020 nmethod 3569 0x000002298a45c490 code [0x000002298a45c680, 0x000002298a45ccb8]
Event: 41.279 Thread 0x000002299f393020 3570   !   3       javafx.scene.CssStyleHelper::calculateValue (775 bytes)
Event: 41.293 Thread 0x000002299f393020 nmethod 3570 0x000002298a45ce90 code [0x000002298a45d760, 0x000002298a462c08]
Event: 41.293 Thread 0x000002299f393020 3571       3       com.sun.javafx.css.StyleCacheEntry$Key::equals (190 bytes)
Event: 41.295 Thread 0x000002299f393020 nmethod 3571 0x000002298a465310 code [0x000002298a465580, 0x000002298a465f48]
Event: 41.295 Thread 0x000002299f393020 3572       1       javafx.scene.shape.Shape::getMode (5 bytes)
Event: 41.295 Thread 0x000002299f393020 nmethod 3572 0x00000229919afe90 code [0x00000229919b0020, 0x00000229919b00f8]
Event: 41.673 Thread 0x000002299f391d70 nmethod 3565 0x00000229919b0190 code [0x00000229919b07c0, 0x00000229919b72b8]
Event: 41.675 Thread 0x000002299f391d70 3567       4       javafx.css.SizeUnits$1::pixels (8 bytes)
Event: 41.676 Thread 0x000002299f391d70 nmethod 3567 0x00000229919bc410 code [0x00000229919bc5c0, 0x00000229919bc658]

GC Heap History (4 events):
Event: 1.420 GC heap before
{Heap before GC invocations=0 (full 0):
 garbage-first heap   total 98304K, used 22528K [0x00000000a0e00000, 0x0000000100000000)
  region size 1024K, 23 young (23552K), 0 survivors (0K)
 Metaspace       used 5393K, committed 5568K, reserved 1114112K
  class space    used 601K, committed 704K, reserved 1048576K
}
Event: 1.430 GC heap after
{Heap after GC invocations=1 (full 0):
 garbage-first heap   total 98304K, used 3915K [0x00000000a0e00000, 0x0000000100000000)
  region size 1024K, 3 young (3072K), 3 survivors (3072K)
 Metaspace       used 5393K, committed 5568K, reserved 1114112K
  class space    used 601K, committed 704K, reserved 1048576K
}
Event: 2.873 GC heap before
{Heap before GC invocations=1 (full 0):
 garbage-first heap   total 98304K, used 36683K [0x00000000a0e00000, 0x0000000100000000)
  region size 1024K, 34 young (34816K), 3 survivors (3072K)
 Metaspace       used 14493K, committed 14784K, reserved 1114112K
  class space    used 2048K, committed 2176K, reserved 1048576K
}
Event: 2.885 GC heap after
{Heap after GC invocations=2 (full 0):
 garbage-first heap   total 98304K, used 9537K [0x00000000a0e00000, 0x0000000100000000)
  region size 1024K, 4 young (4096K), 4 survivors (4096K)
 Metaspace       used 14493K, committed 14784K, reserved 1114112K
  class space    used 2048K, committed 2176K, reserved 1048576K
}

Dll operation events (20 events):
Event: 0.844 Loaded shared library C:\Users\Lenovo\.openjfx\cache\19-ea+7\amd64\api-ms-win-crt-filesystem-l1-1-0.dll
Event: 0.849 Loaded shared library C:\Users\Lenovo\.openjfx\cache\19-ea+7\amd64\api-ms-win-crt-heap-l1-1-0.dll
Event: 0.855 Loaded shared library C:\Users\Lenovo\.openjfx\cache\19-ea+7\amd64\api-ms-win-crt-locale-l1-1-0.dll
Event: 0.861 Loaded shared library C:\Users\Lenovo\.openjfx\cache\19-ea+7\amd64\api-ms-win-crt-math-l1-1-0.dll
Event: 0.866 Loaded shared library C:\Users\Lenovo\.openjfx\cache\19-ea+7\amd64\api-ms-win-crt-multibyte-l1-1-0.dll
Event: 0.873 Loaded shared library C:\Users\Lenovo\.openjfx\cache\19-ea+7\amd64\api-ms-win-crt-private-l1-1-0.dll
Event: 0.879 Loaded shared library C:\Users\Lenovo\.openjfx\cache\19-ea+7\amd64\api-ms-win-crt-process-l1-1-0.dll
Event: 0.884 Loaded shared library C:\Users\Lenovo\.openjfx\cache\19-ea+7\amd64\api-ms-win-crt-runtime-l1-1-0.dll
Event: 0.891 Loaded shared library C:\Users\Lenovo\.openjfx\cache\19-ea+7\amd64\api-ms-win-crt-stdio-l1-1-0.dll
Event: 0.897 Loaded shared library C:\Users\Lenovo\.openjfx\cache\19-ea+7\amd64\api-ms-win-crt-string-l1-1-0.dll
Event: 0.904 Loaded shared library C:\Users\Lenovo\.openjfx\cache\19-ea+7\amd64\api-ms-win-crt-time-l1-1-0.dll
Event: 0.911 Loaded shared library C:\Users\Lenovo\.openjfx\cache\19-ea+7\amd64\api-ms-win-crt-utility-l1-1-0.dll
Event: 0.933 Loaded shared library C:\Users\Lenovo\.openjfx\cache\19-ea+7\amd64\ucrtbase.dll
Event: 0.941 Loaded shared library C:\Users\Lenovo\.openjfx\cache\19-ea+7\amd64\vcruntime140.dll
Event: 0.948 Loaded shared library C:\Users\Lenovo\.openjfx\cache\19-ea+7\amd64\vcruntime140_1.dll
Event: 0.962 Loaded shared library C:\Users\Lenovo\.openjfx\cache\19-ea+7\amd64\msvcp140.dll
Event: 1.041 Loaded shared library C:\Users\Lenovo\.openjfx\cache\19-ea+7\amd64\prism_d3d.dll
Event: 1.183 Loaded shared library C:\Users\Lenovo\.openjfx\cache\19-ea+7\amd64\glass.dll
Event: 1.219 Loaded shared library C:\Users\Lenovo\.jdks\openjdk-19\bin\jimage.dll
Event: 1.738 Loaded shared library C:\Users\Lenovo\.openjfx\cache\19-ea+7\amd64\javafx_font.dll

Deoptimization events (20 events):
Event: 16.713 Thread 0x00000229a3ebb440 Uncommon trap: trap_request=0xffffffde fr.pc=0x000002299196b0f8 relative=0x0000000000001058
Event: 16.713 Thread 0x00000229a3ebb440 Uncommon trap: reason=class_check action=maybe_recompile pc=0x000002299196b0f8 method=javafx.scene.Node.updateLocalToParentTransform()V @ 11 c2
Event: 16.713 Thread 0x00000229a3ebb440 DEOPT PACKING pc=0x000002299196b0f8 sp=0x00000056048fe550
Event: 16.713 Thread 0x00000229a3ebb440 DEOPT UNPACKING pc=0x0000022991336da3 sp=0x00000056048fe510 mode 2
Event: 16.713 Thread 0x00000229a3ebb440 Uncommon trap: trap_request=0xffffffde fr.pc=0x000002299196b0f8 relative=0x0000000000001058
Event: 16.713 Thread 0x00000229a3ebb440 Uncommon trap: reason=class_check action=maybe_recompile pc=0x000002299196b0f8 method=javafx.scene.Node.updateLocalToParentTransform()V @ 11 c2
Event: 16.713 Thread 0x00000229a3ebb440 DEOPT PACKING pc=0x000002299196b0f8 sp=0x00000056048fe550
Event: 16.713 Thread 0x00000229a3ebb440 DEOPT UNPACKING pc=0x0000022991336da3 sp=0x00000056048fe510 mode 2
Event: 35.754 Thread 0x00000229a3ebb440 Uncommon trap: trap_request=0xffffff45 fr.pc=0x00000229919a442c relative=0x00000000000002ac
Event: 35.754 Thread 0x00000229a3ebb440 Uncommon trap: reason=unstable_if action=reinterpret pc=0x00000229919a442c method=com.sun.javafx.scene.control.inputmap.KeyBinding.getSpecificity(Ljavafx/scene/input/KeyEvent;)I @ 35 c2
Event: 35.754 Thread 0x00000229a3ebb440 DEOPT PACKING pc=0x00000229919a442c sp=0x00000056048fadb0
Event: 35.754 Thread 0x00000229a3ebb440 DEOPT UNPACKING pc=0x0000022991336da3 sp=0x00000056048facd0 mode 2
Event: 41.182 Thread 0x00000229a3ebb440 Uncommon trap: trap_request=0xffffff45 fr.pc=0x000002299192deb0 relative=0x00000000000002f0
Event: 41.182 Thread 0x00000229a3ebb440 Uncommon trap: reason=unstable_if action=reinterpret pc=0x000002299192deb0 method=java.util.regex.Pattern$BmpCharPropertyGreedy.match(Ljava/util/regex/Matcher;ILjava/lang/CharSequence;)Z @ 73 c2
Event: 41.182 Thread 0x00000229a3ebb440 DEOPT PACKING pc=0x000002299192deb0 sp=0x00000056048f95b0
Event: 41.182 Thread 0x00000229a3ebb440 DEOPT UNPACKING pc=0x0000022991336da3 sp=0x00000056048f9570 mode 2
Event: 63.100 Thread 0x00000229a406d6b0 Uncommon trap: trap_request=0xffffff45 fr.pc=0x000002299195cbd8 relative=0x0000000000000138
Event: 63.100 Thread 0x00000229a406d6b0 Uncommon trap: reason=unstable_if action=reinterpret pc=0x000002299195cbd8 method=java.util.concurrent.locks.AbstractQueuedSynchronizer.release(I)Z @ 5 c2
Event: 63.100 Thread 0x00000229a406d6b0 DEOPT PACKING pc=0x000002299195cbd8 sp=0x00000056036fed30
Event: 63.100 Thread 0x00000229a406d6b0 DEOPT UNPACKING pc=0x0000022991336da3 sp=0x00000056036fec98 mode 2

Classes loaded (20 events):
Event: 16.450 Loading class java/io/ObjectStreamClass$3
Event: 16.450 Loading class java/io/ObjectStreamClass$3 done
Event: 16.450 Loading class java/io/ObjectStreamClass$4
Event: 16.450 Loading class java/io/ObjectStreamClass$4 done
Event: 16.450 Loading class java/io/ObjectStreamClass$5
Event: 16.451 Loading class java/io/ObjectStreamClass$5 done
Event: 16.451 Loading class sun/security/provider/SHA
Event: 16.451 Loading class sun/security/provider/SHA done
Event: 16.452 Loading class sun/security/provider/ByteArrayAccess$BE
Event: 16.452 Loading class sun/security/provider/ByteArrayAccess$BE done
Event: 16.454 Loading class java/io/ObjectStreamClass$ClassDataSlot
Event: 16.454 Loading class java/io/ObjectStreamClass$ClassDataSlot done
Event: 16.454 Loading class jdk/internal/reflect/MethodHandleLongFieldAccessorImpl
Event: 16.455 Loading class jdk/internal/reflect/MethodHandleLongFieldAccessorImpl done
Event: 16.458 Loading class java/nio/charset/CharacterCodingException
Event: 16.458 Loading class java/nio/charset/CharacterCodingException done
Event: 41.182 Loading class java/util/regex/Pattern$1
Event: 41.182 Loading class java/util/regex/Pattern$1 done
Event: 63.093 Loading class jdk/internal/misc/Signal$1
Event: 63.093 Loading class jdk/internal/misc/Signal$1 done

Classes unloaded (0 events):
No events

Classes redefined (0 events):
No events

Internal exceptions (20 events):
Event: 2.039 Thread 0x00000229a3ebb440 Implicit null exception at 0x00000229918e3f4c to 0x00000229918e41fc
Event: 2.040 Thread 0x00000229a3ebb440 Implicit null exception at 0x000002299189452f to 0x00000229918945a9
Event: 2.133 Thread 0x00000229a3ebb440 Implicit null exception at 0x00000229918df7fc to 0x00000229918dfe4c
Event: 2.279 Thread 0x00000229a3ebb440 Exception <a 'java/lang/NoSuchMethodError'{0x00000000a597b8e8}: 'java.lang.Object java.lang.invoke.DirectMethodHandle$Holder.invokeInterface(java.lang.Object, java.lang.Object, java.lang.Object)'> (0x00000000a597b8e8) 
thrown [s\open\src\hotspot\share\interpreter\linkResolver.cpp, line 774]
Event: 2.280 Thread 0x00000229a3ebb440 Exception <a 'java/lang/IncompatibleClassChangeError'{0x00000000a597f278}: Found class java.lang.Object, but interface was expected> (0x00000000a597f278) 
thrown [s\open\src\hotspot\share\interpreter\linkResolver.cpp, line 841]
Event: 2.373 Thread 0x00000229a3ebb440 Exception <a 'java/lang/ClassNotFoundException'{0x00000000a57ebc90}: com/sun/javafx/scene/control/skin/resources/controls> (0x00000000a57ebc90) 
thrown [s\open\src\hotspot\share\prims\jni.cpp, line 536]
Event: 2.375 Thread 0x00000229a3ebb440 Exception <a 'java/lang/ClassNotFoundException'{0x00000000a57f9cc0}: com/sun/javafx/scene/control/skin/resources/controls_ru> (0x00000000a57f9cc0) 
thrown [s\open\src\hotspot\share\prims\jni.cpp, line 536]
Event: 2.375 Thread 0x00000229a3ebb440 Exception <a 'java/lang/ClassNotFoundException'{0x00000000a57fac68}: com/sun/javafx/scene/control/skin/resources/controls_ru_RU> (0x00000000a57fac68) 
thrown [s\open\src\hotspot\share\prims\jni.cpp, line 536]
Event: 2.456 Thread 0x00000229a3ebb440 Exception <a 'java/lang/NoSuchMethodError'{0x00000000a527e968}: 'void java.lang.invoke.DirectMethodHandle$Holder.invokeSpecial(java.lang.Object, java.lang.Object, java.lang.Object, java.lang.Object, java.lang.Object, java.lang.Object)'> (0x00000000a527e968) 
thrown [s\open\src\hotspot\share\interpreter\linkResolver.cpp, line 774]
Event: 2.555 Thread 0x00000229a3ebb440 Exception <a 'java/lang/NoSuchMethodError'{0x00000000a4f70378}: 'int java.lang.invoke.DirectMethodHandle$Holder.invokeSpecial(java.lang.Object, java.lang.Object, int)'> (0x00000000a4f70378) 
thrown [s\open\src\hotspot\share\interpreter\linkResolver.cpp, line 774]
Event: 2.575 Thread 0x00000229a3ebb440 Exception <a 'java/lang/NoSuchMethodError'{0x00000000a4fa6578}: 'java.lang.Object java.lang.invoke.DirectMethodHandle$Holder.newInvokeSpecial(java.lang.Object, java.lang.Object, int)'> (0x00000000a4fa6578) 
thrown [s\open\src\hotspot\share\interpreter\linkResolver.cpp, line 774]
Event: 2.615 Thread 0x00000229a3ebb440 Exception <a 'sun/nio/fs/WindowsException'{0x00000000a4fb5328}> (0x00000000a4fb5328) 
thrown [s\open\src\hotspot\share\prims\jni.cpp, line 517]
Event: 2.698 Thread 0x00000229a370f5d0 Exception <a 'java/lang/NoSuchMethodError'{0x00000000a4e52f70}: 'int java.lang.invoke.DirectMethodHandle$Holder.invokeStaticInit(java.lang.Object, java.lang.Object)'> (0x00000000a4e52f70) 
thrown [s\open\src\hotspot\share\interpreter\linkResolver.cpp, line 774]
Event: 4.357 Thread 0x00000229a3ebb440 Exception <a 'java/lang/NoSuchMethodError'{0x00000000a6b280c0}: 'long java.lang.invoke.DirectMethodHandle$Holder.invokeStatic(java.lang.Object, java.lang.Object, java.lang.Object)'> (0x00000000a6b280c0) 
thrown [s\open\src\hotspot\share\interpreter\linkResolver.cpp, line 774]
Event: 4.357 Thread 0x00000229a3ebb440 Exception <a 'java/lang/NoSuchMethodError'{0x00000000a6b2b738}: 'long java.lang.invoke.DirectMethodHandle$Holder.invokeStaticInit(java.lang.Object, java.lang.Object, java.lang.Object)'> (0x00000000a6b2b738) 
thrown [s\open\src\hotspot\share\interpreter\linkResolver.cpp, line 774]
Event: 4.361 Thread 0x00000229a3ebb440 Exception <a 'java/lang/NoSuchMethodError'{0x00000000a6b43bd8}: 'java.lang.Object java.lang.invoke.DirectMethodHandle$Holder.newInvokeSpecial(java.lang.Object, java.lang.Object, long)'> (0x00000000a6b43bd8) 
thrown [s\open\src\hotspot\share\interpreter\linkResolver.cpp, line 774]
Event: 4.362 Thread 0x00000229a3ebb440 Exception <a 'java/lang/NoSuchMethodError'{0x00000000a6b47760}: 'java.lang.Object java.lang.invoke.Invokers$Holder.linkToTargetMethod(java.lang.Object, long, java.lang.Object)'> (0x00000000a6b47760) 
thrown [s\open\src\hotspot\share\interpreter\linkResolver.cpp, line 774]
Event: 16.450 Thread 0x00000229a3ebb440 Exception <a 'java/lang/NoSuchMethodError'{0x00000000a6916c30}: static Lcom/example/internetcommerce/models/User;.<clinit>()V> (0x00000000a6916c30) 
thrown [s\open\src\hotspot\share\prims\jni.cpp, line 1107]
Event: 16.455 Thread 0x00000229a3ebb440 Exception <a 'java/lang/NoSuchMethodError'{0x00000000a691bf60}: 'long java.lang.invoke.DirectMethodHandle$Holder.invokeSpecial(java.lang.Object, java.lang.Object)'> (0x00000000a691bf60) 
thrown [s\open\src\hotspot\share\interpreter\linkResolver.cpp, line 774]
Event: 16.456 Thread 0x00000229a3ebb440 Exception <a 'java/lang/NoSuchMethodError'{0x00000000a691fb68}: 'long java.lang.invoke.Invokers$Holder.invokeExact_MT(java.lang.Object, java.lang.Object)'> (0x00000000a691fb68) 
thrown [s\open\src\hotspot\share\interpreter\linkResolver.cpp, line 774]

VM Operations (20 events):
Event: 29.459 Executing VM operation: Cleanup done
Event: 31.459 Executing VM operation: Cleanup
Event: 31.460 Executing VM operation: Cleanup done
Event: 32.460 Executing VM operation: Cleanup
Event: 32.460 Executing VM operation: Cleanup done
Event: 33.461 Executing VM operation: Cleanup
Event: 33.461 Executing VM operation: Cleanup done
Event: 35.461 Executing VM operation: Cleanup
Event: 35.462 Executing VM operation: Cleanup done
Event: 36.462 Executing VM operation: Cleanup
Event: 36.462 Executing VM operation: Cleanup done
Event: 38.463 Executing VM operation: Cleanup
Event: 38.463 Executing VM operation: Cleanup done
Event: 39.463 Executing VM operation: Cleanup
Event: 39.463 Executing VM operation: Cleanup done
Event: 40.465 Executing VM operation: Cleanup
Event: 40.465 Executing VM operation: Cleanup done
Event: 42.465 Executing VM operation: Cleanup
Event: 42.465 Executing VM operation: Cleanup done
Event: 63.101 Executing VM operation: Exit

Events (20 events):
Event: 1.022 Thread 0x00000229a370f5d0 Thread added: 0x00000229a370f5d0
Event: 1.128 Thread 0x00000229a35aece0 Thread exited: 0x00000229a35aece0
Event: 1.189 Thread 0x00000229a3f9a6a0 Thread added: 0x00000229a3f9a6a0
Event: 1.201 Thread 0x00000229a3ebb440 Thread added: 0x00000229a3ebb440
Event: 1.228 Thread 0x00000229a3fae740 Thread added: 0x00000229a3fae740
Event: 1.359 Thread 0x00000229a38fcfd0 Thread added: 0x00000229a38fcfd0
Event: 1.376 Thread 0x00000229a40fab10 Thread added: 0x00000229a40fab10
Event: 1.819 Thread 0x00000229a8f32d00 Thread added: 0x00000229a8f32d00
Event: 2.262 Thread 0x00000229a406e150 Thread added: 0x00000229a406e150
Event: 2.512 Thread 0x00000229a8f32d00 Thread exited: 0x00000229a8f32d00
Event: 2.522 Thread 0x00000229a3fae740 Thread exited: 0x00000229a3fae740
Event: 2.786 Thread 0x00000229a406b6d0 Thread added: 0x00000229a406b6d0
Event: 17.822 Thread 0x00000229a92bd880 Thread added: 0x00000229a92bd880
Event: 18.116 Thread 0x00000229a92bd880 Thread exited: 0x00000229a92bd880
Event: 63.094 Thread 0x00000229a406cc10 Thread added: 0x00000229a406cc10
Event: 63.096 Thread 0x00000229a406d160 Thread added: 0x00000229a406d160
Event: 63.097 Thread 0x00000229a406d6b0 Thread added: 0x00000229a406d6b0
Event: 63.097 Thread 0x00000229a406d160 Thread exited: 0x00000229a406d160
Event: 63.101 Thread 0x00000229a406d6b0 Thread exited: 0x00000229a406d6b0
Event: 63.101 Thread 0x000002299f3847b0 Thread exited: 0x000002299f3847b0


Dynamic libraries:
0x00007ff684510000 - 0x00007ff68451e000 	C:\Users\Lenovo\.jdks\openjdk-19\bin\java.exe
0x00007ff943a60000 - 0x00007ff943c50000 	C:\Windows\SYSTEM32\ntdll.dll
0x00007ff906080000 - 0x00007ff906097000 	C:\Program Files\Avast Software\Avast\aswhook.dll
0x00007ff943960000 - 0x00007ff943a12000 	C:\Windows\System32\KERNEL32.DLL
0x00007ff940c30000 - 0x00007ff940ed5000 	C:\Windows\System32\KERNELBASE.dll
0x00007ff940b30000 - 0x00007ff940c2a000 	C:\Windows\System32\ucrtbase.dll
0x00007ff9331f0000 - 0x00007ff933207000 	C:\Users\Lenovo\.jdks\openjdk-19\bin\jli.dll
0x00007ff939e60000 - 0x00007ff939e7b000 	C:\Users\Lenovo\.jdks\openjdk-19\bin\VCRUNTIME140.dll
0x00007ff942890000 - 0x00007ff942a24000 	C:\Windows\System32\USER32.dll
0x00007ff940b00000 - 0x00007ff940b21000 	C:\Windows\System32\win32u.dll
0x00007ff911ec0000 - 0x00007ff912144000 	C:\Windows\WinSxS\amd64_microsoft.windows.common-controls_6595b64144ccf1df_6.0.18362.1556_none_9e7e372fe45e41d5\COMCTL32.dll
0x00007ff943080000 - 0x00007ff9430a6000 	C:\Windows\System32\GDI32.dll
0x00007ff942200000 - 0x00007ff94229e000 	C:\Windows\System32\msvcrt.dll
0x00007ff9411d0000 - 0x00007ff941368000 	C:\Windows\System32\gdi32full.dll
0x00007ff943550000 - 0x00007ff943886000 	C:\Windows\System32\combase.dll
0x00007ff9409d0000 - 0x00007ff940a6e000 	C:\Windows\System32\msvcp_win.dll
0x00007ff9430b0000 - 0x00007ff9431cf000 	C:\Windows\System32\RPCRT4.dll
0x00007ff940a70000 - 0x00007ff940af1000 	C:\Windows\System32\bcryptPrimitives.dll
0x00007ff942860000 - 0x00007ff94288e000 	C:\Windows\System32\IMM32.DLL
0x00007ff93cfd0000 - 0x00007ff93cfdc000 	C:\Users\Lenovo\.jdks\openjdk-19\bin\vcruntime140_1.dll
0x00007ff9189c0000 - 0x00007ff918a4e000 	C:\Users\Lenovo\.jdks\openjdk-19\bin\msvcp140.dll
0x00007ff8c4190000 - 0x00007ff8c4e50000 	C:\Users\Lenovo\.jdks\openjdk-19\bin\server\jvm.dll
0x00007ff942a30000 - 0x00007ff942ad3000 	C:\Windows\System32\ADVAPI32.dll
0x00007ff942ed0000 - 0x00007ff942f67000 	C:\Windows\System32\sechost.dll
0x00007ff93e0d0000 - 0x00007ff93e0f4000 	C:\Windows\SYSTEM32\WINMM.dll
0x00007ff934f30000 - 0x00007ff934f39000 	C:\Windows\SYSTEM32\WSOCK32.dll
0x00007ff937c80000 - 0x00007ff937c8a000 	C:\Windows\SYSTEM32\VERSION.dll
0x00007ff943450000 - 0x00007ff9434bf000 	C:\Windows\System32\WS2_32.dll
0x00007ff93e0a0000 - 0x00007ff93e0cd000 	C:\Windows\SYSTEM32\winmmbase.dll
0x00007ff9410f0000 - 0x00007ff94113a000 	C:\Windows\System32\cfgmgr32.dll
0x00007ff940940000 - 0x00007ff940951000 	C:\Windows\System32\kernel.appcore.dll
0x00007ff93aa60000 - 0x00007ff93aa6a000 	C:\Users\Lenovo\.jdks\openjdk-19\bin\jimage.dll
0x00007ff9355b0000 - 0x00007ff9357a4000 	C:\Windows\SYSTEM32\DBGHELP.DLL
0x00007ff935580000 - 0x00007ff9355aa000 	C:\Windows\SYSTEM32\dbgcore.DLL
0x00007ff92e730000 - 0x00007ff92e73e000 	C:\Users\Lenovo\.jdks\openjdk-19\bin\instrument.dll
0x00007ff92ec30000 - 0x00007ff92ec56000 	C:\Users\Lenovo\.jdks\openjdk-19\bin\java.dll
0x00007ff8f9b70000 - 0x00007ff8f9c47000 	C:\Users\Lenovo\.jdks\openjdk-19\bin\jsvml.dll
0x00007ff941b10000 - 0x00007ff9421f7000 	C:\Windows\System32\SHELL32.dll
0x00007ff942fd0000 - 0x00007ff943078000 	C:\Windows\System32\shcore.dll
0x00007ff941370000 - 0x00007ff941aeb000 	C:\Windows\System32\windows.storage.dll
0x00007ff9409b0000 - 0x00007ff9409ce000 	C:\Windows\System32\profapi.dll
0x00007ff940960000 - 0x00007ff9409aa000 	C:\Windows\System32\powrprof.dll
0x00007ff940910000 - 0x00007ff940920000 	C:\Windows\System32\UMPDC.dll
0x00007ff942d10000 - 0x00007ff942d62000 	C:\Windows\System32\shlwapi.dll
0x00007ff941af0000 - 0x00007ff941b07000 	C:\Windows\System32\cryptsp.dll
0x00007ff92f7a0000 - 0x00007ff92f7b3000 	C:\Users\Lenovo\.jdks\openjdk-19\bin\net.dll
0x00007ff935460000 - 0x00007ff93555a000 	C:\Windows\SYSTEM32\WINHTTP.dll
0x00007ff9400f0000 - 0x00007ff940157000 	C:\Windows\system32\mswsock.dll
0x00007ff92f070000 - 0x00007ff92f086000 	C:\Users\Lenovo\.jdks\openjdk-19\bin\nio.dll
0x00007ff92ebc0000 - 0x00007ff92ebd8000 	C:\Users\Lenovo\.jdks\openjdk-19\bin\zip.dll
0x00007ff92e510000 - 0x00007ff92e52a000 	C:\Program Files\JetBrains\IntelliJ IDEA 2022.2.2\bin\breakgen64.dll
0x00000229a4100000 - 0x00000229a4103000 	C:\Users\Lenovo\.openjfx\cache\19-ea+7\amd64\api-ms-win-core-console-l1-1-0.dll
0x00000229a4110000 - 0x00000229a4113000 	C:\Users\Lenovo\.openjfx\cache\19-ea+7\amd64\api-ms-win-core-console-l1-2-0.dll
0x00000229a4120000 - 0x00000229a4123000 	C:\Users\Lenovo\.openjfx\cache\19-ea+7\amd64\api-ms-win-core-datetime-l1-1-0.dll
0x00000229a4130000 - 0x00000229a4133000 	C:\Users\Lenovo\.openjfx\cache\19-ea+7\amd64\api-ms-win-core-debug-l1-1-0.dll
0x00000229a4140000 - 0x00000229a4143000 	C:\Users\Lenovo\.openjfx\cache\19-ea+7\amd64\api-ms-win-core-errorhandling-l1-1-0.dll
0x00000229a4150000 - 0x00000229a4154000 	C:\Users\Lenovo\.openjfx\cache\19-ea+7\amd64\api-ms-win-core-file-l1-1-0.dll
0x00000229a4160000 - 0x00000229a4163000 	C:\Users\Lenovo\.openjfx\cache\19-ea+7\amd64\api-ms-win-core-file-l1-2-0.dll
0x00000229a4170000 - 0x00000229a4173000 	C:\Users\Lenovo\.openjfx\cache\19-ea+7\amd64\api-ms-win-core-file-l2-1-0.dll
0x00000229a4180000 - 0x00000229a4183000 	C:\Users\Lenovo\.openjfx\cache\19-ea+7\amd64\api-ms-win-core-handle-l1-1-0.dll
0x00000229a4190000 - 0x00000229a4193000 	C:\Users\Lenovo\.openjfx\cache\19-ea+7\amd64\api-ms-win-core-heap-l1-1-0.dll
0x00000229a41a0000 - 0x00000229a41a3000 	C:\Users\Lenovo\.openjfx\cache\19-ea+7\amd64\api-ms-win-core-interlocked-l1-1-0.dll
0x00000229a41b0000 - 0x00000229a41b3000 	C:\Users\Lenovo\.openjfx\cache\19-ea+7\amd64\api-ms-win-core-libraryloader-l1-1-0.dll
0x00000229a41c0000 - 0x00000229a41c3000 	C:\Users\Lenovo\.openjfx\cache\19-ea+7\amd64\api-ms-win-core-localization-l1-2-0.dll
0x00000229a41d0000 - 0x00000229a41d3000 	C:\Users\Lenovo\.openjfx\cache\19-ea+7\amd64\api-ms-win-core-memory-l1-1-0.dll
0x00000229a41e0000 - 0x00000229a41e3000 	C:\Users\Lenovo\.openjfx\cache\19-ea+7\amd64\api-ms-win-core-namedpipe-l1-1-0.dll
0x00000229a41f0000 - 0x00000229a41f3000 	C:\Users\Lenovo\.openjfx\cache\19-ea+7\amd64\api-ms-win-core-processenvironment-l1-1-0.dll
0x00000229a4200000 - 0x00000229a4203000 	C:\Users\Lenovo\.openjfx\cache\19-ea+7\amd64\api-ms-win-core-processthreads-l1-1-0.dll
0x00000229a4210000 - 0x00000229a4213000 	C:\Users\Lenovo\.openjfx\cache\19-ea+7\amd64\api-ms-win-core-processthreads-l1-1-1.dll
0x00000229a4220000 - 0x00000229a4223000 	C:\Users\Lenovo\.openjfx\cache\19-ea+7\amd64\api-ms-win-core-profile-l1-1-0.dll
0x00000229a4230000 - 0x00000229a4233000 	C:\Users\Lenovo\.openjfx\cache\19-ea+7\amd64\api-ms-win-core-rtlsupport-l1-1-0.dll
0x00000229a4240000 - 0x00000229a4243000 	C:\Users\Lenovo\.openjfx\cache\19-ea+7\amd64\api-ms-win-core-string-l1-1-0.dll
0x00000229a4250000 - 0x00000229a4253000 	C:\Users\Lenovo\.openjfx\cache\19-ea+7\amd64\api-ms-win-core-synch-l1-1-0.dll
0x00000229a4260000 - 0x00000229a4263000 	C:\Users\Lenovo\.openjfx\cache\19-ea+7\amd64\api-ms-win-core-synch-l1-2-0.dll
0x00000229a4270000 - 0x00000229a4273000 	C:\Users\Lenovo\.openjfx\cache\19-ea+7\amd64\api-ms-win-core-sysinfo-l1-1-0.dll
0x00000229a4280000 - 0x00000229a4283000 	C:\Users\Lenovo\.openjfx\cache\19-ea+7\amd64\api-ms-win-core-timezone-l1-1-0.dll
0x00000229a4290000 - 0x00000229a4293000 	C:\Users\Lenovo\.openjfx\cache\19-ea+7\amd64\api-ms-win-core-util-l1-1-0.dll
0x00000229a42a0000 - 0x00000229a42a3000 	C:\Users\Lenovo\.openjfx\cache\19-ea+7\amd64\api-ms-win-crt-conio-l1-1-0.dll
0x00000229a42b0000 - 0x00000229a42b4000 	C:\Users\Lenovo\.openjfx\cache\19-ea+7\amd64\api-ms-win-crt-convert-l1-1-0.dll
0x00000229a42c0000 - 0x00000229a42c3000 	C:\Users\Lenovo\.openjfx\cache\19-ea+7\amd64\api-ms-win-crt-environment-l1-1-0.dll
0x00000229a42d0000 - 0x00000229a42d3000 	C:\Users\Lenovo\.openjfx\cache\19-ea+7\amd64\api-ms-win-crt-filesystem-l1-1-0.dll
0x00000229a42e0000 - 0x00000229a42e3000 	C:\Users\Lenovo\.openjfx\cache\19-ea+7\amd64\api-ms-win-crt-heap-l1-1-0.dll
0x00000229a42f0000 - 0x00000229a42f3000 	C:\Users\Lenovo\.openjfx\cache\19-ea+7\amd64\api-ms-win-crt-locale-l1-1-0.dll
0x00000229a4300000 - 0x00000229a4305000 	C:\Users\Lenovo\.openjfx\cache\19-ea+7\amd64\api-ms-win-crt-math-l1-1-0.dll
0x00000229a4310000 - 0x00000229a4315000 	C:\Users\Lenovo\.openjfx\cache\19-ea+7\amd64\api-ms-win-crt-multibyte-l1-1-0.dll
0x00000229a4320000 - 0x00000229a4330000 	C:\Users\Lenovo\.openjfx\cache\19-ea+7\amd64\api-ms-win-crt-private-l1-1-0.dll
0x00000229a4330000 - 0x00000229a4333000 	C:\Users\Lenovo\.openjfx\cache\19-ea+7\amd64\api-ms-win-crt-process-l1-1-0.dll
0x00000229a4340000 - 0x00000229a4344000 	C:\Users\Lenovo\.openjfx\cache\19-ea+7\amd64\api-ms-win-crt-runtime-l1-1-0.dll
0x00000229a4350000 - 0x00000229a4354000 	C:\Users\Lenovo\.openjfx\cache\19-ea+7\amd64\api-ms-win-crt-stdio-l1-1-0.dll
0x00000229a4360000 - 0x00000229a4364000 	C:\Users\Lenovo\.openjfx\cache\19-ea+7\amd64\api-ms-win-crt-string-l1-1-0.dll
0x00000229a4370000 - 0x00000229a4373000 	C:\Users\Lenovo\.openjfx\cache\19-ea+7\amd64\api-ms-win-crt-time-l1-1-0.dll
0x00000229a4380000 - 0x00000229a4383000 	C:\Users\Lenovo\.openjfx\cache\19-ea+7\amd64\api-ms-win-crt-utility-l1-1-0.dll
0x00007ff8f9a70000 - 0x00007ff8f9b6c000 	C:\Users\Lenovo\.openjfx\cache\19-ea+7\amd64\ucrtbase.dll
0x00007ff918ab0000 - 0x00007ff918acb000 	C:\Users\Lenovo\.openjfx\cache\19-ea+7\amd64\vcruntime140.dll
0x00007ff918aa0000 - 0x00007ff918aac000 	C:\Users\Lenovo\.openjfx\cache\19-ea+7\amd64\vcruntime140_1.dll
0x00007ff8ef090000 - 0x00007ff8ef11e000 	C:\Users\Lenovo\.openjfx\cache\19-ea+7\amd64\msvcp140.dll
0x00007ff9174d0000 - 0x00007ff9174fc000 	C:\Users\Lenovo\.openjfx\cache\19-ea+7\amd64\prism_d3d.dll
0x00007ff8f85d0000 - 0x00007ff8f8797000 	C:\Windows\system32\d3d9.dll
0x00007ff93ed40000 - 0x00007ff93ed6d000 	C:\Windows\SYSTEM32\dwmapi.dll
0x00007ff93f550000 - 0x00007ff93f570000 	C:\Windows\SYSTEM32\dxcore.dll
0x00007ff93e920000 - 0x00007ff93e9b9000 	C:\Windows\system32\uxtheme.dll
0x00007ff937cb0000 - 0x00007ff937e8b000 	C:\Windows\System32\DriverStore\FileRepository\u0361456.inf_amd64_23e88333e0901bd6\B358570\aticfx64.dll
0x00007ff92ebe0000 - 0x00007ff92ec13000 	C:\Windows\System32\DriverStore\FileRepository\u0361456.inf_amd64_23e88333e0901bd6\B358570\atiu9p64.dll
0x00007ff89eb00000 - 0x00007ff89f796000 	C:\Windows\System32\DriverStore\FileRepository\u0361456.inf_amd64_23e88333e0901bd6\B358570\atiumd64.dll
0x00007ff942d70000 - 0x00007ff942ec7000 	C:\Windows\System32\ole32.dll
0x00000000570e0000 - 0x0000000057f59000 	C:\Windows\System32\DriverStore\FileRepository\u0361456.inf_amd64_23e88333e0901bd6\B358570\atiumd6a.dll
0x00007ff9357b0000 - 0x00007ff9357df000 	C:\Windows\SYSTEM32\amdihk64.dll
0x00007ff8f9920000 - 0x00007ff8f9962000 	C:\Users\Lenovo\.openjfx\cache\19-ea+7\amd64\glass.dll
0x00007ff943240000 - 0x00007ff943310000 	C:\Windows\System32\COMDLG32.dll
0x00007ff943890000 - 0x00007ff943955000 	C:\Windows\System32\OLEAUT32.dll
0x00007ff9422a0000 - 0x00007ff9423d5000 	C:\Windows\System32\MSCTF.dll
0x00007ff9173e0000 - 0x00007ff9173f4000 	C:\Users\Lenovo\.openjfx\cache\19-ea+7\amd64\javafx_font.dll
0x00007ff911bb0000 - 0x00007ff911eae000 	C:\Windows\SYSTEM32\dwrite.dll
0x00007ff943310000 - 0x00007ff9433b2000 	C:\Windows\System32\clbcatq.dll
0x00007ff93c2d0000 - 0x00007ff93c47f000 	C:\Windows\SYSTEM32\WindowsCodecs.dll
0x00007ff90f060000 - 0x00007ff90f09b000 	C:\Windows\system32\dataexchange.dll
0x00007ff93dec0000 - 0x00007ff93e09d000 	C:\Windows\system32\dcomp.dll
0x00007ff93d800000 - 0x00007ff93da5b000 	C:\Windows\system32\d3d11.dll
0x00007ff93f5e0000 - 0x00007ff93f6cb000 	C:\Windows\system32\dxgi.dll
0x00007ff93e9f0000 - 0x00007ff93ec4a000 	C:\Windows\system32\twinapi.appcore.dll
0x00007ff93ef10000 - 0x00007ff93ef39000 	C:\Windows\system32\RMCLIENT.dll
0x00007ff917360000 - 0x00007ff917393000 	C:\Program Files\Common Files\Microsoft Shared\Ink\rtscom.dll
0x00007ff9197d0000 - 0x00007ff91986b000 	C:\Windows\System32\TextInputFramework.dll
0x00007ff93c7d0000 - 0x00007ff93cafa000 	C:\Windows\System32\CoreUIComponents.dll
0x00007ff93e470000 - 0x00007ff93e544000 	C:\Windows\System32\CoreMessaging.dll
0x00007ff93f950000 - 0x00007ff93f981000 	C:\Windows\SYSTEM32\ntmarta.dll
0x00007ff93c670000 - 0x00007ff93c7c2000 	C:\Windows\SYSTEM32\wintypes.dll
0x00007ff932a20000 - 0x00007ff932cc7000 	C:\Windows\System32\iertutil.dll

dbghelp: loaded successfully - version: 4.0.5 - missing functions: none
symbol engine: initialized successfully - sym options: 0x614 - pdb path: .;C:\Users\Lenovo\.jdks\openjdk-19\bin;C:\Windows\SYSTEM32;C:\Program Files\Avast Software\Avast;C:\Windows\WinSxS\amd64_microsoft.windows.common-controls_6595b64144ccf1df_6.0.18362.1556_none_9e7e372fe45e41d5;C:\Users\Lenovo\.jdks\openjdk-19\bin\server;C:\Program Files\JetBrains\IntelliJ IDEA 2022.2.2\bin;C:\Users\Lenovo\.openjfx\cache\19-ea+7\amd64;C:\Windows\System32\DriverStore\FileRepository\u0361456.inf_amd64_23e88333e0901bd6\B358570;C:\Program Files\Common Files\Microsoft Shared\Ink

VM Arguments:
jvm_args: -javaagent:C:\Program Files\JetBrains\IntelliJ IDEA 2022.2.2\lib\idea_rt.jar=15574:C:\Program Files\JetBrains\IntelliJ IDEA 2022.2.2\bin -Dfile.encoding=UTF-8 -Dsun.stdout.encoding=UTF-8 -Dsun.stderr.encoding=UTF-8 --module-path=C:\Users\Lenovo\.m2\repository\org\openjfx\javafx-base\19-ea+7\javafx-base-19-ea+7-win.jar;C:\Program Files\Java\postgresql-42.5.0.jar;C:\Users\Lenovo\.m2\repository\org\openjfx\javafx-controls\19-ea+7\javafx-controls-19-ea+7-win.jar;C:\Users\Lenovo\.m2\repository\org\openjfx\javafx-fxml\19-ea+7\javafx-fxml-19-ea+7-win.jar;D:\Курсовая (5 семестр)\InternetCommerce\target\classes;C:\Users\Lenovo\.m2\repository\org\openjfx\javafx-graphics\19-ea+7\javafx-graphics-19-ea+7-win.jar -Djdk.module.main=com.example.internetcommerce 
java_command: com.example.internetcommerce/com.example.internetcommerce.client.Client
java_class_path (initial): C:\Users\Lenovo\.m2\repository\org\openjfx\javafx-controls\19-ea+7\javafx-controls-19-ea+7.jar;C:\Users\Lenovo\.m2\repository\org\openjfx\javafx-graphics\19-ea+7\javafx-graphics-19-ea+7.jar;C:\Users\Lenovo\.m2\repository\org\openjfx\javafx-base\19-ea+7\javafx-base-19-ea+7.jar;C:\Users\Lenovo\.m2\repository\org\openjfx\javafx-fxml\19-ea+7\javafx-fxml-19-ea+7.jar
Launcher Type: SUN_STANDARD

[Global flags]
     intx CICompilerCount                          = 4                                         {product} {ergonomic}
     uint ConcGCThreads                            = 2                                         {product} {ergonomic}
     uint G1ConcRefinementThreads                  = 8                                         {product} {ergonomic}
   size_t G1HeapRegionSize                         = 1048576                                   {product} {ergonomic}
    uintx GCDrainStackTargetSize                   = 64                                        {product} {ergonomic}
   size_t InitialHeapSize                          = 100663296                                 {product} {ergonomic}
   size_t MarkStackSize                            = 4194304                                   {product} {ergonomic}
   size_t MaxHeapSize                              = 1595932672                                {product} {ergonomic}
   size_t MaxNewSize                               = 957349888                                 {product} {ergonomic}
   size_t MinHeapDeltaBytes                        = 1048576                                   {product} {ergonomic}
   size_t MinHeapSize                              = 8388608                                   {product} {ergonomic}
    uintx NonNMethodCodeHeapSize                   = 5839372                                {pd product} {ergonomic}
    uintx NonProfiledCodeHeapSize                  = 122909434                              {pd product} {ergonomic}
    uintx ProfiledCodeHeapSize                     = 122909434                              {pd product} {ergonomic}
    uintx ReservedCodeCacheSize                    = 251658240                              {pd product} {ergonomic}
     bool SegmentedCodeCache                       = true                                      {product} {ergonomic}
   size_t SoftMaxHeapSize                          = 1595932672                             {manageable} {ergonomic}
     bool UseCompressedClassPointers               = true                           {product lp64_product} {ergonomic}
     bool UseCompressedOops                        = true                           {product lp64_product} {ergonomic}
     bool UseG1GC                                  = true                                      {product} {ergonomic}
     bool UseLargePagesIndividualAllocation        = false                                  {pd product} {ergonomic}

Logging:
Log output configuration:
 #0: stdout all=off uptime,level,tags foldmultilines=false
 #1: stderr all=off uptime,level,tags foldmultilines=false

Environment Variables:
JAVA_HOME=C:\Program Files\Java\jdk-17.0.2
PATH=C:\Program Files (x86)\Rational\common;C:\Program Files\Git\cmd;C:\Program Files\Microsoft\Web Platform Installer\;C:\Program Files (x86)\Microsoft ASP.NET\ASP.NET Web Pages\v1.0\;C:\Program Files\Microsoft SQL Server\110\Tools\Binn\;C:\Program Files\dotnet\;C:\Program Files\Java\apache-maven-3.8.6\bin;C:\Users\Lenovo\AppData\Local\Microsoft\WindowsApps;C:\Program Files\JetBrains\IntelliJ IDEA Community Edition 2021.3.3\bin;;C:\Program Files\Azure Data Studio\bin;C:\Program Files\JetBrains\IntelliJ IDEA 2022.2.2\bin;;C:\Users\Lenovo\.dotnet\tools;C:\Program Files\Java\apache-maven-3.8.6\bin;
USERNAME=Lenovo
OS=Windows_NT
PROCESSOR_IDENTIFIER=AMD64 Family 23 Model 24 Stepping 1, AuthenticAMD
TMP=C:\Users\Lenovo\AppData\Local\Temp
TEMP=C:\Users\Lenovo\AppData\Local\Temp



---------------  S Y S T E M  ---------------

OS:
 Windows 10 , 64 bit Build 18362 (10.0.18362.1500)
OS uptime: 7 days 5:24 hours

CPU: total 8 (initial active 8) (8 cores per cpu, 2 threads per core) family 23 model 24 stepping 1 microcode 0x0, cx8, cmov, fxsr, ht, mmx, 3dnowpref, sse, sse2, sse3, ssse3, sse4a, sse4.1, sse4.2, popcnt, lzcnt, tsc, tscinvbit, avx, avx2, aes, clmul, bmi1, bmi2, adx, sha, fma, vzeroupper, clflush, clflushopt, rdtscp

Memory: 4k page, system-wide physical 6082M (1058M free)
TotalPageFile size 19906M (AvailPageFile size 7103M)
current process WorkingSet (physical memory assigned to process): 132M, peak: 150M
current process commit charge ("private bytes"): 243M, peak: 268M

vm_info: OpenJDK 64-Bit Server VM (19+36-2238) for windows-amd64 JRE (19+36-2238), built on 2022-08-12T20:29:01Z by "mach5one" with MS VC++ 17.1 (VS2022)

END.
