#
# A fatal error has been detected by the Java Runtime Environment:
#
#  EXCEPTION_ACCESS_VIOLATION (0xc0000005) at pc=0x00007ff8f99463b7, pid=13904, tid=21084
#
# JRE version: OpenJDK Runtime Environment (19.0+36) (build 19+36-2238)
# Java VM: OpenJDK 64-Bit Server VM (19+36-2238, mixed mode, sharing, tiered, compressed oops, compressed class ptrs, g1 gc, windows-amd64)
# Problematic frame:
# C  [glass.dll+0x263b7]
#
# No core dump will be written. Minidumps are not enabled by default on client versions of Windows
#
# If you would like to submit a bug report, please visit:
#   https://bugreport.java.com/bugreport/crash.jsp
#

---------------  S U M M A R Y ------------

Command Line: -javaagent:C:\Program Files\JetBrains\IntelliJ IDEA 2022.2.2\lib\idea_rt.jar=1034:C:\Program Files\JetBrains\IntelliJ IDEA 2022.2.2\bin -Dfile.encoding=UTF-8 -Dsun.stdout.encoding=UTF-8 -Dsun.stderr.encoding=UTF-8 --module-path=C:\Users\Lenovo\.m2\repository\org\openjfx\javafx-base\19-ea+7\javafx-base-19-ea+7-win.jar;C:\Program Files\Java\postgresql-42.5.0.jar;C:\Users\Lenovo\.m2\repository\org\openjfx\javafx-controls\19-ea+7\javafx-controls-19-ea+7-win.jar;C:\Users\Lenovo\.m2\repository\org\openjfx\javafx-fxml\19-ea+7\javafx-fxml-19-ea+7-win.jar;D:\Курсовая (5 семестр)\InternetCommerce\target\classes;C:\Users\Lenovo\.m2\repository\org\openjfx\javafx-graphics\19-ea+7\javafx-graphics-19-ea+7-win.jar -Djdk.module.main=com.example.internetcommerce com.example.internetcommerce/com.example.internetcommerce.client.Client

Host: AMD Ryzen 5 3500U with Radeon Vega Mobile Gfx  , 8 cores, 5G,  Windows 10 , 64 bit Build 18362 (10.0.18362.1500)
Time: Mon Nov 21 21:28:43 2022 RTZ 2 (зима) elapsed time: 89.546101 seconds (0d 0h 1m 29s)

---------------  T H R E A D  ---------------

Current thread (0x000001bf7f5861f0):  VMThread "VM Thread" [stack: 0x000000386d900000,0x000000386da00000] [id=21084]

Stack: [0x000000386d900000,0x000000386da00000],  sp=0x000000386d9fed90,  free space=1019k
Native frames: (J=compiled Java code, j=interpreted, Vv=VM code, C=native code)
C  [glass.dll+0x263b7]


siginfo: EXCEPTION_ACCESS_VIOLATION (0xc0000005), reading address 0x0000000000000000


Registers:
RAX=0x0000000000000000, RBX=0x000001bf7f58c468, RCX=0x000001bf7f5861f0, RDX=0x000000386d9fed90
RSP=0x000000386d9fed90, RBP=0x000001bf099c8bc8, RSI=0x000001bf099c8ba0, RDI=0x00005185d4ae968e
R8 =0x0000000000010002, R9 =0x00005185d4ae968e, R10=0x0000000000008000, R11=0x000000386d9fed20
R12=0x00007ff8f9943cf0, R13=0x00007ff8c4da72a0, R14=0x000000386d9fee88, R15=0x000001bf099c8ba0
RIP=0x00007ff8f99463b7, EFLAGS=0x0000000000010206


Register to memory mapping:

RIP=0x00007ff8f99463b7 glass.dll
RAX=0x0 is NULL
RBX=0x000001bf7f58c468 is a global jni handle
RCX=0x000001bf7f5861f0 points into unknown readable memory: 0x00007ff8c4bb45d8 | d8 45 bb c4 f8 7f 00 00
RDX=0x000000386d9fed90 points into unknown readable memory: 0x0000000000000000 | 00 00 00 00 00 00 00 00
RSP=0x000000386d9fed90 points into unknown readable memory: 0x0000000000000000 | 00 00 00 00 00 00 00 00
RBP=0x000001bf099c8bc8 points into unknown readable memory: 0x00005185d4ae968e | 8e 96 ae d4 85 51 00 00
RSI=0x000001bf099c8ba0 points into unknown readable memory: 0x1ffe6fe0daac968e | 8e 96 ac da e0 6f fe 1f
RDI=0x00005185d4ae968e is an unknown value
R8 =0x0000000000010002 is an unknown value
R9 =0x00005185d4ae968e is an unknown value
R10=0x0000000000008000 is an unknown value
R11=0x000000386d9fed20 points into unknown readable memory: 0x000001bf099c8ba0 | a0 8b 9c 09 bf 01 00 00
R12=0x00007ff8f9943cf0 glass.dll
R13=0x00007ff8c4da72a0 jvm.dll
R14=0x000000386d9fee88 points into unknown readable memory: 0x000000386d9fee70 | 70 ee 9f 6d 38 00 00 00
R15=0x000001bf099c8ba0 points into unknown readable memory: 0x1ffe6fe0daac968e | 8e 96 ac da e0 6f fe 1f


Top of Stack: (sp=0x000000386d9fed90)
0x000000386d9fed90:   0000000000000000 000001bf099c8ba0
0x000000386d9feda0:   000001bf099c8ba0 00007ff8f99571a0
0x000000386d9fedb0:   000001bf099c8ba8 00007ff940b49d26
0x000000386d9fedc0:   00005185d4ae968e 000001bf00000000
0x000000386d9fedd0:   0000000000000000 00007ff940b49f66
0x000000386d9fede0:   fffffffffffffffe 0000000000000000
0x000000386d9fedf0:   0000000000000001 00007ff8f9920000
0x000000386d9fee00:   000000386d9fee78 00007ff940b49c4b
0x000000386d9fee10:   0000000000000000 000000386d9fee88
0x000000386d9fee20:   000000386d9ff150 00007ff940c1bc20
0x000000386d9fee30:   0000000000000001 00007ff940b49c04
0x000000386d9fee40:   0000000000000000 0000000000000001
0x000000386d9fee50:   00007ff93ec1ee00 000000386d9fee78
0x000000386d9fee60:   0000000000000000 00007ff8f9943b7d
0x000000386d9fee70:   00007ff8f9959f88 00007ff900000002
0x000000386d9fee80:   0000000000000002 000000386d9fee70 

Instructions: (pc=0x00007ff8f99463b7)
0x00007ff8f99462b7:   8b 4d 58 e8 7d cf ff ff 48 8b 4d 60 e8 74 cf ff
0x00007ff8f99462c7:   ff 48 8b 95 80 00 00 00 48 8b 8d 18 01 00 00 e8
0x00007ff8f99462d7:   66 c4 ff ff 33 d2 33 c9 e8 bc e1 ff ff 90 48 89
0x00007ff8f99462e7:   54 24 10 55 48 83 ec 20 48 8b ea 48 b8 00 00 00
0x00007ff8f99462f7:   00 00 00 00 00 48 83 c4 20 5d c3 cc 40 55 48 8b
0x00007ff8f9946307:   ea 48 8b 01 33 c9 81 38 05 00 00 c0 0f 94 c1 8b
0x00007ff8f9946317:   c1 5d c3 cc 40 55 48 83 ec 20 48 8b ea 8a 4d 40
0x00007ff8f9946327:   48 83 c4 20 5d e9 63 d3 ff ff cc 40 55 48 83 ec
0x00007ff8f9946337:   20 48 8b ea 8a 4d 20 e8 51 d3 ff ff 90 48 83 c4
0x00007ff8f9946347:   20 5d c3 cc 40 55 48 83 ec 20 48 8b ea 48 83 c4
0x00007ff8f9946357:   20 5d e9 b2 d1 ff ff cc 40 55 48 83 ec 30 48 8b
0x00007ff8f9946367:   ea 48 8b 01 8b 10 48 89 4c 24 28 89 54 24 20 4c
0x00007ff8f9946377:   8d 0d 53 d6 ff ff 4c 8b 45 70 8b 55 68 48 8b 4d
0x00007ff8f9946387:   60 e8 f3 d0 ff ff 90 48 83 c4 30 5d c3 cc cc cc
0x00007ff8f9946397:   cc cc cc cc cc cc cc cc cc 40 53 48 83 ec 20 48
0x00007ff8f99463a7:   8b 1d db 35 01 00 48 85 db 74 16 e8 79 8b ff ff
0x00007ff8f99463b7:   4c 8b 00 48 8b d3 48 8b c8 41 ff 90 b0 00 00 00
0x00007ff8f99463c7:   90 48 83 c4 20 5b c3 cc cc 40 53 48 83 ec 20 48
0x00007ff8f99463d7:   8b 1d 4b 37 01 00 48 85 db 74 57 b8 ff ff ff ff
0x00007ff8f99463e7:   f0 0f c1 43 10 83 f8 01 75 3d 48 85 db 74 38 48
0x00007ff8f99463f7:   8b 0b 48 85 c9 74 0d ff 15 a4 0e 00 00 48 c7 03
0x00007ff8f9946407:   00 00 00 00 48 8b 4b 08 48 85 c9 74 0d e8 23 ce
0x00007ff8f9946417:   ff ff 48 c7 43 08 00 00 00 00 ba 18 00 00 00 48
0x00007ff8f9946427:   8b cb e8 0e ce ff ff 48 c7 05 ef 36 01 00 00 00
0x00007ff8f9946437:   00 00 48 83 c4 20 5b c3 cc 40 53 48 83 ec 20 48
0x00007ff8f9946447:   8b 1d bb 36 01 00 48 85 db 74 57 b8 ff ff ff ff
0x00007ff8f9946457:   f0 0f c1 43 10 83 f8 01 75 3d 48 85 db 74 38 48
0x00007ff8f9946467:   8b 0b 48 85 c9 74 0d ff 15 34 0e 00 00 48 c7 03
0x00007ff8f9946477:   00 00 00 00 48 8b 4b 08 48 85 c9 74 0d e8 b3 cd
0x00007ff8f9946487:   ff ff 48 c7 43 08 00 00 00 00 ba 18 00 00 00 48
0x00007ff8f9946497:   8b cb e8 9e cd ff ff 48 c7 05 5f 36 01 00 00 00
0x00007ff8f99464a7:   00 00 48 83 c4 20 5b c3 cc 40 53 48 83 ec 20 48 


Stack slot to memory mapping:
stack at sp + 0 slots: 0x0 is NULL
stack at sp + 1 slots: 0x000001bf099c8ba0 points into unknown readable memory: 0x1ffe6fe0daac968e | 8e 96 ac da e0 6f fe 1f
stack at sp + 2 slots: 0x000001bf099c8ba0 points into unknown readable memory: 0x1ffe6fe0daac968e | 8e 96 ac da e0 6f fe 1f
stack at sp + 3 slots: 0x00007ff8f99571a0 glass.dll
stack at sp + 4 slots: 0x000001bf099c8ba8 points into unknown readable memory: 0x00005185d4ae968e | 8e 96 ae d4 85 51 00 00
stack at sp + 5 slots: 0x00007ff940b49d26 ucrtbase.dll
stack at sp + 6 slots: 0x00005185d4ae968e is an unknown value
stack at sp + 7 slots: 0x000001bf00000000 points into unknown readable memory: 0x0000000000000000 | 00 00 00 00 00 00 00 00

VM_Operation (0x000000386d0feda0): Exit, mode: safepoint, requested by thread 0x000001bf0f0ab6a0


---------------  P R O C E S S  ---------------

Threads class SMR info:
_java_thread_list=0x000001bf0f403cb0, length=20, elements={
0x000001bf67026a30, 0x000001bf7f5a3130, 0x000001bf7f5a3e20, 0x000001bf7f5aadb0,
0x000001bf7f5abe80, 0x000001bf7f5af900, 0x000001bf7f5b2da0, 0x000001bf7f5d3ec0,
0x000001bf7f5e0bd0, 0x000001bf7f575440, 0x000001bf094c2e70, 0x000001bf094c33b0,
0x000001bf092b3cc0, 0x000001bf09aea040, 0x000001bf09b08260, 0x000001bf09cc4020,
0x000001bf09a64c70, 0x000001bf0f0ad130, 0x000001bf0f0adbd0, 0x000001bf0f0ab6a0
}

Java Threads: ( => current thread )
  0x000001bf67026a30 JavaThread "main" [_thread_blocked, id=16024, stack(0x000000386d300000,0x000000386d400000)]
  0x000001bf7f5a3130 JavaThread "Reference Handler" daemon [_thread_blocked, id=5136, stack(0x000000386da00000,0x000000386db00000)]
  0x000001bf7f5a3e20 JavaThread "Finalizer" daemon [_thread_blocked, id=8, stack(0x000000386db00000,0x000000386dc00000)]
  0x000001bf7f5aadb0 JavaThread "Attach Listener" daemon [_thread_blocked, id=3260, stack(0x000000386dd00000,0x000000386de00000)]
  0x000001bf7f5abe80 JavaThread "Service Thread" daemon [_thread_blocked, id=15368, stack(0x000000386de00000,0x000000386df00000)]
  0x000001bf7f5af900 JavaThread "Monitor Deflation Thread" daemon [_thread_blocked, id=12968, stack(0x000000386df00000,0x000000386e000000)]
  0x000001bf7f5b2da0 JavaThread "C2 CompilerThread0" daemon [_thread_blocked, id=2640, stack(0x000000386e000000,0x000000386e100000)]
  0x000001bf7f5d3ec0 JavaThread "C1 CompilerThread0" daemon [_thread_blocked, id=16648, stack(0x000000386e100000,0x000000386e200000)]
  0x000001bf7f5e0bd0 JavaThread "Sweeper thread" daemon [_thread_blocked, id=21076, stack(0x000000386e200000,0x000000386e300000)]
  0x000001bf7f575440 JavaThread "Common-Cleaner" daemon [_thread_blocked, id=16996, stack(0x000000386e300000,0x000000386e400000)]
  0x000001bf094c2e70 JavaThread "Monitor Ctrl-Break" daemon [_thread_in_native, id=17304, stack(0x000000386e600000,0x000000386e700000)]
  0x000001bf094c33b0 JavaThread "Notification Thread" daemon [_thread_blocked, id=19732, stack(0x000000386e700000,0x000000386e800000)]
  0x000001bf092b3cc0 JavaThread "QuantumRenderer-0" daemon [_thread_blocked, id=960, stack(0x000000386e400000,0x000000386e500000)]
  0x000001bf09aea040 JavaThread "InvokeLaterDispatcher" daemon [_thread_blocked, id=16772, stack(0x000000386eb00000,0x000000386ec00000)]
  0x000001bf09b08260 JavaThread "JavaFX Application Thread" [_thread_in_native, id=21280, stack(0x000000386ed00000,0x000000386ee00000)]
  0x000001bf09cc4020 JavaThread "Thread-1" daemon [_thread_in_native, id=20792, stack(0x000000386f400000,0x000000386f500000)]
  0x000001bf09a64c70 JavaThread "JavaFX-Launcher" [_thread_blocked, id=10692, stack(0x000000386f500000,0x000000386f600000)]
  0x000001bf0f0ad130 JavaThread "Prism Font Disposer" daemon [_thread_blocked, id=4692, stack(0x000000386fe00000,0x000000386ff00000)]
  0x000001bf0f0adbd0 JavaThread "Cleaner-0" daemon [_thread_blocked, id=13040, stack(0x000000386ec00000,0x000000386ed00000)]
  0x000001bf0f0ab6a0 JavaThread "SIGINT handler" daemon [_thread_blocked, id=2432, stack(0x000000386d000000,0x000000386d100000)]

Other Threads:
=>0x000001bf7f5861f0 VMThread "VM Thread" [stack: 0x000000386d900000,0x000000386da00000] [id=21084]
  0x000001bf67076aa0 WorkerThread "GC Thread#0" [stack: 0x000000386d400000,0x000000386d500000] [id=952]
  0x000001bf09cd4e40 WorkerThread "GC Thread#1" [stack: 0x000000386f600000,0x000000386f700000] [id=2572]
  0x000001bf09cee420 WorkerThread "GC Thread#2" [stack: 0x000000386f700000,0x000000386f800000] [id=11000]
  0x000001bf0e8f57b0 WorkerThread "GC Thread#3" [stack: 0x000000386f800000,0x000000386f900000] [id=21344]
  0x000001bf0e8f62f0 WorkerThread "GC Thread#4" [stack: 0x000000386f900000,0x000000386fa00000] [id=19968]
  0x000001bf0e8f54e0 WorkerThread "GC Thread#5" [stack: 0x000000386fa00000,0x000000386fb00000] [id=20588]
  0x000001bf0e8f6020 WorkerThread "GC Thread#6" [stack: 0x000000386fb00000,0x000000386fc00000] [id=18372]
  0x000001bf0e8f5a80 WorkerThread "GC Thread#7" [stack: 0x000000386fc00000,0x000000386fd00000] [id=5860]
  0x000001bf67084ac0 ConcurrentGCThread "G1 Main Marker" terminated
  0x000001bf67085c90 WorkerThread "G1 Conc#0" [stack: 0x000000386d600000,0x000000386d700000] [id=1840]
  0x000001bf7f4424b0 ConcurrentGCThread "G1 Refine#0" terminated
  0x000001bf670de470 ConcurrentGCThread "G1 Service" terminated

Threads with active compile tasks:

VM state: at safepoint (shutting down)

VM Mutex/Monitor currently owned by a thread:  ([mutex/lock_event])
[0x000001bf67021a20] Threads_lock - owner thread: 0x000001bf7f5861f0
[0x000001bf67022cb0] Heap_lock - owner thread: 0x000001bf0f0ab6a0

Heap address: 0x00000000a0e00000, size: 1522 MB, Compressed Oops mode: 32-bit

CDS archive(s) mapped at: [0x0000000800000000-0x0000000800c40000-0x0000000800c40000), size 12845056, SharedBaseAddress: 0x0000000800000000, ArchiveRelocationMode: 0.
Compressed class space mapped at: 0x0000000801000000-0x0000000841000000, reserved size: 1073741824
Narrow klass base: 0x0000000800000000, Narrow klass shift: 0, Narrow klass range: 0x100000000

GC Precious Log:
 CardTable entry size: 512
 Card Set container configuration: InlinePtr #cards 5 size 8 Array Of Cards #cards 12 size 40 Howl #buckets 4 coarsen threshold 1843 Howl Bitmap #cards 512 size 80 coarsen threshold 460 Card regions per heap region 1 cards per card region 2048
 CPUs: 8 total, 8 available
 Memory: 6082M
 Large Page Support: Disabled
 NUMA Support: Disabled
 Compressed Oops: Enabled (32-bit)
 Heap Region Size: 1M
 Heap Min Capacity: 8M
 Heap Initial Capacity: 96M
 Heap Max Capacity: 1522M
 Pre-touch: Disabled
 Parallel Workers: 8
 Concurrent Workers: 2
 Concurrent Refinement Workers: 8
 Periodic GC: Disabled

Heap:
 garbage-first heap   total 98304K, used 19697K [0x00000000a0e00000, 0x0000000100000000)
  region size 1024K, 16 young (16384K), 4 survivors (4096K)
 Metaspace       used 16955K, committed 17344K, reserved 1114112K
  class space    used 2281K, committed 2432K, reserved 1048576K

Heap Regions: E=young(eden), S=young(survivor), O=old, HS=humongous(starts), HC=humongous(continues), CS=collection set, F=free, OA=open archive, CA=closed archive, TAMS=top-at-mark-start (previous, next)
|   0|0x00000000a0e00000, 0x00000000a0f00000, 0x00000000a0f00000|100%| O|  |TAMS 0x00000000a0e00000, 0x00000000a0e00000| Untracked 
|   1|0x00000000a0f00000, 0x00000000a1000000, 0x00000000a1000000|100%|HS|  |TAMS 0x00000000a0f00000, 0x00000000a0f00000| Complete 
|   2|0x00000000a1000000, 0x00000000a1100000, 0x00000000a1100000|100%|HC|  |TAMS 0x00000000a1000000, 0x00000000a1000000| Complete 
|   3|0x00000000a1100000, 0x00000000a1200000, 0x00000000a1200000|100%| O|  |TAMS 0x00000000a1100000, 0x00000000a1100000| Untracked 
|   4|0x00000000a1200000, 0x00000000a1300000, 0x00000000a1300000|100%| O|  |TAMS 0x00000000a1200000, 0x00000000a1200000| Untracked 
|   5|0x00000000a1300000, 0x00000000a138f600, 0x00000000a1400000| 56%| O|  |TAMS 0x00000000a1300000, 0x00000000a1300000| Untracked 
|   6|0x00000000a1400000, 0x00000000a1400000, 0x00000000a1500000|  0%| F|  |TAMS 0x00000000a1400000, 0x00000000a1400000| Untracked 
|   7|0x00000000a1500000, 0x00000000a1500000, 0x00000000a1600000|  0%| F|  |TAMS 0x00000000a1500000, 0x00000000a1500000| Untracked 
|   8|0x00000000a1600000, 0x00000000a1600000, 0x00000000a1700000|  0%| F|  |TAMS 0x00000000a1600000, 0x00000000a1600000| Untracked 
|   9|0x00000000a1700000, 0x00000000a1700000, 0x00000000a1800000|  0%| F|  |TAMS 0x00000000a1700000, 0x00000000a1700000| Untracked 
|  10|0x00000000a1800000, 0x00000000a1800000, 0x00000000a1900000|  0%| F|  |TAMS 0x00000000a1800000, 0x00000000a1800000| Untracked 
|  11|0x00000000a1900000, 0x00000000a1900000, 0x00000000a1a00000|  0%| F|  |TAMS 0x00000000a1900000, 0x00000000a1900000| Untracked 
|  12|0x00000000a1a00000, 0x00000000a1a00000, 0x00000000a1b00000|  0%| F|  |TAMS 0x00000000a1a00000, 0x00000000a1a00000| Untracked 
|  13|0x00000000a1b00000, 0x00000000a1b00000, 0x00000000a1c00000|  0%| F|  |TAMS 0x00000000a1b00000, 0x00000000a1b00000| Untracked 
|  14|0x00000000a1c00000, 0x00000000a1c00000, 0x00000000a1d00000|  0%| F|  |TAMS 0x00000000a1c00000, 0x00000000a1c00000| Untracked 
|  15|0x00000000a1d00000, 0x00000000a1d00000, 0x00000000a1e00000|  0%| F|  |TAMS 0x00000000a1d00000, 0x00000000a1d00000| Untracked 
|  16|0x00000000a1e00000, 0x00000000a1e00000, 0x00000000a1f00000|  0%| F|  |TAMS 0x00000000a1e00000, 0x00000000a1e00000| Untracked 
|  17|0x00000000a1f00000, 0x00000000a1f00000, 0x00000000a2000000|  0%| F|  |TAMS 0x00000000a1f00000, 0x00000000a1f00000| Untracked 
|  18|0x00000000a2000000, 0x00000000a2000000, 0x00000000a2100000|  0%| F|  |TAMS 0x00000000a2000000, 0x00000000a2000000| Untracked 
|  19|0x00000000a2100000, 0x00000000a2100000, 0x00000000a2200000|  0%| F|  |TAMS 0x00000000a2100000, 0x00000000a2100000| Untracked 
|  20|0x00000000a2200000, 0x00000000a2200000, 0x00000000a2300000|  0%| F|  |TAMS 0x00000000a2200000, 0x00000000a2200000| Untracked 
|  21|0x00000000a2300000, 0x00000000a2300000, 0x00000000a2400000|  0%| F|  |TAMS 0x00000000a2300000, 0x00000000a2300000| Untracked 
|  22|0x00000000a2400000, 0x00000000a2400000, 0x00000000a2500000|  0%| F|  |TAMS 0x00000000a2400000, 0x00000000a2400000| Untracked 
|  23|0x00000000a2500000, 0x00000000a2500000, 0x00000000a2600000|  0%| F|  |TAMS 0x00000000a2500000, 0x00000000a2500000| Untracked 
|  24|0x00000000a2600000, 0x00000000a2600000, 0x00000000a2700000|  0%| F|  |TAMS 0x00000000a2600000, 0x00000000a2600000| Untracked 
|  25|0x00000000a2700000, 0x00000000a2700000, 0x00000000a2800000|  0%| F|  |TAMS 0x00000000a2700000, 0x00000000a2700000| Untracked 
|  26|0x00000000a2800000, 0x00000000a2800000, 0x00000000a2900000|  0%| F|  |TAMS 0x00000000a2800000, 0x00000000a2800000| Untracked 
|  27|0x00000000a2900000, 0x00000000a2900000, 0x00000000a2a00000|  0%| F|  |TAMS 0x00000000a2900000, 0x00000000a2900000| Untracked 
|  28|0x00000000a2a00000, 0x00000000a2a00000, 0x00000000a2b00000|  0%| F|  |TAMS 0x00000000a2a00000, 0x00000000a2a00000| Untracked 
|  29|0x00000000a2b00000, 0x00000000a2b00000, 0x00000000a2c00000|  0%| F|  |TAMS 0x00000000a2b00000, 0x00000000a2b00000| Untracked 
|  30|0x00000000a2c00000, 0x00000000a2c00000, 0x00000000a2d00000|  0%| F|  |TAMS 0x00000000a2c00000, 0x00000000a2c00000| Untracked 
|  31|0x00000000a2d00000, 0x00000000a2d00000, 0x00000000a2e00000|  0%| F|  |TAMS 0x00000000a2d00000, 0x00000000a2d00000| Untracked 
|  32|0x00000000a2e00000, 0x00000000a2e00000, 0x00000000a2f00000|  0%| F|  |TAMS 0x00000000a2e00000, 0x00000000a2e00000| Untracked 
|  33|0x00000000a2f00000, 0x00000000a2f00000, 0x00000000a3000000|  0%| F|  |TAMS 0x00000000a2f00000, 0x00000000a2f00000| Untracked 
|  34|0x00000000a3000000, 0x00000000a3000000, 0x00000000a3100000|  0%| F|  |TAMS 0x00000000a3000000, 0x00000000a3000000| Untracked 
|  35|0x00000000a3100000, 0x00000000a3100000, 0x00000000a3200000|  0%| F|  |TAMS 0x00000000a3100000, 0x00000000a3100000| Untracked 
|  36|0x00000000a3200000, 0x00000000a3200000, 0x00000000a3300000|  0%| F|  |TAMS 0x00000000a3200000, 0x00000000a3200000| Untracked 
|  37|0x00000000a3300000, 0x00000000a3300000, 0x00000000a3400000|  0%| F|  |TAMS 0x00000000a3300000, 0x00000000a3300000| Untracked 
|  38|0x00000000a3400000, 0x00000000a3400000, 0x00000000a3500000|  0%| F|  |TAMS 0x00000000a3400000, 0x00000000a3400000| Untracked 
|  39|0x00000000a3500000, 0x00000000a3500000, 0x00000000a3600000|  0%| F|  |TAMS 0x00000000a3500000, 0x00000000a3500000| Untracked 
|  40|0x00000000a3600000, 0x00000000a3600000, 0x00000000a3700000|  0%| F|  |TAMS 0x00000000a3600000, 0x00000000a3600000| Untracked 
|  41|0x00000000a3700000, 0x00000000a3700000, 0x00000000a3800000|  0%| F|  |TAMS 0x00000000a3700000, 0x00000000a3700000| Untracked 
|  42|0x00000000a3800000, 0x00000000a3800000, 0x00000000a3900000|  0%| F|  |TAMS 0x00000000a3800000, 0x00000000a3800000| Untracked 
|  43|0x00000000a3900000, 0x00000000a3900000, 0x00000000a3a00000|  0%| F|  |TAMS 0x00000000a3900000, 0x00000000a3900000| Untracked 
|  44|0x00000000a3a00000, 0x00000000a3a00000, 0x00000000a3b00000|  0%| F|  |TAMS 0x00000000a3a00000, 0x00000000a3a00000| Untracked 
|  45|0x00000000a3b00000, 0x00000000a3b00000, 0x00000000a3c00000|  0%| F|  |TAMS 0x00000000a3b00000, 0x00000000a3b00000| Untracked 
|  46|0x00000000a3c00000, 0x00000000a3c00000, 0x00000000a3d00000|  0%| F|  |TAMS 0x00000000a3c00000, 0x00000000a3c00000| Untracked 
|  47|0x00000000a3d00000, 0x00000000a3d00000, 0x00000000a3e00000|  0%| F|  |TAMS 0x00000000a3d00000, 0x00000000a3d00000| Untracked 
|  48|0x00000000a3e00000, 0x00000000a3e00000, 0x00000000a3f00000|  0%| F|  |TAMS 0x00000000a3e00000, 0x00000000a3e00000| Untracked 
|  49|0x00000000a3f00000, 0x00000000a3f00000, 0x00000000a4000000|  0%| F|  |TAMS 0x00000000a3f00000, 0x00000000a3f00000| Untracked 
|  50|0x00000000a4000000, 0x00000000a4000000, 0x00000000a4100000|  0%| F|  |TAMS 0x00000000a4000000, 0x00000000a4000000| Untracked 
|  51|0x00000000a4100000, 0x00000000a4100000, 0x00000000a4200000|  0%| F|  |TAMS 0x00000000a4100000, 0x00000000a4100000| Untracked 
|  52|0x00000000a4200000, 0x00000000a4200000, 0x00000000a4300000|  0%| F|  |TAMS 0x00000000a4200000, 0x00000000a4200000| Untracked 
|  53|0x00000000a4300000, 0x00000000a4300000, 0x00000000a4400000|  0%| F|  |TAMS 0x00000000a4300000, 0x00000000a4300000| Untracked 
|  54|0x00000000a4400000, 0x00000000a4400000, 0x00000000a4500000|  0%| F|  |TAMS 0x00000000a4400000, 0x00000000a4400000| Untracked 
|  55|0x00000000a4500000, 0x00000000a4500000, 0x00000000a4600000|  0%| F|  |TAMS 0x00000000a4500000, 0x00000000a4500000| Untracked 
|  56|0x00000000a4600000, 0x00000000a4600000, 0x00000000a4700000|  0%| F|  |TAMS 0x00000000a4600000, 0x00000000a4600000| Untracked 
|  57|0x00000000a4700000, 0x00000000a4700000, 0x00000000a4800000|  0%| F|  |TAMS 0x00000000a4700000, 0x00000000a4700000| Untracked 
|  58|0x00000000a4800000, 0x00000000a48ad050, 0x00000000a4900000| 67%| S|CS|TAMS 0x00000000a4800000, 0x00000000a4800000| Complete 
|  59|0x00000000a4900000, 0x00000000a4a00000, 0x00000000a4a00000|100%| S|CS|TAMS 0x00000000a4900000, 0x00000000a4900000| Complete 
|  60|0x00000000a4a00000, 0x00000000a4b00000, 0x00000000a4b00000|100%| S|CS|TAMS 0x00000000a4a00000, 0x00000000a4a00000| Complete 
|  61|0x00000000a4b00000, 0x00000000a4c00000, 0x00000000a4c00000|100%| S|CS|TAMS 0x00000000a4b00000, 0x00000000a4b00000| Complete 
|  62|0x00000000a4c00000, 0x00000000a4c00000, 0x00000000a4d00000|  0%| F|  |TAMS 0x00000000a4c00000, 0x00000000a4c00000| Untracked 
|  63|0x00000000a4d00000, 0x00000000a4d00000, 0x00000000a4e00000|  0%| F|  |TAMS 0x00000000a4d00000, 0x00000000a4d00000| Untracked 
|  64|0x00000000a4e00000, 0x00000000a4e00000, 0x00000000a4f00000|  0%| F|  |TAMS 0x00000000a4e00000, 0x00000000a4e00000| Untracked 
|  65|0x00000000a4f00000, 0x00000000a4f00000, 0x00000000a5000000|  0%| F|  |TAMS 0x00000000a4f00000, 0x00000000a4f00000| Untracked 
|  66|0x00000000a5000000, 0x00000000a5000000, 0x00000000a5100000|  0%| F|  |TAMS 0x00000000a5000000, 0x00000000a5000000| Untracked 
|  67|0x00000000a5100000, 0x00000000a5100000, 0x00000000a5200000|  0%| F|  |TAMS 0x00000000a5100000, 0x00000000a5100000| Untracked 
|  68|0x00000000a5200000, 0x00000000a5200000, 0x00000000a5300000|  0%| F|  |TAMS 0x00000000a5200000, 0x00000000a5200000| Untracked 
|  69|0x00000000a5300000, 0x00000000a5300000, 0x00000000a5400000|  0%| F|  |TAMS 0x00000000a5300000, 0x00000000a5300000| Untracked 
|  70|0x00000000a5400000, 0x00000000a5400000, 0x00000000a5500000|  0%| F|  |TAMS 0x00000000a5400000, 0x00000000a5400000| Untracked 
|  71|0x00000000a5500000, 0x00000000a5500000, 0x00000000a5600000|  0%| F|  |TAMS 0x00000000a5500000, 0x00000000a5500000| Untracked 
|  72|0x00000000a5600000, 0x00000000a5600000, 0x00000000a5700000|  0%| F|  |TAMS 0x00000000a5600000, 0x00000000a5600000| Untracked 
|  73|0x00000000a5700000, 0x00000000a5700000, 0x00000000a5800000|  0%| F|  |TAMS 0x00000000a5700000, 0x00000000a5700000| Untracked 
|  74|0x00000000a5800000, 0x00000000a5800000, 0x00000000a5900000|  0%| F|  |TAMS 0x00000000a5800000, 0x00000000a5800000| Untracked 
|  75|0x00000000a5900000, 0x00000000a5900000, 0x00000000a5a00000|  0%| F|  |TAMS 0x00000000a5900000, 0x00000000a5900000| Untracked 
|  76|0x00000000a5a00000, 0x00000000a5a00000, 0x00000000a5b00000|  0%| F|  |TAMS 0x00000000a5a00000, 0x00000000a5a00000| Untracked 
|  77|0x00000000a5b00000, 0x00000000a5b00000, 0x00000000a5c00000|  0%| F|  |TAMS 0x00000000a5b00000, 0x00000000a5b00000| Untracked 
|  78|0x00000000a5c00000, 0x00000000a5c00000, 0x00000000a5d00000|  0%| F|  |TAMS 0x00000000a5c00000, 0x00000000a5c00000| Untracked 
|  79|0x00000000a5d00000, 0x00000000a5d00000, 0x00000000a5e00000|  0%| F|  |TAMS 0x00000000a5d00000, 0x00000000a5d00000| Untracked 
|  80|0x00000000a5e00000, 0x00000000a5e00000, 0x00000000a5f00000|  0%| F|  |TAMS 0x00000000a5e00000, 0x00000000a5e00000| Untracked 
|  81|0x00000000a5f00000, 0x00000000a5f00000, 0x00000000a6000000|  0%| F|  |TAMS 0x00000000a5f00000, 0x00000000a5f00000| Untracked 
|  82|0x00000000a6000000, 0x00000000a6000000, 0x00000000a6100000|  0%| F|  |TAMS 0x00000000a6000000, 0x00000000a6000000| Untracked 
|  83|0x00000000a6100000, 0x00000000a6100000, 0x00000000a6200000|  0%| F|  |TAMS 0x00000000a6100000, 0x00000000a6100000| Untracked 
|  84|0x00000000a6200000, 0x00000000a62445c0, 0x00000000a6300000| 26%| E|  |TAMS 0x00000000a6200000, 0x00000000a6200000| Complete 
|  85|0x00000000a6300000, 0x00000000a6400000, 0x00000000a6400000|100%| E|CS|TAMS 0x00000000a6300000, 0x00000000a6300000| Complete 
|  86|0x00000000a6400000, 0x00000000a6500000, 0x00000000a6500000|100%| E|CS|TAMS 0x00000000a6400000, 0x00000000a6400000| Complete 
|  87|0x00000000a6500000, 0x00000000a6600000, 0x00000000a6600000|100%| E|CS|TAMS 0x00000000a6500000, 0x00000000a6500000| Complete 
|  88|0x00000000a6600000, 0x00000000a6700000, 0x00000000a6700000|100%| E|CS|TAMS 0x00000000a6600000, 0x00000000a6600000| Complete 
|  89|0x00000000a6700000, 0x00000000a6800000, 0x00000000a6800000|100%| E|CS|TAMS 0x00000000a6700000, 0x00000000a6700000| Complete 
|  90|0x00000000a6800000, 0x00000000a6900000, 0x00000000a6900000|100%| E|CS|TAMS 0x00000000a6800000, 0x00000000a6800000| Complete 
|  91|0x00000000a6900000, 0x00000000a6a00000, 0x00000000a6a00000|100%| E|CS|TAMS 0x00000000a6900000, 0x00000000a6900000| Complete 
|  92|0x00000000a6a00000, 0x00000000a6b00000, 0x00000000a6b00000|100%| E|CS|TAMS 0x00000000a6a00000, 0x00000000a6a00000| Complete 
|  93|0x00000000a6b00000, 0x00000000a6c00000, 0x00000000a6c00000|100%| E|  |TAMS 0x00000000a6b00000, 0x00000000a6b00000| Complete 
|  94|0x00000000a6c00000, 0x00000000a6d00000, 0x00000000a6d00000|100%| E|CS|TAMS 0x00000000a6c00000, 0x00000000a6c00000| Complete 
|  95|0x00000000a6d00000, 0x00000000a6e00000, 0x00000000a6e00000|100%| E|CS|TAMS 0x00000000a6d00000, 0x00000000a6d00000| Complete 

Card table byte_map: [0x000001bf7e5a0000,0x000001bf7e8a0000] _byte_map_base: 0x000001bf7e099000

Marking Bits (Prev, Next): (CMBitMap*) 0x000001bf670780e0, (CMBitMap*) 0x000001bf67078120
 Prev Bits: [0x000001bf00000000, 0x000001bf017c8000)
 Next Bits: [0x000001bf017d0000, 0x000001bf02f98000)

Polling page: 0x000001bf64e90000

Metaspace:

Usage:
  Non-class:     14.33 MB used.
      Class:      2.23 MB used.
       Both:     16.56 MB used.

Virtual space:
  Non-class space:       64.00 MB reserved,      14.56 MB ( 23%) committed,  1 nodes.
      Class space:        1.00 GB reserved,       2.38 MB ( <1%) committed,  1 nodes.
             Both:        1.06 GB reserved,      16.94 MB (  2%) committed. 

Chunk freelists:
   Non-Class:  944.00 KB
       Class:  1.63 MB
        Both:  2.55 MB

MaxMetaspaceSize: unlimited
CompressedClassSpaceSize: 1.00 GB
Initial GC threshold: 21.00 MB
Current GC threshold: 21.00 MB
CDS: on
MetaspaceReclaimPolicy: balanced
 - commit_granule_bytes: 65536.
 - commit_granule_words: 8192.
 - virtual_space_node_default_size: 8388608.
 - enlarge_chunks_in_place: 1.
 - new_chunks_are_fully_committed: 0.
 - uncommit_free_chunks: 1.
 - use_allocation_guard: 0.


Internal statistics:

num_allocs_failed_limit: 0.
num_arena_births: 374.
num_arena_deaths: 0.
num_vsnodes_births: 2.
num_vsnodes_deaths: 0.
num_space_committed: 271.
num_space_uncommitted: 0.
num_chunks_returned_to_freelist: 0.
num_chunks_taken_from_freelist: 893.
num_chunk_merges: 0.
num_chunk_splits: 617.
num_chunks_enlarged: 472.
num_inconsistent_stats: 0.

CodeHeap 'non-profiled nmethods': size=120000Kb used=1383Kb max_used=1383Kb free=118616Kb
 bounds [0x000001bf76a40000, 0x000001bf76cb0000, 0x000001bf7df70000]
CodeHeap 'profiled nmethods': size=120000Kb used=6294Kb max_used=6294Kb free=113706Kb
 bounds [0x000001bf6ef70000, 0x000001bf6f5a0000, 0x000001bf764a0000]
CodeHeap 'non-nmethods': size=5760Kb used=1531Kb max_used=1569Kb free=4229Kb
 bounds [0x000001bf764a0000, 0x000001bf76710000, 0x000001bf76a40000]
 total_blobs=4123 nmethods=3309 adapters=722
 compilation: enabled
              stopped_count=0, restarted_count=0
 full_count=0

Compilation events (20 events):
Event: 81.815 Thread 0x000001bf7f5d3ec0 3301       3       com.sun.javafx.tk.quantum.GlassViewEventHandler::mouseEventType (102 bytes)
Event: 81.816 Thread 0x000001bf7f5d3ec0 nmethod 3301 0x000001bf6f592910 code [0x000001bf6f592b00, 0x000001bf6f592f28]
Event: 81.816 Thread 0x000001bf7f5d3ec0 3302       3       com.sun.javafx.tk.quantum.GlassViewEventHandler::mouseEventButton (60 bytes)
Event: 81.817 Thread 0x000001bf7f5d3ec0 nmethod 3302 0x000001bf6f593010 code [0x000001bf6f5931e0, 0x000001bf6f5934b8]
Event: 81.817 Thread 0x000001bf7f5d3ec0 3303       3       javafx.scene.Scene$ScenePeerListener::mouseEvent (54 bytes)
Event: 81.818 Thread 0x000001bf7f5d3ec0 nmethod 3303 0x000001bf6f593590 code [0x000001bf6f593760, 0x000001bf6f593b18]
Event: 81.818 Thread 0x000001bf7f5d3ec0 3304       3       javafx.scene.Scene::processMouseEvent (10 bytes)
Event: 81.818 Thread 0x000001bf7f5d3ec0 nmethod 3304 0x000001bf6f593d90 code [0x000001bf6f593f40, 0x000001bf6f594088]
Event: 81.818 Thread 0x000001bf7f5d3ec0 3305       3       java.util.EnumMap::values (25 bytes)
Event: 81.819 Thread 0x000001bf7f5d3ec0 nmethod 3305 0x000001bf6f594190 code [0x000001bf6f594340, 0x000001bf6f5946b8]
Event: 81.819 Thread 0x000001bf7f5d3ec0 3306       3       java.util.EnumMap$Values::iterator (12 bytes)
Event: 81.819 Thread 0x000001bf7f5d3ec0 nmethod 3306 0x000001bf6f594810 code [0x000001bf6f5949c0, 0x000001bf6f594d18]
Event: 81.820 Thread 0x000001bf7f5d3ec0 3307       3       java.util.EnumMap$ValueIterator::<init> (11 bytes)
Event: 81.820 Thread 0x000001bf7f5d3ec0 nmethod 3307 0x000001bf6f594e10 code [0x000001bf6f594fc0, 0x000001bf6f595258]
Event: 81.820 Thread 0x000001bf7f5d3ec0 3308       3       java.util.EnumMap$EnumMapIterator::<init> (20 bytes)
Event: 81.820 Thread 0x000001bf7f5d3ec0 nmethod 3308 0x000001bf6f595390 code [0x000001bf6f595540, 0x000001bf6f595718]
Event: 86.158 Thread 0x000001bf7f5b2da0 3309       4       com.sun.javafx.tk.quantum.QuantumToolkit::postPulse (133 bytes)
Event: 86.195 Thread 0x000001bf7f5b2da0 nmethod 3309 0x000001bf76b98110 code [0x000001bf76b98320, 0x000001bf76b991e0]
Event: 87.326 Thread 0x000001bf7f5b2da0 3310       4       com.sun.javafx.tk.quantum.QuantumToolkit$$Lambda$109/0x000000080103b640::run (8 bytes)
Event: 87.328 Thread 0x000001bf7f5b2da0 nmethod 3310 0x000001bf76b99a90 code [0x000001bf76b99c20, 0x000001bf76b99d18]

GC Heap History (4 events):
Event: 1.387 GC heap before
{Heap before GC invocations=0 (full 0):
 garbage-first heap   total 98304K, used 22528K [0x00000000a0e00000, 0x0000000100000000)
  region size 1024K, 23 young (23552K), 0 survivors (0K)
 Metaspace       used 5389K, committed 5568K, reserved 1114112K
  class space    used 601K, committed 704K, reserved 1048576K
}
Event: 1.396 GC heap after
{Heap after GC invocations=1 (full 0):
 garbage-first heap   total 98304K, used 3943K [0x00000000a0e00000, 0x0000000100000000)
  region size 1024K, 3 young (3072K), 3 survivors (3072K)
 Metaspace       used 5389K, committed 5568K, reserved 1114112K
  class space    used 601K, committed 704K, reserved 1048576K
}
Event: 2.815 GC heap before
{Heap before GC invocations=1 (full 0):
 garbage-first heap   total 98304K, used 36711K [0x00000000a0e00000, 0x0000000100000000)
  region size 1024K, 34 young (34816K), 3 survivors (3072K)
 Metaspace       used 14447K, committed 14784K, reserved 1114112K
  class space    used 2040K, committed 2176K, reserved 1048576K
}
Event: 2.825 GC heap after
{Heap after GC invocations=2 (full 0):
 garbage-first heap   total 98304K, used 9457K [0x00000000a0e00000, 0x0000000100000000)
  region size 1024K, 4 young (4096K), 4 survivors (4096K)
 Metaspace       used 14447K, committed 14784K, reserved 1114112K
  class space    used 2040K, committed 2176K, reserved 1048576K
}

Dll operation events (20 events):
Event: 0.803 Loaded shared library C:\Users\Lenovo\.openjfx\cache\19-ea+7\amd64\api-ms-win-crt-filesystem-l1-1-0.dll
Event: 0.809 Loaded shared library C:\Users\Lenovo\.openjfx\cache\19-ea+7\amd64\api-ms-win-crt-heap-l1-1-0.dll
Event: 0.815 Loaded shared library C:\Users\Lenovo\.openjfx\cache\19-ea+7\amd64\api-ms-win-crt-locale-l1-1-0.dll
Event: 0.822 Loaded shared library C:\Users\Lenovo\.openjfx\cache\19-ea+7\amd64\api-ms-win-crt-math-l1-1-0.dll
Event: 0.828 Loaded shared library C:\Users\Lenovo\.openjfx\cache\19-ea+7\amd64\api-ms-win-crt-multibyte-l1-1-0.dll
Event: 0.835 Loaded shared library C:\Users\Lenovo\.openjfx\cache\19-ea+7\amd64\api-ms-win-crt-private-l1-1-0.dll
Event: 0.841 Loaded shared library C:\Users\Lenovo\.openjfx\cache\19-ea+7\amd64\api-ms-win-crt-process-l1-1-0.dll
Event: 0.847 Loaded shared library C:\Users\Lenovo\.openjfx\cache\19-ea+7\amd64\api-ms-win-crt-runtime-l1-1-0.dll
Event: 0.854 Loaded shared library C:\Users\Lenovo\.openjfx\cache\19-ea+7\amd64\api-ms-win-crt-stdio-l1-1-0.dll
Event: 0.860 Loaded shared library C:\Users\Lenovo\.openjfx\cache\19-ea+7\amd64\api-ms-win-crt-string-l1-1-0.dll
Event: 0.866 Loaded shared library C:\Users\Lenovo\.openjfx\cache\19-ea+7\amd64\api-ms-win-crt-time-l1-1-0.dll
Event: 0.872 Loaded shared library C:\Users\Lenovo\.openjfx\cache\19-ea+7\amd64\api-ms-win-crt-utility-l1-1-0.dll
Event: 0.894 Loaded shared library C:\Users\Lenovo\.openjfx\cache\19-ea+7\amd64\ucrtbase.dll
Event: 0.902 Loaded shared library C:\Users\Lenovo\.openjfx\cache\19-ea+7\amd64\vcruntime140.dll
Event: 0.908 Loaded shared library C:\Users\Lenovo\.openjfx\cache\19-ea+7\amd64\vcruntime140_1.dll
Event: 0.921 Loaded shared library C:\Users\Lenovo\.openjfx\cache\19-ea+7\amd64\msvcp140.dll
Event: 0.990 Loaded shared library C:\Users\Lenovo\.openjfx\cache\19-ea+7\amd64\prism_d3d.dll
Event: 1.138 Loaded shared library C:\Users\Lenovo\.jdks\openjdk-19\bin\jimage.dll
Event: 1.159 Loaded shared library C:\Users\Lenovo\.openjfx\cache\19-ea+7\amd64\glass.dll
Event: 1.651 Loaded shared library C:\Users\Lenovo\.openjfx\cache\19-ea+7\amd64\javafx_font.dll

Deoptimization events (20 events):
Event: 77.961 Thread 0x000001bf09b08260 DEOPT PACKING pc=0x000001bf76b6b220 sp=0x000000386edf8cb0
Event: 77.961 Thread 0x000001bf09b08260 DEOPT UNPACKING pc=0x000001bf76506da3 sp=0x000000386edf8c90 mode 2
Event: 81.359 Thread 0x000001bf09b08260 DEOPT PACKING pc=0x000001bf6f0bbb57 sp=0x000000386edf91c0
Event: 81.359 Thread 0x000001bf09b08260 DEOPT UNPACKING pc=0x000001bf76507543 sp=0x000000386edf8658 mode 0
Event: 81.431 Thread 0x000001bf09b08260 Uncommon trap: trap_request=0xffffffde fr.pc=0x000001bf76b9602c relative=0x000000000000010c
Event: 81.431 Thread 0x000001bf09b08260 Uncommon trap: reason=class_check action=maybe_recompile pc=0x000001bf76b9602c method=jdk.internal.misc.Unsafe.allocateUninitializedArray(Ljava/lang/Class;I)Ljava/lang/Object; @ 51 c2
Event: 81.431 Thread 0x000001bf09b08260 DEOPT PACKING pc=0x000001bf76b9602c sp=0x000000386edf8240
Event: 81.431 Thread 0x000001bf09b08260 DEOPT UNPACKING pc=0x000001bf76506da3 sp=0x000000386edf81c8 mode 2
Event: 81.431 Thread 0x000001bf09b08260 Uncommon trap: trap_request=0xffffffde fr.pc=0x000001bf76b9602c relative=0x000000000000010c
Event: 81.431 Thread 0x000001bf09b08260 Uncommon trap: reason=class_check action=maybe_recompile pc=0x000001bf76b9602c method=jdk.internal.misc.Unsafe.allocateUninitializedArray(Ljava/lang/Class;I)Ljava/lang/Object; @ 51 c2
Event: 81.431 Thread 0x000001bf09b08260 DEOPT PACKING pc=0x000001bf76b9602c sp=0x000000386edf8240
Event: 81.431 Thread 0x000001bf09b08260 DEOPT UNPACKING pc=0x000001bf76506da3 sp=0x000000386edf81c8 mode 2
Event: 81.432 Thread 0x000001bf09b08260 Uncommon trap: trap_request=0xffffffde fr.pc=0x000001bf76b9602c relative=0x000000000000010c
Event: 81.432 Thread 0x000001bf09b08260 Uncommon trap: reason=class_check action=maybe_recompile pc=0x000001bf76b9602c method=jdk.internal.misc.Unsafe.allocateUninitializedArray(Ljava/lang/Class;I)Ljava/lang/Object; @ 51 c2
Event: 81.432 Thread 0x000001bf09b08260 DEOPT PACKING pc=0x000001bf76b9602c sp=0x000000386edf8100
Event: 81.433 Thread 0x000001bf09b08260 DEOPT UNPACKING pc=0x000001bf76506da3 sp=0x000000386edf8088 mode 2
Event: 81.433 Thread 0x000001bf09b08260 Uncommon trap: trap_request=0xffffffde fr.pc=0x000001bf76b9602c relative=0x000000000000010c
Event: 81.433 Thread 0x000001bf09b08260 Uncommon trap: reason=class_check action=maybe_recompile pc=0x000001bf76b9602c method=jdk.internal.misc.Unsafe.allocateUninitializedArray(Ljava/lang/Class;I)Ljava/lang/Object; @ 51 c2
Event: 81.433 Thread 0x000001bf09b08260 DEOPT PACKING pc=0x000001bf76b9602c sp=0x000000386edf8100
Event: 81.433 Thread 0x000001bf09b08260 DEOPT UNPACKING pc=0x000001bf76506da3 sp=0x000000386edf8088 mode 2

Classes loaded (20 events):
Event: 73.911 Loading class java/io/ObjectStreamClass$5
Event: 73.911 Loading class java/io/ObjectStreamClass$5 done
Event: 73.911 Loading class sun/security/provider/SHA
Event: 73.911 Loading class sun/security/provider/SHA done
Event: 73.912 Loading class sun/security/provider/ByteArrayAccess$BE
Event: 73.913 Loading class sun/security/provider/ByteArrayAccess$BE done
Event: 73.914 Loading class java/io/ObjectStreamClass$ClassDataSlot
Event: 73.914 Loading class java/io/ObjectStreamClass$ClassDataSlot done
Event: 73.915 Loading class jdk/internal/reflect/MethodHandleLongFieldAccessorImpl
Event: 73.915 Loading class jdk/internal/reflect/MethodHandleLongFieldAccessorImpl done
Event: 73.918 Loading class java/nio/charset/CharacterCodingException
Event: 73.918 Loading class java/nio/charset/CharacterCodingException done
Event: 77.898 Loading class java/util/BitSet
Event: 77.899 Loading class java/util/BitSet done
Event: 77.923 Loading class java/io/SequenceInputStream
Event: 77.924 Loading class java/io/SequenceInputStream done
Event: 77.933 Loading class java/util/Vector$1
Event: 77.933 Loading class java/util/Vector$1 done
Event: 89.122 Loading class jdk/internal/misc/Signal$1
Event: 89.122 Loading class jdk/internal/misc/Signal$1 done

Classes unloaded (0 events):
No events

Classes redefined (0 events):
No events

Internal exceptions (20 events):
Event: 2.016 Thread 0x000001bf09b08260 Implicit null exception at 0x000001bf76ab74cc to 0x000001bf76ab777c
Event: 2.017 Thread 0x000001bf09b08260 Implicit null exception at 0x000001bf76a91c2f to 0x000001bf76a91ca9
Event: 2.129 Thread 0x000001bf09b08260 Implicit null exception at 0x000001bf76aae8f3 to 0x000001bf76aaeefc
Event: 2.254 Thread 0x000001bf09b08260 Exception <a 'java/lang/NoSuchMethodError'{0x00000000a5975b80}: 'java.lang.Object java.lang.invoke.DirectMethodHandle$Holder.invokeInterface(java.lang.Object, java.lang.Object, java.lang.Object)'> (0x00000000a5975b80) 
thrown [s\open\src\hotspot\share\interpreter\linkResolver.cpp, line 774]
Event: 2.255 Thread 0x000001bf09b08260 Exception <a 'java/lang/IncompatibleClassChangeError'{0x00000000a5979510}: Found class java.lang.Object, but interface was expected> (0x00000000a5979510) 
thrown [s\open\src\hotspot\share\interpreter\linkResolver.cpp, line 841]
Event: 2.344 Thread 0x000001bf09b08260 Exception <a 'java/lang/ClassNotFoundException'{0x00000000a57e4950}: com/sun/javafx/scene/control/skin/resources/controls> (0x00000000a57e4950) 
thrown [s\open\src\hotspot\share\prims\jni.cpp, line 536]
Event: 2.346 Thread 0x000001bf09b08260 Exception <a 'java/lang/ClassNotFoundException'{0x00000000a57f36d8}: com/sun/javafx/scene/control/skin/resources/controls_ru> (0x00000000a57f36d8) 
thrown [s\open\src\hotspot\share\prims\jni.cpp, line 536]
Event: 2.346 Thread 0x000001bf09b08260 Exception <a 'java/lang/ClassNotFoundException'{0x00000000a57f4680}: com/sun/javafx/scene/control/skin/resources/controls_ru_RU> (0x00000000a57f4680) 
thrown [s\open\src\hotspot\share\prims\jni.cpp, line 536]
Event: 2.432 Thread 0x000001bf09b08260 Exception <a 'java/lang/NoSuchMethodError'{0x00000000a5277300}: 'void java.lang.invoke.DirectMethodHandle$Holder.invokeSpecial(java.lang.Object, java.lang.Object, java.lang.Object, java.lang.Object, java.lang.Object, java.lang.Object)'> (0x00000000a5277300) 
thrown [s\open\src\hotspot\share\interpreter\linkResolver.cpp, line 774]
Event: 2.535 Thread 0x000001bf09b08260 Exception <a 'java/lang/NoSuchMethodError'{0x00000000a4f69760}: 'int java.lang.invoke.DirectMethodHandle$Holder.invokeSpecial(java.lang.Object, java.lang.Object, int)'> (0x00000000a4f69760) 
thrown [s\open\src\hotspot\share\interpreter\linkResolver.cpp, line 774]
Event: 2.561 Thread 0x000001bf09b08260 Exception <a 'java/lang/NoSuchMethodError'{0x00000000a4f9f950}: 'java.lang.Object java.lang.invoke.DirectMethodHandle$Holder.newInvokeSpecial(java.lang.Object, java.lang.Object, int)'> (0x00000000a4f9f950) 
thrown [s\open\src\hotspot\share\interpreter\linkResolver.cpp, line 774]
Event: 2.606 Thread 0x000001bf09b08260 Exception <a 'sun/nio/fs/WindowsException'{0x00000000a4fae6f8}> (0x00000000a4fae6f8) 
thrown [s\open\src\hotspot\share\prims\jni.cpp, line 517]
Event: 2.677 Thread 0x000001bf092b3cc0 Exception <a 'java/lang/NoSuchMethodError'{0x00000000a4e1a050}: 'int java.lang.invoke.DirectMethodHandle$Holder.invokeStaticInit(java.lang.Object, java.lang.Object)'> (0x00000000a4e1a050) 
thrown [s\open\src\hotspot\share\interpreter\linkResolver.cpp, line 774]
Event: 60.615 Thread 0x000001bf09b08260 Exception <a 'java/lang/NoSuchMethodError'{0x00000000a6cc3e18}: 'long java.lang.invoke.DirectMethodHandle$Holder.invokeStatic(java.lang.Object, java.lang.Object, java.lang.Object)'> (0x00000000a6cc3e18) 
thrown [s\open\src\hotspot\share\interpreter\linkResolver.cpp, line 774]
Event: 60.615 Thread 0x000001bf09b08260 Exception <a 'java/lang/NoSuchMethodError'{0x00000000a6cc7490}: 'long java.lang.invoke.DirectMethodHandle$Holder.invokeStaticInit(java.lang.Object, java.lang.Object, java.lang.Object)'> (0x00000000a6cc7490) 
thrown [s\open\src\hotspot\share\interpreter\linkResolver.cpp, line 774]
Event: 60.620 Thread 0x000001bf09b08260 Exception <a 'java/lang/NoSuchMethodError'{0x00000000a6cdf930}: 'java.lang.Object java.lang.invoke.DirectMethodHandle$Holder.newInvokeSpecial(java.lang.Object, java.lang.Object, long)'> (0x00000000a6cdf930) 
thrown [s\open\src\hotspot\share\interpreter\linkResolver.cpp, line 774]
Event: 60.621 Thread 0x000001bf09b08260 Exception <a 'java/lang/NoSuchMethodError'{0x00000000a6ce34b8}: 'java.lang.Object java.lang.invoke.Invokers$Holder.linkToTargetMethod(java.lang.Object, long, java.lang.Object)'> (0x00000000a6ce34b8) 
thrown [s\open\src\hotspot\share\interpreter\linkResolver.cpp, line 774]
Event: 73.910 Thread 0x000001bf09b08260 Exception <a 'java/lang/NoSuchMethodError'{0x00000000a69a9638}: static Lcom/example/internetcommerce/models/User;.<clinit>()V> (0x00000000a69a9638) 
thrown [s\open\src\hotspot\share\prims\jni.cpp, line 1107]
Event: 73.916 Thread 0x000001bf09b08260 Exception <a 'java/lang/NoSuchMethodError'{0x00000000a69ae968}: 'long java.lang.invoke.DirectMethodHandle$Holder.invokeSpecial(java.lang.Object, java.lang.Object)'> (0x00000000a69ae968) 
thrown [s\open\src\hotspot\share\interpreter\linkResolver.cpp, line 774]
Event: 73.916 Thread 0x000001bf09b08260 Exception <a 'java/lang/NoSuchMethodError'{0x00000000a69b2570}: 'long java.lang.invoke.Invokers$Holder.invokeExact_MT(java.lang.Object, java.lang.Object)'> (0x00000000a69b2570) 
thrown [s\open\src\hotspot\share\interpreter\linkResolver.cpp, line 774]

VM Operations (20 events):
Event: 73.902 Executing VM operation: Cleanup done
Event: 73.912 Executing VM operation: HandshakeAllThreads
Event: 73.912 Executing VM operation: HandshakeAllThreads done
Event: 74.912 Executing VM operation: Cleanup
Event: 74.912 Executing VM operation: Cleanup done
Event: 76.912 Executing VM operation: Cleanup
Event: 76.912 Executing VM operation: Cleanup done
Event: 77.917 Executing VM operation: HandshakeAllThreads
Event: 77.918 Executing VM operation: HandshakeAllThreads done
Event: 77.918 Executing VM operation: Cleanup
Event: 77.918 Executing VM operation: Cleanup done
Event: 77.942 Executing VM operation: HandshakeAllThreads
Event: 77.942 Executing VM operation: HandshakeAllThreads done
Event: 78.941 Executing VM operation: Cleanup
Event: 78.942 Executing VM operation: Cleanup done
Event: 80.942 Executing VM operation: Cleanup
Event: 80.942 Executing VM operation: Cleanup done
Event: 81.942 Executing VM operation: Cleanup
Event: 81.943 Executing VM operation: Cleanup done
Event: 89.130 Executing VM operation: Exit

Events (20 events):
Event: 0.858 Thread 0x000001bf092b3cc0 Thread exited: 0x000001bf092b3cc0
Event: 0.973 Thread 0x000001bf092b3cc0 Thread added: 0x000001bf092b3cc0
Event: 1.164 Thread 0x000001bf09aea040 Thread added: 0x000001bf09aea040
Event: 1.164 Thread 0x000001bf09a25b60 Thread added: 0x000001bf09a25b60
Event: 1.165 Thread 0x000001bf09a8fa30 Thread added: 0x000001bf09a8fa30
Event: 1.174 Thread 0x000001bf09b08260 Thread added: 0x000001bf09b08260
Event: 1.326 Thread 0x000001bf09cc4020 Thread added: 0x000001bf09cc4020
Event: 1.344 Thread 0x000001bf09a64c70 Thread added: 0x000001bf09a64c70
Event: 2.241 Thread 0x000001bf0f0ad130 Thread added: 0x000001bf0f0ad130
Event: 2.311 Thread 0x000001bf09a8fa30 Thread exited: 0x000001bf09a8fa30
Event: 2.732 Thread 0x000001bf0f0adbd0 Thread added: 0x000001bf0f0adbd0
Event: 3.470 Thread 0x000001bf09a25b60 Thread exited: 0x000001bf09a25b60
Event: 74.263 Thread 0x000001bf0e99cff0 Thread added: 0x000001bf0e99cff0
Event: 74.467 Thread 0x000001bf0e99cff0 Thread exited: 0x000001bf0e99cff0
Event: 89.123 Thread 0x000001bf0f0ab6a0 Thread added: 0x000001bf0f0ab6a0
Event: 89.125 Thread 0x000001bf0f0ac140 Thread added: 0x000001bf0f0ac140
Event: 89.126 Thread 0x000001bf0f0ac690 Thread added: 0x000001bf0f0ac690
Event: 89.126 Thread 0x000001bf0f0ac140 Thread exited: 0x000001bf0f0ac140
Event: 89.129 Thread 0x000001bf0f0ac690 Thread exited: 0x000001bf0f0ac690
Event: 89.130 Thread 0x000001bf7f5a8460 Thread exited: 0x000001bf7f5a8460


Dynamic libraries:
0x00007ff684510000 - 0x00007ff68451e000 	C:\Users\Lenovo\.jdks\openjdk-19\bin\java.exe
0x00007ff943a60000 - 0x00007ff943c50000 	C:\Windows\SYSTEM32\ntdll.dll
0x00007ff906080000 - 0x00007ff906097000 	C:\Program Files\Avast Software\Avast\aswhook.dll
0x00007ff943960000 - 0x00007ff943a12000 	C:\Windows\System32\KERNEL32.DLL
0x00007ff940c30000 - 0x00007ff940ed5000 	C:\Windows\System32\KERNELBASE.dll
0x00007ff940b30000 - 0x00007ff940c2a000 	C:\Windows\System32\ucrtbase.dll
0x00007ff939e60000 - 0x00007ff939e7b000 	C:\Users\Lenovo\.jdks\openjdk-19\bin\VCRUNTIME140.dll
0x00007ff9331f0000 - 0x00007ff933207000 	C:\Users\Lenovo\.jdks\openjdk-19\bin\jli.dll
0x00007ff942890000 - 0x00007ff942a24000 	C:\Windows\System32\USER32.dll
0x00007ff940b00000 - 0x00007ff940b21000 	C:\Windows\System32\win32u.dll
0x00007ff911ec0000 - 0x00007ff912144000 	C:\Windows\WinSxS\amd64_microsoft.windows.common-controls_6595b64144ccf1df_6.0.18362.1556_none_9e7e372fe45e41d5\COMCTL32.dll
0x00007ff943080000 - 0x00007ff9430a6000 	C:\Windows\System32\GDI32.dll
0x00007ff942200000 - 0x00007ff94229e000 	C:\Windows\System32\msvcrt.dll
0x00007ff9411d0000 - 0x00007ff941368000 	C:\Windows\System32\gdi32full.dll
0x00007ff943550000 - 0x00007ff943886000 	C:\Windows\System32\combase.dll
0x00007ff9409d0000 - 0x00007ff940a6e000 	C:\Windows\System32\msvcp_win.dll
0x00007ff9430b0000 - 0x00007ff9431cf000 	C:\Windows\System32\RPCRT4.dll
0x00007ff940a70000 - 0x00007ff940af1000 	C:\Windows\System32\bcryptPrimitives.dll
0x00007ff942860000 - 0x00007ff94288e000 	C:\Windows\System32\IMM32.DLL
0x00007ff93cfd0000 - 0x00007ff93cfdc000 	C:\Users\Lenovo\.jdks\openjdk-19\bin\vcruntime140_1.dll
0x00007ff9189c0000 - 0x00007ff918a4e000 	C:\Users\Lenovo\.jdks\openjdk-19\bin\msvcp140.dll
0x00007ff8c4190000 - 0x00007ff8c4e50000 	C:\Users\Lenovo\.jdks\openjdk-19\bin\server\jvm.dll
0x00007ff942a30000 - 0x00007ff942ad3000 	C:\Windows\System32\ADVAPI32.dll
0x00007ff942ed0000 - 0x00007ff942f67000 	C:\Windows\System32\sechost.dll
0x00007ff93e0d0000 - 0x00007ff93e0f4000 	C:\Windows\SYSTEM32\WINMM.dll
0x00007ff934f30000 - 0x00007ff934f39000 	C:\Windows\SYSTEM32\WSOCK32.dll
0x00007ff937c80000 - 0x00007ff937c8a000 	C:\Windows\SYSTEM32\VERSION.dll
0x00007ff943450000 - 0x00007ff9434bf000 	C:\Windows\System32\WS2_32.dll
0x00007ff93e0a0000 - 0x00007ff93e0cd000 	C:\Windows\SYSTEM32\WINMMBASE.dll
0x00007ff9410f0000 - 0x00007ff94113a000 	C:\Windows\System32\cfgmgr32.dll
0x00007ff940940000 - 0x00007ff940951000 	C:\Windows\System32\kernel.appcore.dll
0x00007ff93aa60000 - 0x00007ff93aa6a000 	C:\Users\Lenovo\.jdks\openjdk-19\bin\jimage.dll
0x00007ff9355b0000 - 0x00007ff9357a4000 	C:\Windows\SYSTEM32\DBGHELP.DLL
0x00007ff935580000 - 0x00007ff9355aa000 	C:\Windows\SYSTEM32\dbgcore.DLL
0x00007ff92e730000 - 0x00007ff92e73e000 	C:\Users\Lenovo\.jdks\openjdk-19\bin\instrument.dll
0x00007ff92ec30000 - 0x00007ff92ec56000 	C:\Users\Lenovo\.jdks\openjdk-19\bin\java.dll
0x00007ff8f9b70000 - 0x00007ff8f9c47000 	C:\Users\Lenovo\.jdks\openjdk-19\bin\jsvml.dll
0x00007ff941b10000 - 0x00007ff9421f7000 	C:\Windows\System32\SHELL32.dll
0x00007ff942fd0000 - 0x00007ff943078000 	C:\Windows\System32\shcore.dll
0x00007ff941370000 - 0x00007ff941aeb000 	C:\Windows\System32\windows.storage.dll
0x00007ff9409b0000 - 0x00007ff9409ce000 	C:\Windows\System32\profapi.dll
0x00007ff940960000 - 0x00007ff9409aa000 	C:\Windows\System32\powrprof.dll
0x00007ff940910000 - 0x00007ff940920000 	C:\Windows\System32\UMPDC.dll
0x00007ff942d10000 - 0x00007ff942d62000 	C:\Windows\System32\shlwapi.dll
0x00007ff941af0000 - 0x00007ff941b07000 	C:\Windows\System32\cryptsp.dll
0x00007ff92f7a0000 - 0x00007ff92f7b3000 	C:\Users\Lenovo\.jdks\openjdk-19\bin\net.dll
0x00007ff935460000 - 0x00007ff93555a000 	C:\Windows\SYSTEM32\WINHTTP.dll
0x00007ff9400f0000 - 0x00007ff940157000 	C:\Windows\system32\mswsock.dll
0x00007ff92f070000 - 0x00007ff92f086000 	C:\Users\Lenovo\.jdks\openjdk-19\bin\nio.dll
0x00007ff92ebc0000 - 0x00007ff92ebd8000 	C:\Users\Lenovo\.jdks\openjdk-19\bin\zip.dll
0x00007ff92e510000 - 0x00007ff92e52a000 	C:\Program Files\JetBrains\IntelliJ IDEA 2022.2.2\bin\breakgen64.dll
0x000001bf04fc0000 - 0x000001bf04fc3000 	C:\Users\Lenovo\.openjfx\cache\19-ea+7\amd64\api-ms-win-core-console-l1-1-0.dll
0x000001bf04fd0000 - 0x000001bf04fd3000 	C:\Users\Lenovo\.openjfx\cache\19-ea+7\amd64\api-ms-win-core-console-l1-2-0.dll
0x000001bf04fe0000 - 0x000001bf04fe3000 	C:\Users\Lenovo\.openjfx\cache\19-ea+7\amd64\api-ms-win-core-datetime-l1-1-0.dll
0x000001bf04ff0000 - 0x000001bf04ff3000 	C:\Users\Lenovo\.openjfx\cache\19-ea+7\amd64\api-ms-win-core-debug-l1-1-0.dll
0x000001bf09d00000 - 0x000001bf09d03000 	C:\Users\Lenovo\.openjfx\cache\19-ea+7\amd64\api-ms-win-core-errorhandling-l1-1-0.dll
0x000001bf09d10000 - 0x000001bf09d14000 	C:\Users\Lenovo\.openjfx\cache\19-ea+7\amd64\api-ms-win-core-file-l1-1-0.dll
0x000001bf09d20000 - 0x000001bf09d23000 	C:\Users\Lenovo\.openjfx\cache\19-ea+7\amd64\api-ms-win-core-file-l1-2-0.dll
0x000001bf09d30000 - 0x000001bf09d33000 	C:\Users\Lenovo\.openjfx\cache\19-ea+7\amd64\api-ms-win-core-file-l2-1-0.dll
0x000001bf09d40000 - 0x000001bf09d43000 	C:\Users\Lenovo\.openjfx\cache\19-ea+7\amd64\api-ms-win-core-handle-l1-1-0.dll
0x000001bf09d50000 - 0x000001bf09d53000 	C:\Users\Lenovo\.openjfx\cache\19-ea+7\amd64\api-ms-win-core-heap-l1-1-0.dll
0x000001bf09d60000 - 0x000001bf09d63000 	C:\Users\Lenovo\.openjfx\cache\19-ea+7\amd64\api-ms-win-core-interlocked-l1-1-0.dll
0x000001bf09d70000 - 0x000001bf09d73000 	C:\Users\Lenovo\.openjfx\cache\19-ea+7\amd64\api-ms-win-core-libraryloader-l1-1-0.dll
0x000001bf09d80000 - 0x000001bf09d83000 	C:\Users\Lenovo\.openjfx\cache\19-ea+7\amd64\api-ms-win-core-localization-l1-2-0.dll
0x000001bf09d90000 - 0x000001bf09d93000 	C:\Users\Lenovo\.openjfx\cache\19-ea+7\amd64\api-ms-win-core-memory-l1-1-0.dll
0x000001bf09da0000 - 0x000001bf09da3000 	C:\Users\Lenovo\.openjfx\cache\19-ea+7\amd64\api-ms-win-core-namedpipe-l1-1-0.dll
0x000001bf09db0000 - 0x000001bf09db3000 	C:\Users\Lenovo\.openjfx\cache\19-ea+7\amd64\api-ms-win-core-processenvironment-l1-1-0.dll
0x000001bf09dc0000 - 0x000001bf09dc3000 	C:\Users\Lenovo\.openjfx\cache\19-ea+7\amd64\api-ms-win-core-processthreads-l1-1-0.dll
0x000001bf09dd0000 - 0x000001bf09dd3000 	C:\Users\Lenovo\.openjfx\cache\19-ea+7\amd64\api-ms-win-core-processthreads-l1-1-1.dll
0x000001bf09de0000 - 0x000001bf09de3000 	C:\Users\Lenovo\.openjfx\cache\19-ea+7\amd64\api-ms-win-core-profile-l1-1-0.dll
0x000001bf09df0000 - 0x000001bf09df3000 	C:\Users\Lenovo\.openjfx\cache\19-ea+7\amd64\api-ms-win-core-rtlsupport-l1-1-0.dll
0x000001bf09e00000 - 0x000001bf09e03000 	C:\Users\Lenovo\.openjfx\cache\19-ea+7\amd64\api-ms-win-core-string-l1-1-0.dll
0x000001bf09e10000 - 0x000001bf09e13000 	C:\Users\Lenovo\.openjfx\cache\19-ea+7\amd64\api-ms-win-core-synch-l1-1-0.dll
0x000001bf09e20000 - 0x000001bf09e23000 	C:\Users\Lenovo\.openjfx\cache\19-ea+7\amd64\api-ms-win-core-synch-l1-2-0.dll
0x000001bf09e30000 - 0x000001bf09e33000 	C:\Users\Lenovo\.openjfx\cache\19-ea+7\amd64\api-ms-win-core-sysinfo-l1-1-0.dll
0x000001bf09e40000 - 0x000001bf09e43000 	C:\Users\Lenovo\.openjfx\cache\19-ea+7\amd64\api-ms-win-core-timezone-l1-1-0.dll
0x000001bf09e50000 - 0x000001bf09e53000 	C:\Users\Lenovo\.openjfx\cache\19-ea+7\amd64\api-ms-win-core-util-l1-1-0.dll
0x000001bf09e60000 - 0x000001bf09e63000 	C:\Users\Lenovo\.openjfx\cache\19-ea+7\amd64\api-ms-win-crt-conio-l1-1-0.dll
0x000001bf09e70000 - 0x000001bf09e74000 	C:\Users\Lenovo\.openjfx\cache\19-ea+7\amd64\api-ms-win-crt-convert-l1-1-0.dll
0x000001bf09e80000 - 0x000001bf09e83000 	C:\Users\Lenovo\.openjfx\cache\19-ea+7\amd64\api-ms-win-crt-environment-l1-1-0.dll
0x000001bf09e90000 - 0x000001bf09e93000 	C:\Users\Lenovo\.openjfx\cache\19-ea+7\amd64\api-ms-win-crt-filesystem-l1-1-0.dll
0x000001bf09ea0000 - 0x000001bf09ea3000 	C:\Users\Lenovo\.openjfx\cache\19-ea+7\amd64\api-ms-win-crt-heap-l1-1-0.dll
0x000001bf09eb0000 - 0x000001bf09eb3000 	C:\Users\Lenovo\.openjfx\cache\19-ea+7\amd64\api-ms-win-crt-locale-l1-1-0.dll
0x000001bf09ec0000 - 0x000001bf09ec5000 	C:\Users\Lenovo\.openjfx\cache\19-ea+7\amd64\api-ms-win-crt-math-l1-1-0.dll
0x000001bf09ed0000 - 0x000001bf09ed5000 	C:\Users\Lenovo\.openjfx\cache\19-ea+7\amd64\api-ms-win-crt-multibyte-l1-1-0.dll
0x000001bf09ee0000 - 0x000001bf09ef0000 	C:\Users\Lenovo\.openjfx\cache\19-ea+7\amd64\api-ms-win-crt-private-l1-1-0.dll
0x000001bf09ef0000 - 0x000001bf09ef3000 	C:\Users\Lenovo\.openjfx\cache\19-ea+7\amd64\api-ms-win-crt-process-l1-1-0.dll
0x000001bf09f00000 - 0x000001bf09f04000 	C:\Users\Lenovo\.openjfx\cache\19-ea+7\amd64\api-ms-win-crt-runtime-l1-1-0.dll
0x000001bf09f10000 - 0x000001bf09f14000 	C:\Users\Lenovo\.openjfx\cache\19-ea+7\amd64\api-ms-win-crt-stdio-l1-1-0.dll
0x000001bf09f20000 - 0x000001bf09f24000 	C:\Users\Lenovo\.openjfx\cache\19-ea+7\amd64\api-ms-win-crt-string-l1-1-0.dll
0x000001bf09f30000 - 0x000001bf09f33000 	C:\Users\Lenovo\.openjfx\cache\19-ea+7\amd64\api-ms-win-crt-time-l1-1-0.dll
0x000001bf09f40000 - 0x000001bf09f43000 	C:\Users\Lenovo\.openjfx\cache\19-ea+7\amd64\api-ms-win-crt-utility-l1-1-0.dll
0x00007ff8f9a70000 - 0x00007ff8f9b6c000 	C:\Users\Lenovo\.openjfx\cache\19-ea+7\amd64\ucrtbase.dll
0x00007ff918ab0000 - 0x00007ff918acb000 	C:\Users\Lenovo\.openjfx\cache\19-ea+7\amd64\vcruntime140.dll
0x00007ff918aa0000 - 0x00007ff918aac000 	C:\Users\Lenovo\.openjfx\cache\19-ea+7\amd64\vcruntime140_1.dll
0x00007ff8ef090000 - 0x00007ff8ef11e000 	C:\Users\Lenovo\.openjfx\cache\19-ea+7\amd64\msvcp140.dll
0x00007ff9174d0000 - 0x00007ff9174fc000 	C:\Users\Lenovo\.openjfx\cache\19-ea+7\amd64\prism_d3d.dll
0x00007ff8f85d0000 - 0x00007ff8f8797000 	C:\Windows\system32\d3d9.dll
0x00007ff93ed40000 - 0x00007ff93ed6d000 	C:\Windows\SYSTEM32\dwmapi.dll
0x00007ff93f550000 - 0x00007ff93f570000 	C:\Windows\SYSTEM32\dxcore.dll
0x00007ff93e920000 - 0x00007ff93e9b9000 	C:\Windows\system32\uxtheme.dll
0x00007ff937cb0000 - 0x00007ff937e8b000 	C:\Windows\System32\DriverStore\FileRepository\u0361456.inf_amd64_23e88333e0901bd6\B358570\aticfx64.dll
0x00007ff92ebe0000 - 0x00007ff92ec13000 	C:\Windows\System32\DriverStore\FileRepository\u0361456.inf_amd64_23e88333e0901bd6\B358570\atiu9p64.dll
0x00007ff89eb00000 - 0x00007ff89f796000 	C:\Windows\System32\DriverStore\FileRepository\u0361456.inf_amd64_23e88333e0901bd6\B358570\atiumd64.dll
0x00007ff942d70000 - 0x00007ff942ec7000 	C:\Windows\System32\ole32.dll
0x00000000570e0000 - 0x0000000057f59000 	C:\Windows\System32\DriverStore\FileRepository\u0361456.inf_amd64_23e88333e0901bd6\B358570\atiumd6a.dll
0x00007ff9357b0000 - 0x00007ff9357df000 	C:\Windows\SYSTEM32\amdihk64.dll
0x00007ff8f9920000 - 0x00007ff8f9962000 	C:\Users\Lenovo\.openjfx\cache\19-ea+7\amd64\glass.dll
0x00007ff943240000 - 0x00007ff943310000 	C:\Windows\System32\COMDLG32.dll
0x00007ff943890000 - 0x00007ff943955000 	C:\Windows\System32\OLEAUT32.dll
0x00007ff9422a0000 - 0x00007ff9423d5000 	C:\Windows\System32\MSCTF.dll
0x00007ff9173e0000 - 0x00007ff9173f4000 	C:\Users\Lenovo\.openjfx\cache\19-ea+7\amd64\javafx_font.dll
0x00007ff911bb0000 - 0x00007ff911eae000 	C:\Windows\SYSTEM32\dwrite.dll
0x00007ff943310000 - 0x00007ff9433b2000 	C:\Windows\System32\clbcatq.dll
0x00007ff93c2d0000 - 0x00007ff93c47f000 	C:\Windows\SYSTEM32\WindowsCodecs.dll
0x00007ff90f060000 - 0x00007ff90f09b000 	C:\Windows\system32\dataexchange.dll
0x00007ff93d800000 - 0x00007ff93da5b000 	C:\Windows\system32\d3d11.dll
0x00007ff93dec0000 - 0x00007ff93e09d000 	C:\Windows\system32\dcomp.dll
0x00007ff93f5e0000 - 0x00007ff93f6cb000 	C:\Windows\system32\dxgi.dll
0x00007ff93e9f0000 - 0x00007ff93ec4a000 	C:\Windows\system32\twinapi.appcore.dll
0x00007ff93ef10000 - 0x00007ff93ef39000 	C:\Windows\system32\RMCLIENT.dll
0x00007ff917360000 - 0x00007ff917393000 	C:\Program Files\Common Files\Microsoft Shared\Ink\rtscom.dll
0x00007ff9197d0000 - 0x00007ff91986b000 	C:\Windows\System32\TextInputFramework.dll
0x00007ff93e470000 - 0x00007ff93e544000 	C:\Windows\System32\CoreMessaging.dll
0x00007ff93c7d0000 - 0x00007ff93cafa000 	C:\Windows\System32\CoreUIComponents.dll
0x00007ff93f950000 - 0x00007ff93f981000 	C:\Windows\SYSTEM32\ntmarta.dll
0x00007ff93c670000 - 0x00007ff93c7c2000 	C:\Windows\SYSTEM32\wintypes.dll
0x00007ff932a20000 - 0x00007ff932cc7000 	C:\Windows\System32\iertutil.dll

dbghelp: loaded successfully - version: 4.0.5 - missing functions: none
symbol engine: initialized successfully - sym options: 0x614 - pdb path: .;C:\Users\Lenovo\.jdks\openjdk-19\bin;C:\Windows\SYSTEM32;C:\Program Files\Avast Software\Avast;C:\Windows\WinSxS\amd64_microsoft.windows.common-controls_6595b64144ccf1df_6.0.18362.1556_none_9e7e372fe45e41d5;C:\Users\Lenovo\.jdks\openjdk-19\bin\server;C:\Program Files\JetBrains\IntelliJ IDEA 2022.2.2\bin;C:\Users\Lenovo\.openjfx\cache\19-ea+7\amd64;C:\Windows\System32\DriverStore\FileRepository\u0361456.inf_amd64_23e88333e0901bd6\B358570;C:\Program Files\Common Files\Microsoft Shared\Ink

VM Arguments:
jvm_args: -javaagent:C:\Program Files\JetBrains\IntelliJ IDEA 2022.2.2\lib\idea_rt.jar=1034:C:\Program Files\JetBrains\IntelliJ IDEA 2022.2.2\bin -Dfile.encoding=UTF-8 -Dsun.stdout.encoding=UTF-8 -Dsun.stderr.encoding=UTF-8 --module-path=C:\Users\Lenovo\.m2\repository\org\openjfx\javafx-base\19-ea+7\javafx-base-19-ea+7-win.jar;C:\Program Files\Java\postgresql-42.5.0.jar;C:\Users\Lenovo\.m2\repository\org\openjfx\javafx-controls\19-ea+7\javafx-controls-19-ea+7-win.jar;C:\Users\Lenovo\.m2\repository\org\openjfx\javafx-fxml\19-ea+7\javafx-fxml-19-ea+7-win.jar;D:\Курсовая (5 семестр)\InternetCommerce\target\classes;C:\Users\Lenovo\.m2\repository\org\openjfx\javafx-graphics\19-ea+7\javafx-graphics-19-ea+7-win.jar -Djdk.module.main=com.example.internetcommerce 
java_command: com.example.internetcommerce/com.example.internetcommerce.client.Client
java_class_path (initial): C:\Users\Lenovo\.m2\repository\org\openjfx\javafx-controls\19-ea+7\javafx-controls-19-ea+7.jar;C:\Users\Lenovo\.m2\repository\org\openjfx\javafx-graphics\19-ea+7\javafx-graphics-19-ea+7.jar;C:\Users\Lenovo\.m2\repository\org\openjfx\javafx-base\19-ea+7\javafx-base-19-ea+7.jar;C:\Users\Lenovo\.m2\repository\org\openjfx\javafx-fxml\19-ea+7\javafx-fxml-19-ea+7.jar
Launcher Type: SUN_STANDARD

[Global flags]
     intx CICompilerCount                          = 4                                         {product} {ergonomic}
     uint ConcGCThreads                            = 2                                         {product} {ergonomic}
     uint G1ConcRefinementThreads                  = 8                                         {product} {ergonomic}
   size_t G1HeapRegionSize                         = 1048576                                   {product} {ergonomic}
    uintx GCDrainStackTargetSize                   = 64                                        {product} {ergonomic}
   size_t InitialHeapSize                          = 100663296                                 {product} {ergonomic}
   size_t MarkStackSize                            = 4194304                                   {product} {ergonomic}
   size_t MaxHeapSize                              = 1595932672                                {product} {ergonomic}
   size_t MaxNewSize                               = 957349888                                 {product} {ergonomic}
   size_t MinHeapDeltaBytes                        = 1048576                                   {product} {ergonomic}
   size_t MinHeapSize                              = 8388608                                   {product} {ergonomic}
    uintx NonNMethodCodeHeapSize                   = 5839372                                {pd product} {ergonomic}
    uintx NonProfiledCodeHeapSize                  = 122909434                              {pd product} {ergonomic}
    uintx ProfiledCodeHeapSize                     = 122909434                              {pd product} {ergonomic}
    uintx ReservedCodeCacheSize                    = 251658240                              {pd product} {ergonomic}
     bool SegmentedCodeCache                       = true                                      {product} {ergonomic}
   size_t SoftMaxHeapSize                          = 1595932672                             {manageable} {ergonomic}
     bool UseCompressedClassPointers               = true                           {product lp64_product} {ergonomic}
     bool UseCompressedOops                        = true                           {product lp64_product} {ergonomic}
     bool UseG1GC                                  = true                                      {product} {ergonomic}
     bool UseLargePagesIndividualAllocation        = false                                  {pd product} {ergonomic}

Logging:
Log output configuration:
 #0: stdout all=off uptime,level,tags foldmultilines=false
 #1: stderr all=off uptime,level,tags foldmultilines=false

Environment Variables:
JAVA_HOME=C:\Program Files\Java\jdk-17.0.2
PATH=C:\Program Files (x86)\Rational\common;C:\Program Files\Git\cmd;C:\Program Files\Microsoft\Web Platform Installer\;C:\Program Files (x86)\Microsoft ASP.NET\ASP.NET Web Pages\v1.0\;C:\Program Files\Microsoft SQL Server\110\Tools\Binn\;C:\Program Files\dotnet\;C:\Program Files\Java\apache-maven-3.8.6\bin;C:\Users\Lenovo\AppData\Local\Microsoft\WindowsApps;C:\Program Files\JetBrains\IntelliJ IDEA Community Edition 2021.3.3\bin;;C:\Program Files\Azure Data Studio\bin;C:\Program Files\JetBrains\IntelliJ IDEA 2022.2.2\bin;;C:\Users\Lenovo\.dotnet\tools;C:\Program Files\Java\apache-maven-3.8.6\bin;
USERNAME=Lenovo
OS=Windows_NT
PROCESSOR_IDENTIFIER=AMD64 Family 23 Model 24 Stepping 1, AuthenticAMD
TMP=C:\Users\Lenovo\AppData\Local\Temp
TEMP=C:\Users\Lenovo\AppData\Local\Temp



---------------  S Y S T E M  ---------------

OS:
 Windows 10 , 64 bit Build 18362 (10.0.18362.1500)
OS uptime: 7 days 5:27 hours

CPU: total 8 (initial active 8) (8 cores per cpu, 2 threads per core) family 23 model 24 stepping 1 microcode 0x0, cx8, cmov, fxsr, ht, mmx, 3dnowpref, sse, sse2, sse3, ssse3, sse4a, sse4.1, sse4.2, popcnt, lzcnt, tsc, tscinvbit, avx, avx2, aes, clmul, bmi1, bmi2, adx, sha, fma, vzeroupper, clflush, clflushopt, rdtscp

Memory: 4k page, system-wide physical 6082M (1141M free)
TotalPageFile size 19906M (AvailPageFile size 7113M)
current process WorkingSet (physical memory assigned to process): 125M, peak: 140M
current process commit charge ("private bytes"): 243M, peak: 266M

vm_info: OpenJDK 64-Bit Server VM (19+36-2238) for windows-amd64 JRE (19+36-2238), built on 2022-08-12T20:29:01Z by "mach5one" with MS VC++ 17.1 (VS2022)

END.
